1 1549 1 411
237 1994 6 2000
1796 1983 9 2000
358 1983 10 863
1050 1994 11 1201
1801 1983 11 2000
820 922 15 2000
373 1994 17 650
27 1994 20 2000
199 1994 21 2000
612 1983 22 1567
1410 1994 25 2000
347 1847 28 2000
1777 1943 28 1940
78 1983 29 2000
588 1994 29 1998
1819 1983 31 1998
603 1994 34 978
259 1983 35 1998
3 1994 39 375
831 1983 40 2000
1307 1983 42 1998
1461 1994 43 2000
1906 1983 47 789
495 1994 49 1032
791 1994 50 246
1164 1994 52 2000
1134 1196 53 2000
1295 1983 53 708
428 1994 56 2000
305 1983 61 2000
1648 1654 63 1996
748 1983 65 1237
1862 1994 66 1563
1727 1994 67 2000
364 1994 69 868
670 1983 69 2000
749 1641 70 2000
1421 1994 71 2000
1374 1983 73 1998
1528 1994 75 1998
471 1549 78 1237
1197 1983 81 371
575 1994 85 2000
1650 1994 89 99
1452 1994 91 1752
1683 1994 93 2000
539 1568 94 2000
1984 1994 94 116
320 1994 95 2000
1073 1994 97 757
1071 1983 101 1998
1705 1994 103 1491
1583 1983 105 2000
849 1994 107 2000
334 1994 109 2000
574 1495 114 2000
1348 1440 117 663
1420 1983 118 1998
205 1994 119 2000
106 1994 123 2000
186 1419 125 2000
1832 1994 127 2000
790 1994 128 419
494 1994 132 2000
250 816 133 1998
672 932 133 2000
1984 1994 133 138
1960 1994 135 2000
874 1553 139 2000
246 1994 141 2000
1823 1994 142 2000
635 1010 144 2000
1984 1994 144 152
1087 1994 145 2000
447 1994 152 2000
85 209 153 2000
753 1009 154 2000
550 1983 155 1998
661 1994 158 2000
1089 1994 161 1966
715 1994 162 2000
819 1983 164 1032
1740 1994 164 2000
1776 1994 166 2000
1770 1994 171 2000
1057 1983 175 1998
1545 1994 188 2000
177 1994 189 2000
857 1994 193 1954
295 1994 196 2000
298 1983 197 2000
1189 1994 203 2000
390 1201 208 2000
1102 1994 209 1897
41 1994 211 1437
1539 1994 212 2000
281 1994 213 2000
920 1994 220 803
853 1994 221 2000
206 1983 228 2000
1629 1994 230 676
333 1983 234 1998
224 1994 236 2000
1890 1994 237 2000
50 1797 239 2000
786 1469 240 2000
1984 1994 240 246
409 1983 242 1601
1945 1983 244 2000
316 1532 249 2000
1984 1994 249 249
424 1886 250 2000
1473 1994 251 2000
858 962 252 2000
1688 1994 255 2000
777 1983 256 2000
607 1983 268 1998
948 1994 268 2000
668 1476 269 1718
825 1994 274 2000
1056 1293 274 1998
1958 1994 275 2000
705 1545 280 2000
1003 1983 284 2000
734 1983 285 2000
831 1994 286 1998
636 1994 288 2000
888 1293 291 2000
637 1994 292 1998
729 1994 295 2000
1757 1994 296 1145
935 1983 297 2000
1028 1994 299 2000
938 1994 300 2000
785 1983 301 2000
837 1658 301 815
487 1994 302 1998
852 1983 302 2000
1402 1994 303 2000
1312 1612 304 2000
854 1646 306 1998
1610 1983 307 390
435 1994 310 1998
846 1983 310 1385
666 1983 313 2000
833 1994 317 2000
1732 1994 318 2000
1376 1994 325 2000
774 1983 329 2000
415 1994 330 1118
421 1983 333 2000
1696 1994 333 1964
957 1983 336 1998
1597 1994 337 2000
356 1994 343 2000
242 1983 344 1940
883 1994 346 2000
481 1983 347 1571
1007 1994 347 1722
71 1994 350 2000
656 1983 352 2000
1751 1994 353 742
941 1994 358 2000
518 1994 363 2000
378 611 364 1048
1109 1994 365 2000
514 1983 372 2000
1059 1290 373 2000
1984 1994 373 399
856 1819 379 1190
1335 1983 382 1998
394 1983 388 2000
1593 1994 389 456
187 1994 393 1477
546 1983 396 2000
1583 1847 398 1940
384 1329 400 2000
676 1994 401 2000
119 1594 404 2000
916 1994 405 2000
710 1983 407 1650
1627 1994 407 2000
21 1994 408 2000
191 1549 411 856
1196 1983 413 1913
1681 1983 414 1998
1802 1994 418 2000
309 1983 426 1128
622 1118 427 1998
780 1301 429 2000
1984 1994 429 436
818 1983 430 2000
932 1983 432 1998
1693 1983 434 2000
1956 1994 435 1040
1043 1643 437 2000
1149 1994 438 2000
330 1983 439 2000
1137 1994 440 2000
978 1994 441 2000
1131 1983 448 1996
1712 1994 450 709
1237 1793 451 1966
289 1605 452 2000
1697 1983 454 898
794 1960 456 2000
1984 1994 456 457
973 1122 458 2000
934 1502 461 1311
1119 1994 462 1998
32 1994 465 1809
1747 1983 465 2000
448 1983 470 1142
1468 1983 472 2000
497 1994 474 2000
397 1983 475 2000
932 1994 477 2000
1774 1983 480 2000
982 1786 483 2000
1161 1983 483 655
1880 1983 490 1776
1920 1983 494 1998
763 1994 496 2000
473 1983 497 1998
322 1994 501 2000
389 1994 502 1998
1159 1983 502 2000
1246 1994 508 2000
454 1994 511 2000
1202 1983 513 1998
1519 1994 515 911
247 324 518 2000
1596 1780 519 2000
38 1983 521 2000
6 834 522 2000
1077 1748 522 2000
1324 1983 523 1998
140 1983 529 1998
1638 1983 530 542
171 1994 532 2000
1058 1994 539 2000
1238 1983 540 2000
1993 1994 541 2000
249 1983 543 1504
331 1983 546 2000
1726 1878 547 2000
1984 1994 547 593
52 1994 549 1724
255 1983 550 2000
755 1983 551 939
50 1830 553 1607
1594 1983 556 893
28 1983 557 739
695 1847 564 1940
1651 1994 564 1314
14 708 565 1946
1399 1994 566 2000
173 1335 567 2000
1303 1994 568 1852
840 1994 570 2000
300 1983 571 1998
1076 1994 573 2000
946 1994 579 2000
1406 1994 582 2000
1052 1994 583 2000
344 1343 594 2000
1528 1983 602 2000
776 1994 604 2000
1742 1983 609 2000
391 1994 610 2000
474 1983 611 1998
469 739 612 647
1060 1994 615 2000
1544 1994 622 2000
456 1983 623 1828
432 1994 624 749
258 1983 627 1940
1454 1994 628 2000
1839 1983 628 1620
577 985 632 2000
783 1994 635 2000
1179 1983 638 2000
167 1983 647 1940
740 1983 648 1998
97 1994 650 1802
1808 1983 651 1940
1097 1983 653 2000
264 1983 654 2000
418 1994 656 2000
1264 1983 657 2000
308 1994 658 2000
1106 1983 659 1379
1543 1994 659 763
341 1173 660 2000
1984 1994 660 675
1812 1994 662 2000
1441 1983 664 805
976 1026 676 2000
1984 1994 677 678
625 1219 679 1998
1408 1994 685 2000
1471 1983 687 1429
1803 1994 688 1648
1297 1983 689 1998
288 1994 691 2000
1036 1983 693 1087
1503 1809 697 1311
1469 1983 699 1998
1382 1994 702 2000
266 1983 703 1998
1030 1194 704 2000
1614 1994 707 2000
195 1994 708 1376
1089 1983 709 1998
1984 1994 710 730
1367 1983 718 1391
338 1983 719 2000
1558 1983 721 2000
1952 1983 722 2000
1753 1777 728 1237
804 1385 731 2000
65 1994 736 1762
466 1395 737 1414
1984 1994 737 761
1665 1983 740 932
141 1994 749 1940
606 1847 749 2000
1285 1983 750 2000
467 1983 751 1998
1025 1994 754 2000
813 1889 755 1859
954 1683 758 2000
697 1994 761 2000
440 1053 762 1998
1794 1994 767 1966
172 1060 768 1237
1550 1983 768 909
793 1994 769 2000
1166 1983 775 1998
1571 1983 778 2000
252 1983 779 2000
1975 1994 783 842
1139 1983 784 2000
1096 1994 786 2000
711 1994 791 2000
1531 1983 793 1998
19 1983 794 2000
1222 1983 795 1998
1348 1994 795 2000
111 1994 796 2000
458 1994 800 1303
205 1847 803 1071
340 1983 804 2000
1714 1983 806 2000
55 1983 808 2000
1659 1994 816 1998
120 1983 823 2000
1584 1994 823 1998
1961 1994 824 1882
1384 1994 830 1874
1535 1983 831 2000
790 1847 833 1940
1824 1983 835 2000
1650 1994 837 2000
1529 1983 838 2000
542 1983 841 1865
624 636 847 2000
515 1994 851 2000
862 1549 856 2000
478 1994 860 984
967 1983 860 2000
258 1612 864 1998
572 1994 864 1252
1275 1983 867 2000
1938 1994 870 2000
463 1983 871 2000
694 1983 873 2000
132 1994 874 2000
608 1983 876 1210
937 1994 877 2000
1810 1983 881 2000
1732 1983 882 1998
477 1185 885 1998
1504 1994 891 2000
1635 1994 894 2000
1398 1994 896 2000
215 1994 897 2000
1400 1994 903 2000
522 1994 908 2000
567 1994 910 1998
584 1983 911 1998
1984 1994 912 929
345 1994 914 2000
1546 1994 918 1725
766 1983 919 1998
756 1983 922 2000
1437 1983 927 1117
904 1994 929 2000
395 1064 930 2000
291 1983 931 940
1984 1994 933 937
1500 1994 937 991
96 614 938 2000
1186 1231 939 1998
1606 1994 941 1489
1173 1994 943 2000
598 1772 948 1998
1054 1983 955 2000
1936 1983 960 2000
1344 1994 962 1998
63 1876 964 2000
164 1983 965 2000
706 1994 965 1575
1291 1983 966 1998
488 1983 967 1940
1284 1983 968 1998
386 1983 970 1229
1695 1994 970 2000
75 1983 973 1644
1010 1994 973 2000
7 72 975 2000
641 708 975 1998
1151 1994 976 2000
1734 1983 977 2000
1079 1994 978 2000
1692 1994 980 2000
1008 1987 986 2000
228 1994 987 2000
1015 1983 989 1998
1567 1777 995 2000
327 1994 998 1419
1847 1994 999 1940
1895 1983 1001 2000
1392 1610 1008 2000
1984 1994 1008 1051
561 1983 1011 1348
100 1994 1012 1679
459 1994 1014 2000
190 1994 1017 2000
512 1994 1018 2000
403 1994 1019 2000
1549 1753 1020 1237
1097 1994 1021 1998
91 1983 1029 1998
571 1753 1040 1237
103 1994 1042 2000
174 1983 1044 1998
1640 1983 1045 1998
1303 1983 1046 2000
612 1994 1049 1998
924 1753 1052 2000
1711 1994 1062 2000
1229 1983 1066 2000
197 1505 1067 1940
571 1847 1067 2000
1984 1994 1067 1075
1848 1983 1072 1176
653 1994 1074 1891
135 177 1076 2000
399 1983 1079 1790
510 1559 1081 2000
1014 1983 1082 1998
1548 1994 1083 2000
349 1983 1085 2000
446 1584 1086 2000
495 1994 1088 1998
393 1994 1091 2000
508 1994 1098 2000
184 1983 1101 2000
1489 1994 1102 2000
569 1994 1104 2000
511 1933 1105 2000
1984 1994 1105 1107
307 1216 1108 1998
1756 1765 1109 1998
1407 1983 1111 1833
1370 1983 1114 2000
1423 1994 1117 2000
1984 1994 1118 1142
350 1983 1122 2000
67 536 1125 2000
1858 1983 1125 2000
214 1994 1126 2000
433 1994 1129 2000
317 1624 1132 1998
262 1983 1133 1998
1022 1994 1134 2000
915 1983 1138 2000
707 1994 1139 1548
1643 1994 1140 2000
1984 1994 1146 1236
1964 1994 1147 2000
1496 1983 1148 1878
1444 1994 1153 2000
1607 1983 1154 2000
517 1983 1158 2000
1838 1994 1159 2000
690 1846 1162 1484
726 1994 1164 2000
180 1983 1169 1998
1730 1994 1173 2000
841 1994 1177 2000
1163 1843 1181 2000
1361 1983 1182 1998
732 1847 1184 1940
1820 1983 1191 1998
1012 1983 1193 2000
657 1983 1194 2000
760 1994 1195 2000
724 1983 1196 2000
1380 1994 1199 2000
1215 1994 1200 2000
240 1994 1201 1792
8 1847 1202 2000
1311 1983 1203 2000
1063 1309 1204 2000
109 956 1205 1824
400 1983 1207 2000
94 1994 1210 2000
213 1994 1213 2000
383 1994 1214 2000
1466 1983 1215 2000
761 1994 1221 2000
1050 1994 1222 1734
1064 1983 1225 1968
459 1949 1227 1867
180 877 1229 2000
1752 1983 1232 2000
1175 1777 1237 1705
1438 1774 1237 1940
862 1060 1238 1611
216 1994 1241 2000
823 1994 1244 2000
1217 1994 1256 1998
1443 1983 1260 1355
336 735 1262 2000
1482 1994 1263 2000
1019 1994 1267 2000
1553 1994 1268 2000
1214 1740 1269 1998
1724 1983 1274 2000
961 1994 1275 2000
1242 1983 1275 1998
1844 1983 1280 2000
955 1994 1281 2000
362 1983 1285 1998
200 1983 1288 2000
381 1983 1289 1447
194 1994 1292 2000
1157 1994 1293 2000
108 1983 1298 1510
1481 1994 1298 2000
1983 1994 1301 2000
230 1983 1302 1998
292 1983 1304 1940
60 1983 1308 1845
126 1994 1309 1388
460 1575 1310 2000
882 1049 1311 1998
1810 1994 1312 1998
386 1983 1313 1998
1772 1994 1320 2000
1219 1807 1324 1998
1002 1983 1326 1998
278 1994 1328 1696
158 1182 1329 2000
1704 1994 1331 2000
1783 1994 1337 2000
173 1994 1339 1341
799 1994 1340 2000
151 1994 1341 2000
351 1994 1343 2000
867 1278 1344 2000
1984 1994 1344 1359
828 1983 1346 1998
256 1994 1347 2000
929 1994 1350 1688
1766 1994 1352 1998
633 1983 1355 2000
985 1983 1359 1698
910 1607 1360 2000
315 1983 1368 2000
554 1983 1372 1998
527 1983 1374 1998
579 1983 1378 2000
1547 1994 1380 2000
1684 1994 1382 1768
589 1983 1384 2000
191 1844 1388 2000
492 1983 1392 2000
1502 1983 1395 1998
1493 1983 1397 2000
1207 1983 1398 2000
1922 1983 1399 2000
1190 1983 1405 1998
304 1994 1407 2000
1824 1994 1409 1998
1165 1994 1410 2000
339 1983 1412 2000
1221 1395 1415 2000
1577 1777 1417 1940
1984 1994 1420 1429
1326 1994 1424 2000
1211 1994 1427 2000
1970 1983 1431 2000
1578 1994 1435 2000
1699 1983 1438 2000
631 1983 1444 1998
105 1994 1445 1689
1984 1994 1448 1462
963 1983 1452 2000
1698 1994 1453 2000
507 1994 1456 2000
752 1842 1463 1774
321 1983 1470 2000
112 1983 1472 2000
353 1983 1482 2000
917 1994 1484 2000
1847 1983 1485 2000
1567 1994 1486 1940
458 1983 1493 2000
254 1983 1494 2000
1875 1983 1495 1563
504 1383 1497 1940
287 1983 1500 2000
1105 1994 1504 2000
682 1084 1511 2000
1317 1983 1515 1940
913 1994 1517 2000
673 1994 1519 2000
1006 1916 1521 2000
1984 1994 1521 1548
93 1994 1523 2000
499 1994 1524 2000
203 1983 1527 1940
1756 1983 1530 2000
964 1994 1532 2000
1867 1983 1534 1998
182 544 1535 2000
1499 1983 1539 2000
1811 1994 1546 2000
919 1994 1548 2000
413 1994 1550 2000
1121 1994 1551 2000
1067 1983 1552 2000
217 1983 1554 1998
1935 1983 1564 2000
1984 1994 1568 1601
610 1994 1571 2000
526 1994 1574 2000
56 1994 1584 2000
1305 1796 1592 1998
1480 1983 1593 2000
1246 1983 1594 1998
293 938 1601 2000
382 1994 1604 2000
311 1983 1605 2000
1831 1994 1608 1851
906 1441 1609 2000
1488 1983 1609 2000
1145 1994 1611 1998
1061 1994 1612 2000
361 1983 1613 1998
53 1983 1614 2000
1589 1983 1619 2000
750 1994 1621 1822
1080 1994 1622 2000
203 907 1628 2000
1848 1994 1628 2000
1075 1983 1629 1998
716 1983 1631 2000
486 1737 1632 2000
886 1994 1632 1998
411 1994 1634 1795
72 592 1637 2000
302 1994 1638 2000
462 1983 1640 2000
1506 1983 1646 1699
623 1994 1647 2000
1088 1983 1650 2000
358 1983 1653 2000
1559 1994 1654 2000
1039 1994 1658 2000
25 1994 1661 2000
136 1983 1667 1998
261 1994 1674 2000
653 1983 1678 2000
1984 1994 1680 1689
1145 1983 1681 2000
1395 1983 1683 1940
325 1994 1685 2000
1840 1983 1686 1998
880 1983 1691 2000
1475 1777 1692 1940
1984 1994 1699 1705
1948 1994 1700 2000
445 1777 1706 2000
822 1983 1707 2000
935 1994 1708 1855
80 876 1713 2000
1984 1994 1713 1725
1418 1994 1717 2000
1477 1994 1719 2000
110 1994 1721 2000
392 1994 1722 1813
1563 1983 1730 2000
185 1994 1732 2000
582 1994 1733 2000
620 1994 1736 2000
1129 1994 1743 2000
545 1983 1752 1897
1984 1994 1753 1779
1807 1994 1755 2000
1343 1994 1759 2000
1676 1994 1761 2000
960 1983 1763 2000
1924 1994 1773 2000
1843 1994 1775 2000
1591 1666 1780 2000
1771 1994 1783 2000
567 1983 1784 2000
420 777 1789 2000
1603 1808 1791 2000
1984 1994 1793 1824
624 1983 1795 1998
1272 1994 1798 2000
801 1983 1799 2000
1573 1983 1800 2000
84 331 1801 2000
1385 1994 1801 2000
1263 1994 1804 2000
250 1625 1805 2000
1789 1983 1812 1907
1978 1983 1820 2000
549 1983 1822 1940
696 956 1825 2000
187 1994 1831 2000
750 1983 1833 1998
122 1994 1837 2000
1148 1994 1844 2000
1336 1994 1845 1998
1845 1983 1845 2000
1093 1983 1848 1901
1225 1994 1854 2000
1516 1983 1855 2000
1118 1994 1856 2000
1890 1994 1860 1876
198 1983 1865 2000
1984 1994 1866 1876
1950 1983 1868 2000
449 1983 1875 2000
1984 1994 1879 1882
747 1994 1888 2000
1192 1454 1889 1998
1053 1983 1890 1998
1871 1983 1895 1998
1074 1994 1899 2000
1298 1983 1904 2000
809 1994 1911 2000
1195 1994 1919 2000
29 1994 1924 2000
516 1983 1924 1998
1641 1983 1927 2000
263 1983 1928 2000
755 1983 1936 1998
1230 1994 1938 2000
1741 1983 1940 2000
75 1049 1941 1998
1102 1419 1941 2000
1443 1772 1941 1998
1606 1609 1941 2000
1775 1943 1941 2000
1839 1994 1941 1998
197 1994 1945 2000
1621 1994 1946 2000
709 1983 1947 1998
175 1994 1948 2000
114 828 1949 2000
759 1983 1953 2000
1359 1983 1958 2000
562 1983 1959 2000
479 1983 1963 2000
1290 1975 1964 2000
1984 1994 1964 1964
1984 1994 1967 1968
188 1983 1973 1998
708 1994 1983 2000
1892 1983 1987 1998
406 1994 1990 2000
461 1983 1991 1998
1655 1994 1997 2000
253 1983 1998 2000
41 248 1999 2000
291 308 1999 2000
448 455 1999 2000
608 818 1999 2000
1036 1063 1999 2000
1085 1219 1999 2000
1232 1293 1999 2000
1384 1505 1999 2000
1594 1594 1999 2000
1613 1624 1999 2000
1789 1796 1999 2000
1798 1807 1999 2000
1906 1994 1999 2000
806
