19 38 1 20
57 74 1 61
29 32 2 29
51 54 2 34
62 95 2 20
18 60 4 10
39 68 4 60
47 76 4 9
14 71 5 27
39 60 6 21
37 51 7 10
25 90 8 10
4 38 9 54
9 91 9 57
22 41 9 41
87 90 9 98
1 76 10 32
20 77 10 41
7 63 11 43
39 62 12 33
84 88 12 18
28 62 13 50
54 100 14 74
17 70 16 24
25 27 16 91
30 80 16 25
34 72 17 55
61 85 17 74
67 80 17 62
34 56 18 21
8 49 19 73
37 51 19 55
62 80 20 24
4 68 21 84
13 79 21 73
31 44 21 71
54 95 21 77
19 56 22 63
4 47 23 60
24 42 23 85
32 46 23 42
41 70 24 66
22 48 25 81
15 89 26 48
39 49 26 27
93 99 26 84
26 65 27 38
77 81 27 67
16 41 28 89
29 86 28 32
45 47 28 52
11 39 29 83
50 53 29 63
60 77 29 90
11 50 30 90
1 14 31 41
40 43 33 56
76 97 34 59
41 99 35 87
50 64 35 57
42 99 36 71
64 82 36 43
79 93 36 85
26 41 37 88
73 83 37 55
65 69 38 71
56 89 39 41
73 80 39 43
46 62 40 100
69 86 40 48
15 77 42 90
23 95 42 60
11 21 44 48
16 80 44 97
38 89 44 94
54 76 45 54
28 80 47 51
7 60 48 74
1 86 49 97
36 80 52 97
48 99 53 63
71 74 53 74
84 95 53 85
39 60 54 74
45 76 55 100
27 43 56 86
33 51 56 57
57 64 56 63
64 95 56 85
25 49 57 74
44 76 57 97
45 51 58 71
62 76 61 63
75 95 61 68
25 96 63 88
74 80 63 97
86 99 63 74
7 89 64 73
11 100 66 84
19 70 67 87
90 95 69 94
66 70 71 98
52 86 72 91
35 97 74 81
90 99 74 84
47 82 75 84
94 99 75 85
78 95 78 84
4 38 80 90
4 28 83 97
29 82 85 97
96 100 85 94
73 99 86 90
71 99 88 100
7 49 91 96
100 100 91 100
62 86 92 96
14 71 93 95
83 100 95 97
50 86 97 97
77 100 98 100
121
