41 56 1 889
186 200 2 846
115 126 3 850
136 146 15 860
35 860 16 26
874 889 30 726
139 882 38 49
566 580 39 829
776 788 42 792
479 491 61 724
126 824 63 78
453 466 69 900
594 608 77 729
825 835 79 875
334 343 81 871
753 764 81 730
641 651 83 874
377 390 85 871
315 325 90 844
291 306 91 763
62 769 93 108
544 553 99 841
689 700 102 762
430 439 104 753
358 367 119 837
713 725 122 781
148 864 123 132
240 250 128 793
90 105 129 897
67 79 131 841
520 533 133 858
401 415 136 755
800 812 136 857
213 226 139 862
123 747 143 154
13 27 147 830
500 509 150 802
621 632 153 825
142 724 168 183
159 172 169 741
263 276 169 737
663 678 170 738
735 744 173 811
849 861 178 723
48 774 198 208
70 788 218 229
116 726 243 252
3 807 264 277
22 749 291 302
168 796 312 322
58 821 331 344
170 842 354 367
51 858 379 392
41 778 402 417
87 855 426 438
71 850 447 458
94 772 472 481
145 746 491 502
107 724 514 526
25 861 536 547
138 782 556 569
70 739 582 594
140 762 606 615
118 754 627 640
162 775 654 663
151 831 674 687
58 768 698 712
162 804 725 738
76 806 751 761
171 830 776 790
107 890 800 812
8 723 827 836
34 777 846 857
170 862 866 880
74
