65 128 1 64
32 43 13 13
34 45 13 15
56 58 13 26
29 35 14 15
30 40 14 14
42 47 14 15
47 54 14 16
49 52 14 14
59 60 14 20
26 27 15 16
27 38 15 15
36 47 15 17
40 51 15 15
46 62 15 18
55 60 15 26
24 32 16 16
37 40 16 16
44 49 16 16
51 63 16 16
53 55 16 27
58 62 16 19
29 31 17 17
35 65 17 18
42 53 17 17
30 44 18 23
44 61 18 18
53 54 18 44
21 21 19 19
31 63 19 19
24 24 20 39
26 26 20 20
30 58 20 32
23 30 21 21
25 44 21 24
35 43 21 21
18 18 22 22
24 28 22 40
28 36 22 22
32 60 22 25
43 57 22 48
26 32 23 23
30 35 23 35
40 42 23 73
16 34 24 27
17 33 24 25
20 20 24 24
29 65 24 29
37 38 24 24
46 66 24 24
55 57 24 32
18 18 25 25
23 59 25 25
26 26 25 26
34 68 25 26
40 60 25 60
62 63 25 25
66 67 25 28
71 72 25 25
15 21 26 28
35 35 26 26
57 67 26 27
59 69 26 33
74 74 26 26
21 22 27 28
22 32 27 29
25 59 27 40
51 72 27 27
52 66 27 29
54 69 27 28
71 75 27 30
14 62 28 28
36 59 28 37
61 63 28 37
69 76 28 37
75 75 28 29
19 72 29 29
30 30 29 30
32 32 29 30
51 63 29 31
69 70 29 31
72 73 29 30
14 14 30 30
18 20 30 30
53 55 30 33
57 77 30 30
70 79 30 76
19 61 31 32
20 72 31 31
56 80 31 34
65 82 31 39
77 83 31 46
13 16 32 32
14 56 32 33
29 30 32 32
30 31 32 34
50 66 32 32
58 84 32 38
70 85 32 32
81 83 32 41
15 63 33 41
16 53 33 34
18 48 33 33
32 71 33 35
65 65 33 40
69 86 33 39
35 41 34 34
36 47 34 36
46 51 34 34
54 66 34 35
66 87 34 36
71 86 34 35
80 80 34 44
17 36 35 36
28 40 35 37
31 49 35 35
48 72 35 37
51 67 35 36
55 81 35 45
69 69 35 64
84 85 35 36
29 67 36 62
37 82 36 37
84 88 36 108
16 34 37 40
39 49 37 38
53 84 37 43
26 46 38 38
35 85 38 41
82 87 38 39
84 89 38 77
25 60 39 41
38 48 39 39
46 82 39 42
64 67 39 39
26 38 40 40
28 44 40 41
58 59 40 45
61 78 40 59
63 85 40 42
89 89 40 54
19 19 41 41
30 47 41 41
47 102 41 43
62 73 41 42
68 81 41 64
69 76 41 63
76 103 41 41
81 82 41 55
106 108 41 41
29 84 42 61
58 58 42 49
75 100 42 42
102 109 42 42
103 111 42 44
49 50 43 43
50 56 43 44
60 84 43 44
79 112 43 55
80 83 43 68
48 55 44 44
54 86 44 45
61 97 44 44
99 103 44 44
102 113 44 45
105 107 44 44
109 111 44 57
49 87 45 45
59 86 45 48
82 112 45 56
101 110 45 45
109 114 45 59
53 55 46 46
57 95 46 47
83 112 46 51
84 96 46 69
85 115 46 52
21 30 47 47
22 77 47 49
34 72 47 47
74 79 47 47
81 112 47 53
87 98 47 58
100 111 47 58
18 18 48 49
23 41 48 49
43 76 48 49
56 97 48 48
97 99 48 59
113 113 48 48
115 115 48 54
34 41 49 50
35 45 49 49
47 56 49 49
90 93 49 49
95 116 49 62
100 115 49 76
20 20 50 50
33 59 50 50
85 92 50 63
92 98 50 64
100 113 50 64
101 112 50 50
43 87 51 62
45 45 51 51
62 82 51 58
87 103 51 52
89 112 51 74
62 87 52 59
64 85 52 52
76 76 52 53
90 102 52 61
102 113 52 110
55 55 53 54
65 104 53 53
88 116 53 74
102 102 53 77
54 63 54 54
57 106 54 55
80 113 54 80
37 37 55 55
58 64 55 55
87 113 55 59
88 112 55 58
35 63 56 58
36 52 56 56
54 74 56 57
77 107 56 65
82 111 56 66
17 54 57 57
18 37 57 58
56 56 57 57
63 63 57 57
75 115 57 75
76 82 57 57
112 114 57 65
19 38 58 59
34 77 58 60
80 81 58 69
108 112 58 102
21 38 59 60
32 113 59 80
82 114 59 89
22 94 60 60
31 98 60 61
32 40 60 73
78 103 60 62
105 107 60 62
23 23 61 61
25 27 61 61
30 78 61 62
62 73 61 61
75 84 61 78
87 103 61 61
97 104 61 65
40 59 62 72
42 97 62 64
73 95 62 63
88 104 62 75
41 52 63 70
54 60 63 64
60 62 63 63
65 66 63 68
90 108 63 77
97 98 63 63
98 106 63 65
103 116 63 78
45 51 64 65
46 49 64 64
51 58 64 64
53 65 64 74
61 103 64 65
72 77 64 64
87 90 64 64
100 109 64 94
103 108 64 64
1 78 65 128
43 57 65 74
62 66 65 65
66 106 65 68
71 82 65 65
85 107 65 77
109 114 65 99
57 57 66 68
60 68 66 71
105 108 66 75
106 112 66 66
110 113 66 98
26 26 67 67
62 62 67 67
67 67 67 67
69 69 67 72
79 106 67 76
95 96 67 79
58 76 68 70
59 77 68 68
94 94 68 68
107 107 68 75
109 109 68 74
25 28 69 69
62 63 69 69
77 80 69 77
82 107 69 76
92 92 69 78
24 64 70 70
30 65 70 72
81 95 70 75
110 110 70 72
22 27 71 75
23 32 71 74
35 43 71 71
38 45 71 73
50 62 71 73
56 66 71 75
69 75 71 73
19 19 72 72
24 26 72 74
25 25 72 72
32 33 72 74
37 53 72 72
42 54 72 73
58 65 72 73
59 63 72 72
67 70 72 76
70 71 72 74
76 95 72 74
77 96 72 101
28 32 73 73
34 38 73 73
41 50 73 74
49 61 73 73
56 71 73 76
61 70 73 75
63 67 73 78
88 88 73 73
118 118 73 74
18 18 74 76
27 28 74 78
30 34 74 77
36 43 74 74
45 59 74 74
52 56 74 77
65 109 74 75
68 70 74 74
77 110 74 97
20 28 75 76
28 36 75 78
35 46 75 76
42 77 75 89
64 96 75 78
113 115 75 102
24 79 76 78
25 25 76 76
29 35 76 77
37 45 76 76
47 59 76 79
51 65 76 77
55 56 76 76
69 77 76 76
72 116 76 79
89 96 76 111
119 119 76 76
49 64 77 77
58 58 77 79
66 105 77 79
73 100 77 78
104 104 77 77
109 116 77 100
22 25 78 79
23 30 78 78
39 52 78 79
40 42 78 78
41 53 78 80
50 60 78 78
67 70 78 78
78 110 78 89
79 115 78 102
80 116 78 79
82 105 78 86
86 86 78 78
101 111 78 94
119 119 78 80
17 17 79 80
19 37 79 80
20 32 79 82
34 47 79 79
53 80 79 80
56 61 79 79
76 93 79 79
84 98 79 93
100 101 79 92
101 117 79 93
106 107 79 107
18 28 80 84
30 30 80 81
33 41 80 90
35 43 80 80
46 106 80 80
65 74 80 82
81 98 80 86
27 110 81 83
105 111 81 106
34 35 82 82
38 40 82 85
40 53 82 82
46 58 82 84
55 63 82 82
60 61 82 83
81 81 82 87
117 117 82 100
19 40 83 83
43 43 83 83
47 47 83 83
49 51 83 85
57 104 83 87
74 105 83 91
22 51 84 85
26 39 84 84
45 50 84 84
54 58 84 89
61 62 84 84
65 119 84 84
112 120 84 89
17 23 85 85
27 33 85 86
35 59 85 88
42 55 85 86
49 61 85 90
50 120 85 87
18 35 86 87
39 51 86 87
53 65 86 87
55 59 86 86
28 39 87 87
36 37 87 88
41 45 87 87
45 59 87 90
51 51 87 88
59 60 87 88
62 64 87 89
99 104 87 111
118 119 87 87
20 33 88 88
26 46 88 89
43 47 88 88
63 103 88 88
67 120 88 90
21 61 89 90
46 54 89 89
66 82 89 89
82 103 89 90
25 33 90 90
38 39 90 90
48 52 90 90
115 120 90 99
65 103 91 128
84 120 91 109
76 84 92 94
83 110 92 109
102 103 92 111
106 111 92 106
83 85 93 108
86 86 94 110
88 117 94 112
75 87 95 96
87 88 95 112
90 95 95 95
89 98 96 108
76 87 97 97
88 109 98 111
76 76 99 99
111 113 99 109
110 120 100 100
77 77 101 102
118 120 101 112
78 107 102 104
97 109 102 112
78 108 103 103
79 106 104 128
80 106 105 107
107 107 106 128
81 107 108 108
82 98 109 109
86 104 109 111
103 107 109 110
85 98 110 111
114 120 110 110
100 100 111 111
108 120 111 128
98 98 112 112
104 109 112 128
91 95 113 113
110 120 113 128
493
