38 434 1 203
40 356 1 290
111 210 1 8
141 252 1 410
54 429 2 355
77 97 2 177
142 363 2 495
403 479 2 269
446 494 2 146
2 363 3 297
50 142 3 145
60 323 3 208
199 302 3 247
57 156 5 308
202 432 5 216
354 488 5 172
379 446 6 44
54 464 8 324
103 185 8 205
252 258 8 292
25 284 9 94
313 477 9 209
66 416 10 226
276 299 10 491
70 346 11 276
76 312 12 207
366 439 13 375
7 100 14 421
98 467 14 425
252 269 14 69
290 407 14 124
319 350 15 468
188 320 16 333
9 168 17 276
23 420 17 418
6 55 18 181
32 149 18 178
364 365 18 271
138 477 19 229
450 452 19 157
68 174 20 341
133 319 20 255
94 156 21 34
100 278 21 351
192 341 21 319
128 190 23 400
75 140 24 356
183 469 24 386
100 307 25 205
118 434 25 410
142 348 25 169
189 307 26 257
96 329 28 453
199 204 28 214
268 370 28 414
6 324 29 128
348 430 29 284
387 412 29 498
220 461 30 259
50 170 31 355
38 211 32 251
82 340 32 478
268 274 32 91
81 122 33 51
136 236 33 346
155 493 34 81
283 390 34 364
305 494 34 112
6 300 35 122
116 214 35 410
184 270 35 179
393 423 35 470
135 457 36 403
231 331 36 490
8 292 37 420
57 437 38 498
56 268 39 158
159 426 39 339
10 353 40 308
156 385 40 300
207 494 40 388
412 493 40 62
134 338 41 72
369 481 41 485
30 376 43 234
164 401 43 271
35 447 44 131
115 395 44 126
241 304 45 199
18 33 47 176
53 210 47 497
64 202 47 106
40 419 49 286
75 389 49 201
98 492 49 144
118 442 49 462
28 394 50 192
192 371 50 170
21 129 52 382
368 385 52 178
140 188 53 420
286 399 53 114
363 417 53 380
16 119 54 153
178 402 56 366
294 374 56 311
295 349 56 225
33 285 58 168
304 359 58 408
21 80 59 194
142 232 59 441
341 446 59 99
32 338 60 136
84 394 60 296
116 297 60 372
264 265 60 240
358 488 60 272
16 373 61 260
89 128 61 230
208 309 61 231
357 412 61 402
14 382 63 283
78 107 63 101
99 238 63 426
103 269 63 102
190 293 63 233
43 335 64 348
105 309 64 125
420 456 64 153
22 146 65 80
362 473 65 115
26 492 67 177
125 444 68 369
340 388 68 466
75 179 69 416
186 338 70 181
210 329 70 270
272 279 70 254
23 153 71 200
2 233 72 344
177 215 72 329
425 477 72 110
492 499 72 424
74 179 73 231
145 153 73 165
420 434 73 101
50 211 74 196
196 416 74 459
48 162 75 255
178 361 77 445
127 391 78 186
137 166 78 423
146 438 78 404
184 269 80 102
394 412 80 240
170 221 81 463
75 230 82 289
195 499 83 398
18 245 84 137
83 424 84 209
210 333 85 232
374 442 85 191
264 387 87 198
372 433 87 379
334 445 88 280
349 463 88 344
79 153 89 285
41 91 90 260
76 327 90 132
129 203 90 405
181 395 90 373
259 290 90 388
41 179 91 361
363 437 91 161
216 262 93 204
193 376 94 484
17 426 95 499
241 329 96 240
319 446 96 193
237 280 97 214
33 141 98 477
131 321 98 348
51 268 99 193
260 266 99 359
310 399 99 358
207 357 101 306
85 434 102 199
182 325 102 141
13 70 103 260
35 266 103 406
43 315 103 270
182 468 103 212
358 433 103 306
190 414 104 243
34 151 105 111
96 308 105 411
216 231 105 412
133 254 106 123
232 234 106 389
11 28 107 245
37 290 107 244
344 440 107 484
119 302 108 267
89 415 109 155
146 289 110 473
226 263 110 309
94 278 111 119
189 394 111 202
195 346 111 419
133 326 112 260
178 382 112 135
241 313 112 424
22 392 113 414
134 406 113 118
155 494 113 271
112 489 114 176
231 493 114 280
59 86 115 178
160 234 116 468
4 447 117 477
82 281 117 318
21 279 118 222
176 286 118 247
428 445 119 342
34 200 120 337
192 442 120 301
279 359 121 126
46 241 122 235
138 177 124 428
38 493 125 378
8 226 126 456
219 397 126 492
340 442 127 334
357 472 127 191
378 487 127 227
47 240 128 281
241 433 129 357
271 406 129 331
9 11 131 148
96 236 131 494
215 261 131 342
37 144 133 139
198 205 133 342
164 243 135 224
179 350 135 197
181 415 135 311
50 382 136 160
242 380 136 177
8 332 138 497
110 272 138 413
323 331 138 381
31 222 139 218
60 429 140 468
190 328 140 278
225 233 140 214
433 437 140 194
80 414 141 216
236 290 141 466
30 286 142 320
218 486 142 396
354 435 142 302
36 64 143 466
199 352 144 318
354 424 145 354
134 405 147 429
275 443 147 444
371 385 147 340
15 379 148 345
193 288 153 190
97 400 154 432
233 387 155 444
26 130 156 238
153 438 156 229
317 454 156 485
9 327 157 255
88 497 157 377
311 329 157 357
98 242 158 322
117 151 158 421
360 488 158 410
8 43 159 198
127 407 159 276
229 328 159 199
175 413 161 243
178 382 161 428
9 269 162 174
62 491 164 435
158 234 164 237
225 243 165 293
309 327 165 180
184 214 166 212
327 382 167 192
27 347 168 220
5 416 169 255
64 413 170 395
9 28 171 210
212 362 171 395
215 233 171 277
54 299 172 184
152 165 172 435
80 96 173 384
238 394 175 311
299 462 175 205
7 404 176 317
127 498 178 232
163 194 178 271
150 188 180 234
271 412 180 363
269 368 181 357
378 500 181 266
333 394 184 488
348 423 185 448
185 384 187 481
37 453 188 349
86 332 188 215
187 278 188 356
484 491 191 474
55 271 192 456
72 373 193 342
80 382 193 387
67 414 196 251
287 470 197 334
24 343 199 250
387 435 199 268
44 318 200 346
137 378 200 329
387 434 200 211
54 301 201 384
233 452 202 320
347 499 202 419
97 175 203 371
164 335 203 308
468 476 203 260
173 353 204 256
359 395 204 426
59 349 205 427
132 462 205 314
310 408 205 470
121 461 206 370
122 168 207 276
72 155 209 499
57 60 210 456
231 270 210 397
391 494 210 496
327 445 211 316
3 394 212 344
85 434 212 286
215 468 213 462
234 429 215 446
407 479 216 498
69 390 217 496
98 329 218 448
65 347 220 498
220 268 221 309
4 269 223 259
63 297 223 372
309 406 223 270
59 125 224 404
179 352 224 262
15 201 225 474
37 152 228 367
428 437 230 401
10 116 231 423
318 408 232 352
219 375 233 369
294 468 234 292
76 432 235 385
159 292 235 293
317 328 236 423
105 484 238 306
129 378 238 455
170 380 238 336
303 320 238 278
362 412 238 320
148 344 241 344
270 412 241 292
31 161 242 433
438 477 242 401
33 280 243 294
134 328 243 332
161 364 243 435
87 488 244 409
130 401 244 419
1 288 247 344
116 309 247 379
92 203 249 488
313 498 249 276
48 431 254 427
176 472 256 462
344 417 256 340
152 235 258 374
275 398 258 398
368 490 258 339
72 231 261 473
77 159 263 483
188 420 263 355
55 129 266 389
102 456 267 325
306 475 268 405
229 348 271 362
195 314 272 452
458 494 272 354
81 321 273 387
293 488 273 311
403 458 273 435
85 385 274 366
422 439 274 304
5 47 277 292
169 355 277 456
235 254 277 389
200 356 278 493
465 500 278 459
37 328 279 342
14 389 281 388
303 493 281 397
88 376 284 328
150 188 284 403
232 302 284 365
354 360 286 472
349 481 287 361
435 442 287 410
138 254 290 298
155 230 290 326
280 326 291 325
44 263 292 328
309 421 293 427
413 468 293 363
145 205 294 468
66 107 298 411
105 481 298 451
304 431 298 350
255 427 299 389
287 341 300 307
262 387 301 461
287 431 301 464
15 318 302 445
94 361 302 346
109 444 302 471
443 488 302 489
49 486 305 457
38 235 307 350
171 311 311 328
234 374 311 436
240 392 312 375
358 488 312 424
430 488 313 388
272 328 314 315
6 218 324 343
97 300 324 325
116 482 324 429
446 453 324 331
393 491 325 410
231 402 327 363
315 387 327 452
9 372 328 461
118 172 328 429
312 343 329 371
406 406 329 371
364 427 330 341
138 201 336 403
388 402 337 452
116 327 338 424
143 280 340 344
392 463 340 399
217 316 341 416
417 435 342 411
206 348 343 468
329 373 343 436
192 361 347 497
445 488 348 471
298 488 350 372
312 374 350 483
275 474 352 382
202 246 353 436
208 408 353 470
163 494 355 419
2 481 357 399
57 493 358 373
282 315 360 391
376 380 360 441
168 202 361 492
130 256 362 490
209 426 364 465
403 468 364 452
145 295 365 470
391 493 365 496
123 302 366 474
211 267 368 454
49 112 371 495
166 406 372 483
483 488 373 429
177 443 374 492
17 217 376 422
27 333 378 392
27 347 379 385
23 63 383 384
29 199 383 402
79 463 383 397
214 232 384 493
249 259 384 445
75 374 385 401
374 382 388 436
28 62 389 439
316 391 389 475
303 427 390 474
303 344 394 403
143 149 396 469
271 493 398 408
143 499 399 452
9 477 402 441
202 477 404 428
385 398 405 407
9 218 407 456
304 427 407 496
424 493 409 470
284 347 410 480
443 491 411 462
74 420 412 413
150 281 417 472
223 256 418 481
495 499 420 496
57 325 421 429
370 478 422 467
102 465 424 472
179 372 424 469
230 496 425 458
328 488 425 429
82 388 426 487
383 477 429 436
6 438 437 446
375 477 437 483
226 287 438 493
4 241 439 474
260 286 440 456
70 403 441 450
132 174 442 450
356 477 442 456
171 406 443 446
344 452 445 455
407 429 447 483
340 473 450 496
10 354 452 486
469 499 453 462
274 323 454 480
326 469 454 480
219 477 457 496
492 499 463 470
150 490 464 500
349 429 469 473
494 499 471 496
362 488 472 497
232 429 474 474
428 429 475 496
430 477 484 496
478 488 490 497
555
