466 584 5 108
370 473 8 89
72 146 9 100
476 574 15 98
478 553 16 94
184 271 17 87
169 283 18 130
380 463 18 79
82 136 19 90
488 543 26 84
510 598 26 109
194 261 27 77
179 273 28 120
28 143 29 117
520 588 36 99
38 133 39 107
267 356 46 129
229 299 53 139
56 169 54 114
277 346 56 119
341 442 59 130
239 289 63 129
66 159 64 104
336 454 65 134
351 432 69 120
457 566 70 131
10 71 74 169
346 444 75 124
407 502 76 188
369 463 77 169
467 556 80 121
20 61 84 159
417 492 86 178
379 453 87 159
31 137 89 185
434 536 96 203
41 127 99 175
444 526 106 193
50 138 110 174
254 341 111 174
275 372 115 192
295 379 116 177
317 435 119 216
60 128 120 164
264 331 121 164
130 226 124 230
285 362 125 182
305 369 126 167
260 340 129 211
327 425 129 206
140 216 134 220
217 311 136 208
270 330 139 201
31 92 145 238
227 301 146 198
177 286 149 223
444 509 152 264
41 82 155 228
139 198 159 226
187 276 159 213
454 499 162 254
149 188 169 216
180 293 172 260
21 137 173 289
190 283 182 250
31 127 183 279
328 422 183 258
51 156 185 292
12 96 189 250
309 391 190 258
338 412 193 248
61 146 195 282
493 581 196 307
22 86 199 240
319 381 200 248
410 519 204 283
503 571 206 297
420 509 214 273
173 291 218 289
278 393 219 278
509 596 224 336
60 174 225 289
375 471 227 335
164 249 228 309
183 281 228 279
288 383 229 268
256 348 234 351
519 586 234 326
70 164 235 279
385 414 237 325
462 478 237 325
142 212 238 335
174 239 238 299
266 338 244 341
425 468 247 315
152 202 248 325
198 265 249 320
208 255 259 310
492 578 260 320
277 366 270 375
502 568 270 310
517 595 274 380
421 522 277 385
149 251 278 352
287 356 280 365
77 154 283 353
527 585 284 370
431 512 287 375
159 241 288 342
87 144 293 343
247 350 298 390
16 126 303 385
257 340 308 380
26 116 313 375
462 573 319 422
98 216 324 384
472 563 329 412
318 402 331 416
108 206 334 374
108 209 340 437
328 392 341 406
69 150 342 453
382 459 343 443
349 417 347 411
372 478 347 447
118 199 350 427
79 140 352 443
392 449 353 433
302 418 354 510
359 407 357 401
382 468 357 437
483 551 361 470
312 408 364 425
435 515 364 429
437 501 370 436
493 541 371 460
175 286 372 442
101 177 374 463
445 505 374 419
447 491 380 426
185 276 382 432
111 167 384 453
22 121 389 462
289 381 391 467
168 270 398 483
32 111 399 452
386 474 400 479
299 371 401 457
69 139 403 462
75 158 405 478
178 260 408 473
396 464 410 469
79 129 413 452
85 148 415 468
50 147 416 504
60 137 426 494
292 398 426 520
12 106 428 525
442 549 428 528
97 176 431 526
19 87 433 548
347 454 435 535
389 418 436 510
22 96 438 515
452 539 438 518
272 375 439 531
38 151 440 534
107 166 441 516
269 331 441 558
29 77 443 538
357 444 445 525
282 365 449 521
48 141 450 524
279 321 451 548
48 138 463 578
57 118 463 577
283 345 464 531
439 523 469 543
58 128 473 568
67 108 473 567
215 278 473 553
293 335 474 521
449 513 479 533
19 88 480 565
154 237 480 590
437 535 481 588
1 82 482 547
190 300 483 558
225 268 483 543
270 356 489 591
29 78 490 555
164 227 490 580
447 525 491 578
11 72 492 537
200 290 493 548
280 346 499 581
281 372 501 561
291 362 511 551
104 210 531 597
114 200 541 587
200
