40 190 1 76
336 382 6 81
487 533 6 81
43 193 14 89
643 718 14 164
1043 1118 22 172
615 690 25 175
394 469 27 177
423 498 30 180
782 857 33 183
866 1016 33 93
1105 1180 38 188
707 857 42 117
576 651 47 197
39 114 49 199
765 915 49 124
1251 1401 52 127
2 77 57 207
64 214 62 137
947 1097 63 138
709 859 66 141
887 1037 68 143
227 377 71 146
1330 1480 73 148
1325 1400 74 224
240 390 81 156
348 423 81 231
896 971 81 231
266 341 87 237
1160 1235 92 242
355 430 103 253
131 206 107 257
919 1069 108 183
866 1016 109 169
375 450 112 262
1351 1426 115 265
49 124 116 266
915 1065 120 195
109 259 129 204
470 620 130 205
70 220 131 206
893 1043 131 206
697 847 132 207
1128 1278 133 208
1096 1171 135 285
1109 1184 137 287
554 704 139 214
880 955 140 290
286 361 149 299
877 952 151 301
993 1068 152 302
1211 1361 152 227
997 1072 153 303
1087 1162 156 306
365 515 161 236
648 723 161 311
295 370 165 315
1045 1120 170 320
504 579 171 321
678 828 171 246
1050 1125 171 321
157 307 181 256
24 174 190 265
838 988 193 268
297 372 198 348
567 642 200 350
506 581 204 354
739 814 204 354
714 864 208 283
960 1035 210 360
1276 1351 224 374
812 962 228 303
513 663 240 315
543 693 244 319
1075 1150 247 397
1402 1477 247 397
385 535 252 327
1320 1395 252 402
1059 1209 255 330
604 679 259 409
363 438 261 411
1093 1243 267 342
269 344 273 423
1057 1132 273 423
1324 1474 273 348
671 746 275 425
905 1055 280 355
906 981 281 431
332 482 284 359
520 595 285 435
367 517 286 361
72 147 287 437
896 971 291 441
254 404 294 369
104 254 298 373
1243 1393 302 377
1296 1446 303 378
842 917 306 456
1182 1332 306 381
190 340 307 382
53 203 312 387
959 1109 312 387
550 700 313 388
845 995 315 390
3 78 319 469
38 188 319 394
1193 1268 319 469
626 701 325 475
1044 1119 327 477
1227 1377 342 417
45 120 343 493
766 841 344 494
397 547 345 420
32 107 348 498
1086 1236 348 423
1048 1198 349 424
1189 1339 354 429
44 119 355 505
403 478 356 506
895 1045 359 434
1122 1272 359 434
1200 1350 363 438
602 677 366 516
693 843 366 441
395 470 374 524
1283 1433 374 449
172 247 375 525
220 295 377 527
483 558 377 527
810 885 377 527
1195 1345 380 455
299 449 384 459
120 195 391 541
1005 1155 393 468
350 425 395 545
821 896 395 545
1334 1409 395 545
497 647 396 471
1309 1384 399 549
200 275 402 552
36 186 404 479
49 124 405 555
747 897 406 481
1140 1215 409 559
283 358 411 561
150 300 424 499
1024 1099 428 578
1334 1484 433 508
1362 1437 440 590
240 315 443 593
1145 1220 444 594
1397 1472 445 595
730 880 456 531
1011 1086 456 606
1421 1496 456 606
1346 1421 465 615
1100 1250 475 550
784 934 478 553
223 373 480 555
62 212 492 567
381 456 492 642
625 700 492 642
1041 1191 498 573
1157 1307 503 578
94 244 512 587
1197 1272 512 662
256 406 520 595
564 624 528 603
715 775 528 603
82 232 533 608
1076 1151 538 688
216 291 547 622
1163 1238 547 697
207 357 550 625
941 1016 553 703
1162 1237 553 703
1409 1484 554 704
467 617 558 633
1236 1311 578 728
1393 1468 583 733
1053 1128 587 737
32 182 590 665
1318 1468 590 665
1345 1420 590 740
1015 1165 599 674
414 564 602 677
1112 1187 602 752
247 322 604 754
563 638 606 756
1223 1373 606 681
642 717 610 760
137 212 616 766
24 174 620 695
1102 1177 620 770
309 384 623 773
6 81 625 775
1276 1351 627 777
328 478 628 703
1095 1245 630 705
1101 1176 633 783
923 998 639 789
1008 1158 641 716
967 1117 642 717
1151 1301 642 717
172 225 645 795
248 301 645 795
298 448 647 722
515 590 647 797
311 407 653 728
462 487 653 728
559 638 653 728
767 917 656 731
149 224 660 810
1159 1309 664 739
54 204 666 741
725 875 672 747
1342 1492 672 747
336 411 675 825
833 983 678 753
1089 1239 678 753
1267 1342 682 832
1163 1313 683 758
848 998 691 766
125 200 692 842
216 291 698 773
676 751 699 849
1055 1104 701 776
1206 1255 701 776
1051 1126 703 853
135 210 705 855
1030 1180 711 786
905 980 714 864
554 704 716 791
633 708 717 867
1158 1308 717 792
1062 1137 719 869
1262 1337 730 880
438 513 731 881
1195 1270 731 881
590 740 733 808
120 270 737 812
1277 1352 738 888
1073 1223 741 816
650 725 746 874
1294 1369 751 901
1176 1326 754 829
1056 1131 764 914
132 207 767 917
1260 1335 767 917
659 809 770 845
551 701 772 847
1041 1191 775 850
752 902 782 857
157 307 785 860
548 623 786 936
858 933 786 936
602 752 793 868
1302 1452 794 869
15 165 796 871
543 618 796 946
232 382 804 879
670 820 804 879
535 685 807 882
1324 1399 809 959
986 994 810 960
1062 1070 810 960
230 380 811 886
852 927 813 963
682 757 816 966
637 787 820 895
749 824 821 971
434 509 824 974
695 770 830 980
433 508 833 983
771 846 835 985
53 128 836 986
302 452 840 915
632 782 840 915
664 739 842 992
1311 1386 845 995
616 691 850 1000
651 801 850 925
236 311 854 1004
1161 1236 856 1006
1297 1447 858 933
1220 1295 864 1014
629 779 867 942
409 559 872 947
1314 1389 872 1022
866 1016 879 954
1064 1139 879 1029
672 747 886 1036
872 947 886 1036
1102 1177 886 1036
1107 1257 890 965
336 411 893 1043
448 523 894 1044
582 657 895 1045
650 725 897 1025
117 267 902 977
242 317 902 1052
395 470 902 1052
463 613 906 981
266 416 913 988
418 493 915 1065
962 1037 921 1071
1290 1440 921 996
1200 1350 924 999
663 813 926 1001
303 453 927 1002
1337 1487 927 1002
597 609 928 1003
716 747 928 1003
761 866 928 1003
65 140 932 1082
675 750 935 1085
288 363 937 1087
536 686 937 1012
42 192 945 1020
293 443 949 1024
730 880 951 1026
1132 1282 952 1027
825 900 953 1103
909 1059 957 1032
232 307 961 1111
84 159 962 1037
1065 1215 964 1039
652 802 967 1042
215 365 968 1043
454 604 969 1044
237 312 972 1122
339 414 973 1123
951 1101 979 1054
1228 1303 980 1130
1141 1216 983 1133
319 394 985 1135
865 1015 989 1064
589 739 991 1066
1218 1368 991 1066
581 656 994 1144
607 757 994 1069
694 844 1001 1014
1131 1206 1005 1155
1261 1411 1005 1080
1282 1357 1008 1158
229 304 1010 1160
1101 1176 1010 1160
305 380 1013 1163
953 1103 1014 1089
335 485 1017 1092
85 160 1018 1168
692 767 1019 1169
358 508 1023 1098
4 154 1030 1105
48 123 1030 1180
1024 1174 1034 1109
783 933 1037 1112
515 665 1038 1113
693 843 1039 1114
632 707 1046 1196
887 962 1050 1200
1050 1200 1050 1125
248 323 1052 1202
910 985 1052 1202
1051 1201 1053 1128
425 575 1060 1135
62 212 1063 1138
247 322 1068 1218
354 429 1068 1218
1160 1310 1070 1145
439 589 1072 1147
694 844 1077 1090
968 1118 1077 1152
365 515 1084 1159
1257 1332 1084 1234
1203 1353 1085 1160
1377 1452 1085 1235
330 480 1086 1161
712 862 1093 1168
1381 1456 1097 1247
1140 1215 1099 1249
250 400 1101 1176
895 1045 1104 1179
182 257 1105 1255
451 601 1106 1181
1097 1172 1108 1258
442 517 1111 1233
84 159 1113 1188
379 454 1115 1265
1421 1496 1118 1268
357 507 1119 1194
649 799 1121 1196
917 992 1123 1273
1347 1497 1134 1209
1211 1286 1137 1287
1054 1204 1138 1213
1262 1337 1138 1288
1104 1254 1141 1216
50 200 1143 1218
1220 1295 1144 1294
1244 1394 1144 1219
995 1070 1145 1295
936 1086 1146 1221
208 283 1148 1298
907 1057 1149 1224
1165 1315 1150 1225
188 263 1156 1306
712 787 1156 1306
301 451 1157 1232
759 834 1163 1313
129 204 1164 1314
1172 1322 1168 1243
163 238 1170 1320
78 153 1171 1321
157 232 1177 1327
303 378 1177 1327
589 664 1177 1327
1135 1210 1181 1331
1328 1478 1185 1260
1085 1235 1190 1265
97 172 1199 1349
997 1081 1203 1278
1148 1232 1203 1278
74 224 1204 1279
342 492 1204 1279
1157 1307 1208 1283
1009 1084 1210 1360
246 321 1211 1361
469 544 1213 1363
1196 1271 1218 1368
357 507 1223 1298
218 368 1231 1306
1111 1186 1231 1381
1247 1322 1232 1382
1053 1128 1241 1391
39 189 1243 1318
56 206 1245 1320
1297 1372 1245 1395
394 469 1246 1396
1255 1263 1246 1396
1331 1339 1246 1396
135 210 1248 1398
1197 1347 1250 1325
303 453 1258 1333
684 759 1258 1408
683 758 1261 1411
442 517 1262 1384
151 301 1263 1338
97 247 1265 1340
705 855 1265 1340
1299 1449 1265 1340
210 360 1271 1346
1168 1243 1271 1421
1270 1345 1271 1421
922 997 1281 1431
29 179 1282 1357
1294 1444 1282 1357
1074 1224 1283 1358
587 662 1285 1435
562 712 1293 1368
751 826 1293 1443
758 908 1294 1369
94 169 1296 1446
428 503 1296 1446
612 687 1300 1450
1289 1364 1302 1452
724 799 1303 1453
563 713 1309 1384
679 754 1309 1459
680 830 1310 1385
454 604 1311 1386
795 870 1315 1465
1259 1334 1315 1465
262 412 1316 1391
732 882 1316 1391
197 272 1318 1468
13 88 1320 1470
1154 1304 1324 1399
89 164 1325 1475
543 618 1328 1478
1171 1321 1328 1403
932 1007 1331 1481
1048 1123 1335 1485
923 1073 1341 1416
301 376 1342 1492
1264 1414 1344 1419
1047 1122 1347 1497
780 930 1350 1425
1284 1434 1359 1434
857 1007 1366 1441
795 945 1368 1443
1253 1403 1369 1444
668 818 1371 1446
248 398 1373 1448
750 900 1389 1464
1100 1250 1399 1474
444 594 1405 1480
158 308 1406 1481
249 399 1410 1485
1289 1439 1412 1487
500
