Case #1:
5.000000
10.000000
Case #2:
4.290588
Case #3:
4.133084
9.271257
25.444133
39.511764
50.985720
56.005579
59.777211
65.604362
79.037979
99.922232
112.801747
120.800809
129.180129
145.346381
155.001445
163.297650
171.651174
187.773560
210.743005
215.333649
218.781420
221.694582
225.142235
230.530696
239.346443
256.202029
259.271584
262.715519
268.118539
279.989674
289.901962
295.225941
304.050968
311.054109
319.966828
327.407133
339.612378
350.117560
356.801016
363.729384
374.955841
385.672423
398.622820
402.437244
421.295372
433.631952
442.411269
449.055846
457.950367
483.035947
497.596707
509.249583
514.486079
527.619866
533.049882
543.163096
554.422571
574.254263
580.495471
585.672569
599.912647
613.367815
625.759745
637.615895
644.650207
671.588264
676.256896
711.899936
724.019941
735.262671
739.782196
743.501606
747.073561
750.913086
755.306646
765.210217
775.234515
780.957279
784.907629
788.512421
792.252524
795.553804
800.583599
810.812139
816.433529
823.498241
833.905796
846.813775
854.901195
859.782160
863.797674
867.745831
872.101765
880.212006
Case #4:
17.764553
29.010451
42.519732
52.107373
64.236111
77.926065
89.848953
108.275458
119.257971
127.045586
142.900685
151.856456
161.890007
168.198635
177.886436
185.415252
192.164871
269.360431
305.045794
331.991301
354.565462
374.386666
392.268511
408.688686
423.956022
438.283844
451.826822
464.701339
476.997575
488.787092
500.126504
507.116610
512.421224
521.296527
528.307331
536.041418
550.251651
559.210616
565.635490
574.263167
581.815962
588.132451
595.931980
602.727056
608.610327
615.367187
620.422312
627.811798
634.374427
642.749924
648.827519
653.548211
658.956169
667.453432
675.176249
680.820789
688.608636
696.532718
701.632025
706.246943
710.913221
715.632614
720.406977
725.238276
730.128601
735.080166
740.095334
745.176619
750.326708
755.548473
760.844993
766.219574
771.675773
777.217424
782.848674
788.574013
794.398322
800.326918
806.365612
812.520776
818.799420
825.209288
831.758970
838.458033
845.317190
852.348500
859.565614
866.984090
874.621785
882.499366
890.640964
899.075049
907.835611
916.963779
926.510124
936.537993
947.128555
958.388722
970.464272
983.563082
Case #5:
29.727224
60.364696
79.566869
117.897639
141.845412
179.057673
Case #6:
1.817949
3.724216
5.733079
7.863135
10.464275
15.056020
16.571484
17.584793
18.633683
19.767329
21.010386
23.260429
24.548325
25.493582
26.438480
27.490463
29.449424
30.748747
31.850661
33.087515
34.534887
36.358964
38.998732
42.131296
43.655162
46.240477
52.016512
54.291625
55.860864
58.588029
62.478658
64.706865
66.451183
68.018110
69.812431
72.050952
75.286747
79.157054
84.810537
88.298858
Case #7:
1.000000
1.000000
1.535479
2.076046
2.695248
3.630518
5.041267
6.166035
6.871002
7.395259
8.398293
9.059465
9.732222
10.915166
13.032441
15.376569
16.005671
16.648302
18.596327
20.232765
20.998019
21.761530
22.982748
24.244268
25.562240
26.521566
28.790675
29.592219
30.049657
30.547140
31.559966
33.861602
35.841584
38.314300
40.552816
41.168633
41.619425
42.003305
42.455080
44.368879
45.533433
46.412612
48.217822
49.706828
50.158562
50.784808
52.610059
53.552913
54.649688
55.245233
56.040141
57.674338
58.563158
59.558562
60.478013
62.901016
63.773807
64.270247
64.884917
65.638410
66.347240
67.908074
68.680961
69.187651
70.222589
70.800386
71.145244
71.503934
71.915259
72.471524
73.832272
74.716377
75.782178
76.861386
78.821782
80.460967
80.974383
81.480227
83.390687
84.085594
84.660997
85.344502
87.436705
88.315370
88.830030
89.269114
90.083175
91.096859
91.648933
92.043645
92.499775
93.536680
94.321993
94.767438
95.109839
95.476622
95.926708
96.629782
97.765729
98.273074
Case #8:
1.000000
1.000000
1.303858
1.704205
2.095222
2.730925
4.404208
5.500943
6.615859
7.749889
8.904053
10.079849
11.331118
12.130865
12.868232
13.702366
14.685758
15.948325
17.252270
17.969196
18.473747
18.886481
19.232669
19.512784
19.753375
19.967571
20.173198
20.393460
20.632639
20.896653
21.195348
21.547565
22.000000
22.559615
23.168877
23.843942
25.241829
26.234664
26.750071
27.154182
27.540138
27.922387
28.298035
28.661536
29.013854
29.376383
29.772358
30.213202
30.718856
31.330710
32.172572
34.248881
36.768345
37.450949
37.733858
37.947237
38.135485
38.333865
38.546495
38.776974
39.030732
39.316679
39.651470
40.073963
40.675010
41.713761
42.705881
43.640366
44.660738
45.811650
47.161443
48.873460
50.474491
50.743461
50.938405
51.104357
51.268721
51.433415
51.598440
51.763799
51.929492
52.095523
52.261894
52.428606
52.595662
52.763064
52.930814
53.103312
53.306055
53.571391
54.115628
54.719017
55.135532
55.770801
Case #9:
4.771911
10.933088
Case #10:
5.858896
13.537780
21.505311
38.218806
45.631572
51.892610
67.381754
75.465534
84.554538
93.649345
112.112082
134.896176
146.397999
164.884400
170.085821
175.096832
180.404115
186.287263
193.972884
202.855763
241.770692
261.255380
277.874326
284.072941
288.433182
292.394824
298.080719
314.695855
328.254417
351.886316
358.888709
388.346661
405.903453
412.044614
416.829645
421.021057
426.474513
431.964876
438.880297
455.727063
465.069694
470.840758
475.205449
479.573118
495.705015
518.829183
537.688903
564.556077
575.536737
582.696880
588.550824
599.694006
605.769165
609.756378
614.186321
619.276678
627.872420
631.671558
636.354954
645.169816
653.036104
660.537349
676.977511
686.446633
691.781156
699.399681
711.320248
716.042465
721.308028
727.758097
736.963830
750.781610
759.308577
766.061019
784.029597
795.980959
812.154018
821.800658
829.309933
836.318131
847.507147
854.438388
862.517402
873.853675
880.259028
884.240683
899.557389
919.461971
927.086350
934.641300
943.434416
952.322147
957.190670
963.053190
967.554775
971.429291
976.297543
981.527854
987.178391
993.010541
Case #11:
4.541160
10.370459
30.325216
41.223665
51.724557
59.608937
64.993188
77.203506
86.202639
94.806845
113.451259
127.944007
134.128324
140.162950
151.272997
166.700202
175.842647
190.887739
205.679376
218.488788
246.470297
272.431970
287.969991
302.411186
306.772451
316.339528
326.260802
373.852497
388.822954
392.781510
398.194393
416.437263
422.134186
428.066501
432.903083
437.201290
442.196754
453.702698
465.793820
481.260024
487.013830
496.893151
517.516477
525.269973
533.765515
546.291751
562.315559
575.893576
582.385059
589.460063
596.397681
608.656348
617.031840
621.499175
626.507086
631.334208
635.976503
640.453702
644.750429
649.991664
659.992573
671.979214
679.698042
693.507625
708.761497
713.789427
718.906016
724.116126
729.837752
735.480113
740.442807
744.940578
757.881539
769.410750
780.248460
789.155455
801.277584
810.121725
821.660769
829.085039
838.198310
848.878902
861.383401
869.383434
876.069908
880.625773
884.463489
888.073525
891.508303
896.354971
907.818275
912.577153
919.568902
933.925636
950.164816
964.496760
969.222819
974.891542
986.914020
991.111503
Case #12:
7.057108
13.386840
21.114349
31.280897
44.886176
70.463373
75.509787
79.528015
83.904571
89.928064
98.230344
109.738449
117.441008
121.593685
129.403136
137.959584
146.081864
156.587865
164.780761
170.977012
175.483312
185.038555
198.860611
215.819477
222.063162
231.639208
253.561811
260.369298
268.867228
282.652059
296.469565
310.240647
318.068978
332.147029
351.258684
362.042148
366.626946
370.270327
374.576654
382.637797
391.086380
399.354671
405.380147
413.404224
422.071507
425.937294
429.857869
434.276109
445.847368
450.992262
455.306160
460.972618
465.421733
480.582846
495.489508
506.840922
526.191728
543.460781
558.225006
577.578924
582.243281
587.960442
595.085926
603.238347
618.614150
623.611033
628.581330
633.551627
638.521924
643.492221
650.495360
667.535748
684.441658
696.103512
706.953099
724.324830
736.402107
741.926424
748.526379
756.008904
766.178645
781.118090
793.232820
813.278181
829.259192
838.980603
844.187430
848.151687
852.516536
859.018607
868.953856
877.073189
903.979184
916.250743
929.268919
947.824576
957.220094
964.368832
975.710988
994.197707
Case #13:
13.120653
27.902399
43.290322
50.683176
64.179323
77.291804
92.187928
104.138417
116.924236
130.050290
143.999496
157.416851
168.526853
184.989533
199.242226
211.014670
223.082491
235.469107
248.201201
261.309402
274.829151
288.801832
303.276266
318.310733
333.975753
350.358017
367.566114
385.739159
405.060349
425.779427
448.252410
473.018292
500.966154
506.008778
510.869446
515.114140
520.844567
525.727848
529.544001
535.656698
542.739649
546.742649
551.893975
557.306340
563.791340
570.142555
579.900444
586.326548
592.628848
597.474222
603.273570
607.147202
612.840118
615.583057
618.628977
622.376482
628.201638
633.305043
642.662786
648.328663
652.433109
661.231803
667.972778
672.330585
679.409505
682.204706
685.325949
688.810515
694.530828
699.188796
742.929024
765.763599
783.176123
797.819304
810.702926
822.340794
833.036711
842.988010
852.331454
861.166452
869.567953
877.594121
885.291174
892.696556
899.841108
906.750590
913.446784
919.948300
926.271192
932.429419
938.435213
944.299364
950.031443
955.639992
961.132668
966.516370
971.797338
976.981237
982.073231
987.078042
Case #14:
2.834214
5.690477
8.569311
11.471260
14.396891
17.346791
20.321576
23.321887
26.348391
29.401787
32.482805
35.592208
38.730796
41.899406
45.098916
48.330249
51.594374
54.892309
58.225127
61.593960
65.000000
68.444509
71.928820
75.454345
79.022583
82.635125
86.293663
Case #15:
12.957084
25.702635
45.288115
53.876581
Case #16:
1.000000
1.482026
2.002841
2.483604
3.084221
4.585381
5.842408
8.278194
9.590919
9.981499
10.366189
12.232109
13.511110
15.580611
17.025983
17.627261
18.034944
18.511414
19.910764
20.657348
21.051767
21.423404
21.836643
22.358558
24.735918
27.286265
28.905117
30.950900
31.530134
32.007339
32.437019
32.843412
33.246406
33.740710
34.433023
35.378492
36.283941
36.818296
37.229816
37.681008
38.211973
38.841808
39.472105
39.925494
40.338017
40.840695
41.479138
42.200162
43.630360
45.705898
46.226213
46.882332
47.605438
48.074934
48.613520
49.538029
50.422887
51.942196
52.532203
52.993471
53.494077
54.761668
55.848454
56.272071
57.780112
59.906168
61.010138
61.765810
62.626014
63.756057
64.146940
64.706438
67.292083
68.836486
70.620459
71.141356
72.618767
73.972081
74.954886
76.554671
77.179731
77.952658
79.425243
80.043574
81.213773
82.108992
82.843164
86.268085
87.855607
88.442853
89.011686
90.413524
91.659260
92.254987
93.340655
94.584742
95.933051
96.529553
97.076706
97.741043
Case #17:
26.647179
Case #18:
1.000000
1.373633
2.736627
3.652903
4.577282
5.504215
6.304389
7.007957
7.643237
8.234358
8.863648
9.567686
10.381838
11.380245
12.730214
15.973003
18.000153
18.971585
19.606826
20.116407
20.554298
20.944255
21.299245
21.627266
21.933667
22.229469
22.532738
22.844807
23.166491
23.498737
23.842659
24.199581
24.571101
24.959170
25.370562
25.817722
26.312096
26.872812
27.537007
28.399634
29.620822
30.526403
31.233384
31.833648
32.364565
32.845744
33.298575
33.759991
34.233544
34.720246
35.220728
35.731910
36.253569
36.786376
37.331079
37.888510
38.459608
39.045523
39.667995
40.354502
41.130137
42.042523
43.207774
44.578947
45.231608
45.698153
46.083246
46.457697
46.843800
47.242715
47.655809
48.085506
48.568016
49.158975
50.004001
51.979874
52.913365
53.738618
55.747055
56.703712
Case #19:
1.000000
1.812333
4.378159
5.273588
5.909169
6.480384
7.116718
7.851665
8.753400
10.050694
11.959664
12.760690
13.356205
13.924421
14.477320
15.016079
15.541731
16.055317
16.570819
17.097942
17.645725
18.221578
18.830318
19.478319
20.174327
20.930914
21.767339
22.715928
23.839402
25.297961
26.957912
27.886827
28.586114
29.184964
30.089336
31.532457
33.113465
34.881566
36.906764
39.156799
40.631263
41.106295
41.541285
42.002442
42.504978
43.075502
43.752513
44.635670
46.262690
47.090329
47.780086
48.686794
50.020356
51.688925
54.123326
57.150058
58.764814
60.021908
61.157788
62.203520
63.177672
64.094147
65.077382
66.291811
69.476974
70.215879
70.838987
71.536869
72.669635
74.421407
75.412234
76.499933
78.037939
81.923489
Case #20:
1.000000
1.982279
3.038237
4.145772
5.313271
6.551679
7.875737
9.306133
10.873534
12.595862
14.480482
16.583992
19.006896
21.963269
26.138312
36.590091
Case #21:
1.000000
1.109025
1.941554
3.465734
4.698972
7.091492
7.883257
8.502057
9.189309
9.983560
10.959310
12.147080
13.488055
14.981601
16.463026
17.751185
18.897524
19.940588
21.150869
23.785281
24.934241
27.716128
28.861458
30.769634
31.968130
33.341764
34.641776
37.981907
40.896899
42.282627
43.960549
44.658895
45.180905
45.708113
46.311339
48.616367
Case #22:
1.000000
1.693775
2.182781
2.536759
2.828906
3.086492
3.359463
3.671073
4.044072
4.454636
4.870901
5.293109
5.721524
6.156427
6.598122
7.046938
7.503231
7.967387
8.439827
8.921013
9.411446
9.911684
10.422338
10.944086
11.477687
12.023985
12.583933
13.160386
13.794103
14.544593
15.456813
16.122975
17.078809
19.595679
21.448323
22.162054
22.792463
23.455557
24.157018
24.904393
25.601252
26.156927
26.632306
27.054565
27.438318
27.792502
28.123051
28.434149
28.728870
29.009604
29.327905
29.856510
31.093755
32.090828
32.934749
33.943674
36.586910
37.171905
37.798504
38.950841
40.537075
41.563621
43.657383
44.312471
44.765965
45.137956
45.461052
45.750603
46.015337
46.273860
46.538175
46.808691
47.085865
47.370214
47.662327
47.962876
48.270723
48.583328
48.900880
49.241405
49.707944
50.594104
51.843809
53.148392
54.713803
Case #23:
2.179157
5.021347
9.302994
25.367709
29.622843
32.139219
34.142203
35.903781
37.595942
39.410120
41.525765
44.186910
48.428369
52.862159
55.245985
57.092401
Case #24:
6.422190
17.323025
24.178449
28.869167
32.821841
36.798482
48.814127
Case #25:
1.212200
3.095049
4.436926
5.791593
6.712343
7.632677
8.562747
9.502866
10.453369
11.414608
12.386954
13.388877
14.729063
17.217354
18.677349
19.717053
20.636809
21.736387
23.254758
25.266466
28.073682
30.551929
31.267003
31.807471
32.289792
32.908295
33.752321
34.728189
35.920641
37.612638
45.278888
47.168721
48.684497
50.348958
53.811961
56.197347
57.938701
61.279332
62.272715
62.955440
63.584531
64.309966
65.198618
66.478632
69.878978
74.255180
75.050007
75.616187
76.084759
76.704600
78.935655
80.282642
81.379275
82.307306
83.126624
83.868322
84.551005
85.186855
85.784363
86.349501
86.886248
87.398428
87.889134
88.369817
88.862629
89.368173
89.883812
90.413053
90.964500
91.541513
92.148018
92.789060
93.471310
94.203914
Case #26:
3.443324
6.155037
7.017080
7.637694
8.280713
8.669206
8.959775
9.223597
9.512606
9.837223
10.215427
10.690451
11.428005
13.340125
13.978829
14.491739
15.153866
17.453769
17.967631
18.423492
19.929395
21.349485
22.029418
23.100029
24.070074
25.980242
26.645483
26.978608
27.277761
27.637352
28.122978
29.290833
31.841559
33.826260
34.957823
36.999639
37.766580
38.367832
39.168300
39.945197
41.069552
42.430322
43.035218
43.639668
44.594291
45.940283
47.335350
48.090226
48.602642
49.016290
49.387434
49.738781
50.074236
50.425626
50.814202
51.283142
54.308938
54.866413
55.233019
55.750645
56.880788
58.765990
60.918975
64.407418
68.443544
69.030866
69.547231
70.433041
71.577363
72.287358
73.946422
74.842067
75.881464
78.712574
79.075386
79.384725
79.678392
79.958550
80.257196
80.695051
83.340473
84.924603
85.665264
86.275367
86.830598
87.370356
87.982511
88.906010
90.734308
91.737611
92.563971
93.444334
94.148643
94.965137
95.551355
95.885910
96.164560
96.504762
97.047976
97.901592
Case #27:
4.861072
10.407361
18.024956
22.736752
26.218189
30.055784
34.584473
43.225241
55.222544
73.164625
85.518500
102.895161
108.686309
115.031824
128.257993
137.854901
143.156349
154.130628
168.649917
173.604307
179.139725
184.945202
192.308445
208.208550
211.971162
216.260796
221.391064
228.220566
241.024443
256.857793
276.459229
284.202285
304.553016
331.002590
338.686998
344.851101
351.607946
359.866123
372.811700
390.762340
400.292070
411.980310
431.581259
442.069777
448.355731
454.172303
459.692744
465.071907
474.831445
484.877610
497.940638
504.517362
513.734051
522.927092
528.262656
544.319630
559.847815
566.835616
572.396067
578.402063
586.148385
600.982303
628.502479
635.075119
648.694917
657.719950
668.440806
688.427192
698.498703
704.852475
711.308495
722.025920
736.715012
748.143759
754.963685
760.057006
765.053464
770.785850
780.892685
794.790419
800.892743
820.845925
828.088511
834.856962
840.344251
846.035430
851.768634
857.453508
863.261851
870.356206
885.747411
899.225680
903.534703
908.307977
917.792143
938.406119
949.436176
956.805765
970.676020
981.650609
Case #28:
1.123112
1.946993
2.825023
3.769530
4.749165
5.668682
6.572673
7.653002
8.798357
9.605571
10.252261
10.780161
11.239042
11.679618
12.108441
12.526403
12.934290
13.332797
13.722544
14.105357
14.506800
14.942264
15.422220
15.963949
16.600065
17.409146
18.622379
20.198875
22.491458
25.797313
26.473072
28.299778
29.045793
29.590732
30.041854
30.435499
30.789266
31.113269
31.413954
31.695731
31.961774
32.223908
32.500662
32.795200
33.111466
33.455123
33.834824
34.277060
34.953982
36.210740
39.253445
40.428940
41.015142
41.550916
42.148059
42.640773
43.036869
43.402192
43.760856
44.113213
44.459584
44.800264
45.135524
45.465617
45.790772
46.112572
46.448499
46.806893
47.192976
47.614368
48.083002
48.619575
49.266593
50.146416
52.141144
55.616630
57.216963
58.331635
59.476459
60.747223
62.135379
63.553331
Case #29:
18.228350
35.371214
51.602120
67.052767
81.825909
96.003553
109.652385
122.827504
135.575055
147.934146
159.938266
171.616348
182.993598
194.092133
204.931484
215.529005
225.900192
236.058957
246.017840
255.788196
265.380342
274.803689
284.066845
293.177714
302.143566
310.971115
319.666570
328.235688
336.683822
345.015956
353.236740
361.350523
369.361378
377.273125
385.089354
392.813442
400.448575
407.997756
415.463824
422.849465
430.157224
437.389514
444.548626
451.636737
458.655919
465.608144
472.495293
479.319159
486.081456
492.783821
499.427819
511.831294
527.179288
535.823686
549.674520
562.982260
577.059893
586.767959
597.083920
610.535988
621.013413
630.588693
639.841891
655.074305
668.474952
679.154817
689.540989
696.868172
702.733769
711.742147
722.935415
731.697537
741.712892
750.414635
756.866559
764.745112
776.356394
785.408031
791.699868
807.173348
819.842618
830.978344
841.031003
850.266032
858.855442
866.918254
874.540871
881.788373
888.711227
895.349507
901.735665
907.896415
913.854064
919.627466
925.232726
930.683731
935.992556
941.169779
946.224726
951.165672
Case #30:
1.149752
1.924505
3.239615
4.433960
5.241474
5.918142
6.614017
7.437705
7.921984
8.317565
8.732140
9.171840
9.641876
10.149554
10.705691
11.307383
11.862281
12.369015
12.838302
13.310416
14.026520
15.314397
16.425743
17.368311
17.923357
18.417569
19.233510
20.793582
21.774081
22.201561
23.069307
25.826645
26.940960
27.935264
29.982598
30.834982
31.419113
32.785402
35.861386
38.208468
39.139851
39.914604
40.520216
40.927013
41.317681
42.452209
44.078264
46.130495
47.949650
49.177818
49.804331
50.225059
50.891440
52.493643
52.993173
53.400633
53.860504
54.463135
55.823747
56.751238
59.036883
60.028037
61.214598
62.684231
63.517370
64.654218
66.683690
68.542705
69.853226
71.976717
73.509836
74.250929
75.630821
76.525799
78.274758
79.108481
80.060952
81.224173
81.964099
82.755303
83.728780
84.258652
84.703758
85.104137
85.545217
86.104053
86.784282
87.597904
88.838095
90.969997
91.687863
92.156663
92.577324
92.975830
93.417789
94.156129
94.844625
95.452463
96.731575
97.467693
Case #31:
6.456525
13.145451
20.182141
22.642953
25.531670
29.095336
31.737085
35.186694
37.886384
44.578293
49.165302
54.779115
63.477319
65.810602
68.703164
Case #32:
2.782478
4.094713
5.275715
6.526906
7.862520
9.302371
10.839363
12.319524
13.730040
15.079902
16.376323
17.625187
18.831374
19.998980
21.131486
22.233456
23.354343
24.520335
25.737358
27.012764
28.355861
29.778727
31.295334
32.842432
34.374755
35.740119
36.941112
38.003259
38.944105
39.867554
40.888743
42.048025
43.423539
45.217424
47.249926
49.178031
51.858219
53.554121
54.652899
55.531912
56.300670
57.142120
58.157304
59.542065
63.008336
65.033191
66.436322
67.539741
68.545910
70.217872
77.495815
79.212790
80.352085
81.511767
83.822154
85.968221
87.279908
88.315933
89.200395
89.992747
90.719735
91.395280
92.028966
92.627728
93.201107
93.806700
94.466933
95.179081
95.956199
96.820174
97.808906
Case #33:
11.490655
19.493683
33.591728
40.360514
50.125709
67.260250
73.742077
86.222347
137.494400
161.538424
175.653457
187.961124
210.779306
222.251423
230.343856
239.009634
246.769243
258.387058
281.351786
317.154572
340.572519
356.117616
363.092070
372.186254
407.310032
419.256439
433.349272
448.854377
466.117445
477.949839
487.631191
501.645004
512.864859
520.771089
538.626334
Case #34:
5.944139
11.932030
17.964654
24.043029
30.168211
36.341299
42.563434
48.835805
55.159649
61.536254
67.966962
74.453176
80.996357
87.598033
94.259802
100.983336
107.770384
114.622782
121.542454
128.531422
135.591810
142.725853
149.935907
157.224452
164.594111
172.047653
179.588010
187.218286
194.941779
202.761991
210.682648
218.707723
226.841459
235.088392
243.453385
251.941657
260.558826
269.310947
278.204568
287.246782
296.445295
305.808503
315.345585
325.066601
334.982622
345.105879
355.449932
366.029894
376.862680
387.967331
399.365405
411.081469
423.143722
435.584796
448.442796
461.762677
475.598107
490.014030
506.700496
526.450721
552.325558
591.316704
611.831009
627.610299
640.642100
646.566249
660.786301
670.861475
686.791614
702.238466
715.814127
728.062838
737.687502
750.781381
763.643128
771.621895
782.565637
797.485165
804.151468
810.716378
817.234070
823.705547
830.131780
836.513704
842.852223
849.148211
855.402513
861.615945
867.789300
873.923342
880.018813
886.076432
892.096895
898.080878
904.029035
909.942004
915.820400
921.664823
927.475857
933.254066
Case #35:
1.000000
2.193600
3.495400
4.368226
4.886992
5.325529
5.889080
7.116926
9.129715
9.784372
10.187300
10.798792
12.763717
13.788017
15.272277
16.802089
17.822106
19.818497
20.888603
21.651297
22.845295
23.771748
24.854311
25.597583
26.803237
27.527608
28.170646
29.062352
31.380202
32.011162
32.525859
33.212565
34.599010
36.136782
38.091423
39.358943
40.831925
42.072720
43.610662
44.149649
45.210747
46.089459
46.913023
48.137282
49.026385
49.592060
50.003964
50.417922
50.989168
51.615902
52.111915
53.045244
53.809394
54.217285
55.163366
57.747832
58.581487
59.526459
60.059628
60.540539
61.055106
61.683584
62.619801
64.246685
64.906452
65.341183
65.855085
66.578583
67.787435
68.541584
69.324228
70.741034
71.364050
71.875539
72.375619
73.109429
74.364770
74.978792
75.529421
76.410609
76.936500
77.391961
78.087593
79.189130
80.561243
81.259396
82.194303
82.906259
83.543112
84.921413
85.655489
86.069245
86.565573
88.039219
89.516221
92.611372
94.094059
95.789656
97.459803
98.118911
Case #36:
7.226249
14.464522
21.714880
28.977384
36.252094
43.539072
50.838382
58.150085
65.474245
72.810925
80.160191
87.522108
94.896739
102.284153
109.684416
117.097594
124.523756
131.962970
139.415305
146.880832
154.359619
161.851739
169.357262
176.876261
184.408809
191.954979
199.514846
207.088484
214.675968
222.277376
229.892784
237.522269
245.165910
252.823786
260.495977
268.182564
275.883627
283.599249
291.329513
299.074502
306.834302
314.608996
322.398672
330.203416
338.023316
345.858461
353.708940
361.574844
369.456263
377.353290
385.266019
393.194543
401.138956
409.099356
417.075839
425.068503
433.077446
441.102769
449.144572
457.202958
465.278029
473.369890
481.478645
489.604401
497.747266
511.678402
524.790839
539.827016
552.222636
566.275287
582.396365
596.879533
604.799007
608.623099
613.857153
623.408313
634.386335
642.533301
653.355466
661.020517
667.065866
675.301082
686.164391
691.337114
697.825384
704.617970
711.977399
720.360693
731.895185
737.775500
742.661738
749.965811
757.452804
767.346642
779.270520
794.714056
809.390462
825.616323
844.776836
869.473184
Case #37:
5.399898
19.009395
24.591611
29.284528
33.572744
37.570071
42.273978
46.838864
51.339063
58.356640
70.430595
80.167690
85.896721
89.802235
93.596153
97.716343
102.265022
107.412454
116.518238
121.514601
130.793600
157.794031
169.499034
178.069968
187.393409
195.272336
203.871118
211.089197
217.711016
248.169323
254.423320
269.892765
285.808247
289.031501
293.256562
303.833236
312.249618
322.106305
334.198281
344.459630
350.991170
359.489204
374.405543
390.648627
394.757602
399.617206
405.024175
410.331442
416.968518
425.816006
436.559327
446.944976
454.752774
462.206060
473.001860
509.651187
514.388891
519.002474
525.181155
529.966763
534.135336
540.432184
544.724482
548.604542
553.173473
559.023030
566.484754
574.254931
582.114826
589.761044
597.062496
603.646360
611.196218
625.713454
662.840427
668.072309
674.825865
701.183180
719.116917
727.129510
735.519147
745.139675
759.575807
799.639010
811.980082
816.317222
820.427483
825.334529
832.626940
848.979502
868.335218
875.452259
884.335119
906.281507
918.662080
925.049737
951.560436
963.558336
979.097099
990.487871
Case #38:
1.695858
2.196300
2.833633
4.594059
6.621287
8.403252
9.005669
9.572502
10.492993
10.941462
11.345764
12.515962
13.934927
15.417969
18.155335
18.907200
19.425270
20.586634
22.345181
22.879091
23.267141
24.238811
25.645458
26.312871
26.942574
27.609416
28.455166
30.053769
31.747770
33.288723
34.120792
34.750495
35.414572
36.373026
37.849010
39.763541
40.997526
43.643564
45.236144
45.904485
46.448263
47.047525
47.677228
48.342025
49.721852
52.149156
52.996035
53.670731
54.444307
55.231436
56.018395
56.615978
57.046546
57.452789
57.882180
58.358519
58.991365
59.714629
60.424584
62.435890
63.095515
63.763856
65.227287
66.000825
66.622433
67.459748
67.992914
68.593860
70.578410
71.271819
71.838588
72.449819
73.946231
74.996700
77.102117
77.836728
78.263683
78.874509
80.732673
81.892005
82.507454
84.146170
85.212318
86.167802
87.685084
88.383937
89.347087
90.680415
91.180994
91.741619
92.416837
92.892534
93.329764
94.218286
95.431782
96.672855
97.112452
97.491697
97.854713
98.229035
Case #39:
19.766783
34.669351
50.228583
61.290184
75.423204
90.496140
103.002817
118.876435
135.675396
153.711665
167.586633
181.797683
194.833922
205.040890
214.601477
224.114345
233.580204
242.999742
252.373633
261.702535
270.987089
280.227921
289.425643
298.580854
307.694137
316.766063
325.797190
334.788064
343.739218
352.651173
361.524442
370.359522
379.156902
387.917062
396.640470
405.327585
413.978855
422.594720
431.175613
439.721955
448.234161
456.712636
465.157778
473.569977
481.949615
490.297069
498.612705
508.860364
515.937805
522.404578
539.006474
546.691003
554.613024
564.340400
573.619748
581.690671
590.052068
601.636032
618.879712
631.599967
643.535883
655.008295
669.399538
680.082302
688.372238
695.852173
701.318058
706.707659
712.166161
717.696274
723.300893
728.983115
734.746253
740.593868
746.529786
752.558132
758.683365
764.910310
771.244210
777.690772
784.256233
790.947422
797.771854
804.737819
811.854506
819.132145
826.582176
834.217463
842.052555
850.104009
858.390807
866.934876
875.761780
884.901617
894.390234
904.270898
914.596634
925.433624
936.866281
949.005173
Case #40:
1.249763
1.993210
2.739088
3.511592
4.300308
5.105205
5.927323
6.788484
7.747933
8.913708
10.544945
18.841487
25.435791
28.173920
30.823897
33.036390
36.774250
41.004375
42.848337
44.993216
50.030661
Case #41:
2.138059
4.129011
7.136867
14.726576
20.895988
28.639743
34.411081
36.731329
42.716494
44.725538
47.400862
53.156857
54.735934
56.340475
58.747833
61.717744
64.674465
73.623895
Case #42:
7.546959
10.447430
12.709420
15.471826
19.204751
23.817991
31.470158
36.525127
39.914856
42.383358
44.824642
48.358290
57.832440
61.045192
65.812012
Case #43:
1.693471
2.456729
3.164999
3.844070
4.522426
5.270580
6.120346
7.128819
8.335266
9.831428
11.934209
14.424533
16.257150
17.203220
18.217260
19.810808
21.642267
22.738093
23.599367
24.353521
25.186657
26.033118
26.841943
27.617745
28.364267
29.085876
29.925012
31.320024
33.361195
34.327407
36.075397
39.834205
41.708655
43.035264
44.122612
45.112941
46.058538
47.985623
49.975326
51.794934
54.052194
57.386419
59.741005
61.446062
62.857962
64.246739
65.948321
68.119750
Case #44:
3.574190
8.667543
14.561462
18.996603
21.313272
23.087800
25.186412
27.901187
33.232636
44.069017
46.911869
48.742186
50.196211
51.440155
52.545108
53.551862
54.510234
55.523371
56.664983
58.595155
60.932699
62.847937
65.006917
67.542104
71.024653
Case #45:
1.385965
2.771930
4.157895
5.543860
6.929825
8.315789
9.701754
11.087719
12.473684
13.859649
15.245614
16.631579
18.017544
19.403509
20.789474
22.175439
23.561404
24.947368
26.333333
27.719298
29.105263
30.491228
31.877193
33.263158
34.649123
36.035088
37.421053
38.807018
40.192982
41.578947
42.964912
44.350877
45.736842
47.122807
48.508772
49.894737
51.280702
52.666667
54.052632
55.438596
56.824561
58.210526
59.596491
60.982456
62.368421
63.754386
65.140351
66.526316
67.912281
69.298246
70.684211
72.070175
73.456140
74.842105
76.228070
77.614035
Case #46:
1.000000
1.000000
1.000000
1.000000
1.000000
1.000000
1.140602
1.319531
1.503420
1.692707
1.887896
2.089577
2.298444
2.515325
2.741219
2.977354
3.225263
3.486906
3.764854
4.062708
4.389712
4.759295
5.194302
5.750657
6.730729
7.713601
8.075226
8.348642
8.577816
8.779096
8.960711
9.136847
9.334252
9.565028
9.855617
10.265770
10.812031
12.062399
16.566716
19.536364
21.923193
23.976079
25.805201
27.478423
29.134566
29.963672
30.474524
30.879232
31.238699
31.611901
32.005467
32.423144
32.869997
33.353153
33.883230
34.400965
34.810167
35.157608
35.464914
35.743433
Case #47:
1.050268
1.685248
2.186570
2.614284
2.993615
3.338010
3.655645
3.951931
4.234944
4.514062
4.789615
5.061737
5.330552
5.596178
5.858726
6.121565
6.412080
6.750318
7.172404
7.820780
9.091310
10.400126
12.688073
14.838565
15.391456
15.781391
16.106913
16.494968
17.173197
18.055932
18.871606
19.674205
20.554172
21.575261
23.336242
24.959928
26.069352
26.969239
27.746575
28.440938
29.074307
29.660392
30.212239
30.772654
31.353438
31.956989
32.586213
33.244695
33.936942
34.668751
35.447795
36.300410
37.966535
40.659124
42.011129
43.077908
43.987814
44.794672
45.582569
46.570398
47.526033
47.978013
48.383638
48.921756
50.023322
51.143149
51.732617
52.181422
52.518101
52.794118
53.034183
53.270954
53.520155
53.783977
54.065532
54.375025
54.726593
55.144224
55.690483
56.529901
57.476189
58.278858
59.167042
60.324214
Case #48:
1.000000
1.000000
1.289607
1.794556
2.358112
3.007159
3.798918
4.916167
7.112956
8.217022
8.896352
9.457601
10.306273
12.843001
14.369153
15.491485
16.453556
17.463233
18.244386
20.148197
22.833450
23.620107
24.386312
25.145768
25.898650
26.645127
27.441793
28.872337
30.165263
31.455246
32.950813
34.458517
35.751561
36.901613
37.852210
38.754101
41.147599
43.339459
44.476272
45.485955
46.433283
47.334234
48.204320
49.388625
51.273913
52.332160
53.135024
54.034457
55.753933
58.360064
61.435394
64.534956
66.051038
67.761523
69.430559
70.801406
Case #49:
1.133637
2.959741
6.000437
6.765594
7.327472
7.908682
8.532290
9.209200
9.955986
10.800150
11.794044
13.066080
15.338547
17.057574
17.743880
18.512500
19.402890
20.502507
22.131083
27.041159
28.836164
30.288583
31.586048
32.769592
33.864811
34.888948
35.854274
36.769887
37.663549
38.593033
39.566332
40.590298
41.673776
42.828534
44.070819
45.428695
47.040325
49.163874
49.969461
50.508987
51.077913
51.682227
52.337991
53.135722
54.275487
55.984059
57.624161
58.767636
59.700413
60.532522
61.376129
62.240916
63.128562
64.040983
64.980376
65.949285
66.950680
67.988066
68.967840
69.881870
70.810675
71.755085
72.909532
76.679695
81.599917
83.761753
85.404442
87.001925
90.264484
91.074986
91.693769
92.491603
Case #50:
7.453514
13.806424
16.894984
18.327628
19.766986
21.216237
22.675591
24.145259
25.828173
32.091059
33.794923
40.887373
46.608628
Case #51:
2.261334
4.475980
9.223106
14.197679
15.901617
17.396742
19.087143
20.738658
21.614106
22.328819
23.047583
23.854604
24.880245
26.611196
33.845062
35.113831
36.056285
36.842873
37.601956
38.525601
39.496560
42.579756
47.994419
50.992663
54.534195
57.684528
59.680821
Case #52:
1.000000
1.000000
1.000383
1.352275
1.714751
2.088828
2.475696
2.876764
3.293722
3.728623
4.184004
4.663063
5.169930
5.710094
6.265174
6.718014
7.099460
7.435369
7.738968
8.018102
8.277876
8.521835
8.752557
8.971989
9.188088
9.412430
9.646223
9.890774
10.144119
10.391135
10.630557
10.863045
11.090337
11.324082
11.568140
11.824010
12.094847
12.403519
12.783171
13.278971
13.773964
14.252064
14.742866
15.260114
15.874416
16.706773
18.740274
20.041089
20.868346
21.432927
21.801798
22.098695
22.380995
22.659607
22.934671
23.206321
23.474680
23.739865
24.001985
24.261146
24.517444
24.770973
25.021820
25.270070
25.515800
25.759086
Case #53:
2.533695
3.648365
3.961653
4.216658
4.471954
4.728278
4.985643
5.244063
5.503549
5.764115
6.025775
6.288543
6.552433
6.817459
7.085998
7.403102
7.855879
8.952080
14.519367
15.289741
15.860992
16.364422
16.819643
17.238316
17.628044
17.994110
18.340364
18.669712
18.984411
19.314826
19.719478
20.271708
20.994973
21.791543
22.501319
23.147687
23.745105
24.303252
24.828985
25.327370
25.802277
26.280340
26.952715
27.648737
28.114894
28.625476
29.379799
33.454578
34.362776
35.196256
35.600597
35.872478
36.096507
36.325118
36.568885
36.831292
37.117408
37.435127
37.798024
38.233579
38.819019
40.491103
41.258074
41.711460
42.068070
42.371822
42.640964
42.885172
43.115134
43.365514
43.652044
43.997209
44.465969
45.320108
45.773059
46.085736
46.483214
47.974534
48.808724
49.413978
49.999968
50.575221
51.140307
51.695745
52.242014
52.779553
53.308926
53.831156
54.346600
54.855515
55.358145
55.854715
56.345441
56.830523
57.286333
57.659411
57.979961
58.296910
58.670027
59.147972
Case #54:
16.809592
33.013987
45.060716
58.445482
67.701487
81.400371
95.522496
109.230509
119.980511
131.022701
144.622659
168.631559
183.863060
197.978660
224.707043
257.010024
293.846724
337.922880
396.671500
502.313382
507.185080
514.299767
517.865782
523.032320
526.698197
536.754870
541.210525
546.733345
554.838641
565.462341
569.387582
573.174489
576.221581
579.304349
583.938350
591.601998
595.798899
599.326335
606.181701
613.435060
618.116277
622.063985
628.126607
633.378415
637.354125
642.908633
646.225623
650.453907
656.801855
663.850930
670.232071
676.572034
680.162472
683.347344
690.633068
697.459395
708.373508
719.450937
729.162676
737.915913
745.948469
753.413567
760.416783
767.034527
773.324208
779.330260
785.087909
790.625641
795.966884
801.131176
806.135021
810.992503
815.715761
820.315343
824.800482
829.179320
833.459073
837.646179
841.746406
845.764947
849.706499
853.575323
857.375304
861.109989
864.782635
868.396232
871.953542
875.457116
878.909316
882.312340
885.668231
888.978893
892.246110
895.471546
898.656765
901.803235
904.912337
907.985371
911.023564
914.028075
Case #55:
2.073048
4.710496
5.865503
6.265887
6.661375
7.061231
7.465604
7.874649
8.288532
8.707430
9.131529
9.561028
9.996139
10.437087
10.884113
11.337477
11.797456
12.264348
12.738474
13.220182
13.709847
14.212342
14.775385
15.446557
16.332311
18.690660
23.968173
25.305835
26.078918
26.726408
27.345625
27.977378
28.628154
29.311031
30.153804
31.253811
32.982599
35.708933
36.819311
37.640215
38.322637
38.919397
39.496669
40.143409
40.895603
41.832133
43.021640
44.371847
45.964484
47.099784
47.800930
48.384076
48.988004
49.625783
50.303836
51.030918
51.819510
52.688496
53.669021
54.819745
56.281921
58.856668
63.048841
63.634798
64.067407
64.500835
65.004026
65.628117
66.490574
67.592175
69.070584
Case #56:
11.509469
18.158096
26.212465
34.662442
49.408597
55.239842
77.130326
98.372056
114.610730
124.898348
149.450204
172.940463
191.360461
210.401684
219.500952
228.995667
234.947109
238.937264
242.595152
246.275134
251.577703
257.395707
264.268923
273.042079
282.136351
294.408155
301.384906
306.660925
311.935541
318.521969
328.102940
336.741524
344.215304
349.999175
357.842536
368.192787
392.085886
402.010076
416.423435
421.572641
426.358318
435.190045
448.642007
462.403770
479.611411
488.695469
495.294438
501.295310
508.551941
518.592740
543.828343
563.841158
570.190297
574.698467
578.490506
582.009904
586.324898
593.204684
604.355284
609.560471
613.450010
616.803112
648.044641
665.519436
683.505337
689.238962
695.683646
702.298780
708.680896
717.588384
737.278907
749.257230
754.116167
758.984765
763.585802
772.504687
779.242904
789.473195
803.208567
836.183449
847.496362
865.755032
882.381246
896.679304
909.095116
915.731115
921.472722
926.296905
930.756065
934.972367
939.117611
943.465651
948.900469
956.543222
961.483624
965.064072
971.845132
981.441200
986.105974
991.906297
Case #57:
1.888878
2.985824
4.487940
4.953024
5.359439
6.905776
7.810665
8.331628
9.291396
10.282257
10.949734
11.829775
13.237741
14.519914
16.162108
17.499777
18.093178
18.595546
19.071164
19.644194
20.785920
22.032728
22.616508
23.105075
24.306953
25.198523
27.478111
27.950015
28.332998
28.926766
31.191853
34.736753
36.782801
37.448087
38.128122
38.656439
39.067060
39.650102
41.679457
42.132115
43.212838
43.985666
44.679857
46.480616
47.992421
49.137570
49.685373
50.130207
51.222771
51.918818
52.377651
53.313361
54.078499
55.832330
57.027427
57.730575
58.180831
58.552402
58.878323
59.194041
59.689308
62.244496
64.688119
65.669688
66.452586
67.179818
68.224645
70.080928
70.790289
71.194969
72.042009
72.712622
73.031073
73.377912
74.844845
78.581042
79.148850
80.095420
82.627869
84.225653
85.076093
85.871515
87.238899
88.106121
88.709894
89.232658
89.763611
90.279265
90.664258
90.978165
91.308219
92.061507
93.926534
95.936657
96.446809
96.881348
97.279374
97.685385
98.102899
98.539180
Case #58:
2.726837
4.568780
6.104005
7.446177
8.575873
9.704034
10.862751
12.785130
14.845651
15.275279
15.993483
17.473804
19.199636
21.359487
23.445375
23.885760
24.196795
24.495214
24.786952
25.072439
25.352061
25.626164
25.895063
26.159044
26.418366
26.673269
26.923970
27.170672
27.413559
27.652803
27.888563
28.120987
28.350214
28.576370
28.799577
29.019953
29.238415
29.455583
29.671479
29.886126
30.099546
30.311759
30.522785
30.732645
30.941356
31.148939
31.355410
31.560788
31.765090
31.968332
32.188230
32.491723
34.006035
35.351615
36.270399
37.116387
37.943022
38.751573
39.543179
40.318861
41.079544
41.826065
42.559188
43.307276
44.595077
45.792783
46.750435
47.572127
48.303237
48.968411
49.582806
50.152467
50.630765
51.038394
51.440247
51.873448
52.346726
52.873819
53.431049
53.937984
54.404029
54.837726
55.244999
55.630161
55.996464
56.346434
56.682077
57.005023
57.316610
57.617960
57.910020
58.193600
58.469397
58.738020
Case #59:
4.769822
13.938146
16.210282
17.287606
18.118100
18.884851
19.641727
20.389101
21.127321
21.856717
22.577596
23.298453
24.103886
24.871262
25.563974
26.272376
27.505999
31.534981
33.821844
36.313915
39.078921
42.204182
44.116147
46.116676
49.016352
50.092079
51.053093
52.296400
Case #60:
3.750317
5.063644
8.443369
11.735101
13.797198
14.877428
15.457399
15.905910
16.303128
16.706128
17.119180
17.583451
18.147677
18.794629
19.519574
20.360158
21.381848
22.492255
23.707489
25.090956
26.186321
27.115850
28.056025
29.117313
30.363736
31.949731
34.406070
35.742532
36.921821
38.053389
39.135511
40.177924
41.361014
42.392782
43.254828
44.221375
45.551448
48.575624
51.560078
53.911589
55.916064
57.692908
59.305588
60.851353
62.630981
63.965125
Case #61:
3.087471
4.541246
5.659776
6.603761
7.435919
8.188529
8.880802
9.525275
10.130664
10.703321
11.248041
11.768554
12.267826
12.748263
13.211848
13.660240
14.094840
14.516849
14.927300
15.327095
15.717023
16.097781
16.469985
16.834189
17.190886
17.540523
17.883504
18.220193
18.550926
18.876008
19.195718
19.510316
19.820037
20.125103
20.425717
20.722068
21.014334
21.302678
21.587253
21.868205
22.145668
22.419769
22.690627
22.958355
23.223059
23.484838
23.743789
Case #62:
4.740603
11.220862
14.244747
17.721623
21.268178
23.530488
26.515271
31.036215
36.016948
41.312712
47.387749
61.745412
65.664368
69.859507
Case #63:
5.244723
11.045062
13.882600
15.842337
17.492773
19.566880
26.918168
28.732934
30.381691
32.037663
35.734445
37.683157
39.470946
41.196859
43.045010
45.896488
48.810137
50.846915
52.621409
54.803234
56.947230
63.619773
66.878810
Case #64:
10.187120
16.044734
22.242030
39.489473
50.362004
59.483117
76.230434
87.763281
100.188462
112.843110
120.608389
135.188724
150.419975
156.551991
161.570940
166.336639
172.485719
185.351951
191.783209
199.618498
217.707779
225.394594
230.972489
235.269661
239.596501
245.121820
252.725490
259.360757
284.298041
297.356642
334.937504
339.650193
348.989215
353.135719
362.019770
369.122210
373.539470
378.290008
384.854131
397.238216
411.849452
436.675880
447.047359
452.038734
455.879559
459.387642
463.926830
471.174268
480.014091
488.523937
493.284444
501.130579
513.271771
517.085689
523.522063
529.671069
536.031140
544.300075
561.663648
574.308519
586.498700
591.928520
596.855656
604.904254
618.787071
623.258335
627.411182
631.810926
637.369971
645.186667
660.205809
671.874329
693.702783
697.124839
701.194662
711.365342
730.380907
763.563373
796.902801
800.296539
804.651282
811.834984
828.859155
842.579091
854.985138
871.075500
876.757632
880.129243
883.779214
887.770999
892.229407
926.588378
936.216169
941.537370
945.806818
950.605831
956.756034
967.038483
986.944421
994.601778
Case #65:
1.051713
1.497497
1.839587
2.134959
2.450738
2.809361
3.235185
3.791543
4.611444
5.671218
6.933792
7.937144
8.784492
9.458140
9.928210
10.338474
10.771530
11.234962
11.744263
12.318360
12.990920
13.761111
14.596106
15.515659
16.552247
17.766706
19.303449
22.087145
22.754127
23.076626
23.414241
23.867339
24.579113
25.608201
26.742922
27.954447
31.139430
32.088199
32.725123
33.257209
33.851324
34.553026
35.366438
37.566261
39.119384
40.009865
41.032071
43.370053
44.613945
45.116764
45.578613
46.062177
46.570841
47.106705
47.604712
48.049839
48.522584
49.110433
Case #66:
2.140290
3.262106
4.385622
5.726884
7.342508
9.491350
15.212894
17.740332
19.162173
20.272569
21.215487
22.049539
22.805494
23.501887
24.153140
24.821523
25.538761
26.317444
27.176734
28.148470
29.281183
30.387185
31.508099
32.688149
33.932827
35.253404
36.665731
38.192089
39.865574
41.739268
43.908818
46.584727
50.507408
54.282700
56.440447
58.123509
59.551987
60.815176
61.959875
63.014250
63.996810
64.920493
65.794765
66.643587
67.510614
68.399087
69.310681
70.247302
71.211131
72.204687
73.230902
74.293227
75.395764
76.543457
77.742358
Case #67:
1.193024
2.431887
3.726503
5.085153
6.518397
8.040064
9.668869
11.431241
13.089214
14.285732
15.289929
16.262636
17.243284
18.232071
19.229202
20.234893
21.249368
22.272860
23.305616
24.355397
25.542848
27.013545
29.187474
31.023034
32.619667
34.676851
37.341993
39.615008
40.112627
40.671420
41.574297
42.298616
42.915039
43.516923
44.230415
45.148627
45.866446
46.432501
47.046523
47.732992
48.525879
49.498790
50.809121
52.558460
54.071488
55.132922
56.472670
58.646401
61.722670
62.780578
63.782728
64.749880
65.731987
66.893063
68.331749
70.231897
75.708015
78.181373
79.498941
80.344806
Case #68:
4.885369
6.941829
8.655012
10.102340
11.326461
14.859693
17.939214
21.495986
22.936610
24.038142
25.056065
26.035142
27.125573
28.293468
29.415207
30.495866
31.547812
32.619119
33.718831
34.849334
36.013370
37.214112
38.455268
39.741218
41.077191
42.469524
46.121639
49.216010
51.284307
53.644901
57.274274
59.960907
62.553049
64.187211
65.533656
70.944004
77.219095
81.437598
83.404268
87.578684
88.355728
89.111311
89.972960
91.003994
92.334894
Case #69:
1.794681
3.104948
4.935956
5.844095
7.584457
9.718278
11.415611
13.223250
14.226413
14.880975
15.475731
16.918638
18.745344
19.255487
19.750526
20.246112
20.663290
21.023200
21.407688
21.935931
22.544640
23.001577
23.445647
23.979133
25.206335
26.127268
27.476557
28.156734
29.336109
31.394944
32.179459
32.980497
33.739780
34.388560
35.168114
36.590143
37.046395
37.414438
37.769790
38.120663
38.631258
39.738259
40.329692
41.875118
42.804318
43.652812
44.743639
45.174423
46.151283
48.379746
48.921787
49.375843
50.158431
51.644531
52.106635
52.638505
53.761022
55.997089
56.752305
57.165446
57.906797
58.923813
59.554790
61.370248
62.100369
63.327236
64.167999
65.051878
65.718032
66.153836
67.030849
68.853731
69.396207
70.254725
71.105942
72.797363
73.649861
74.294074
76.947757
78.833677
79.979332
80.735446
82.282045
82.946954
83.487664
84.024369
84.545686
85.044169
85.577173
86.205824
86.814818
87.493934
90.274388
91.532492
92.033342
92.575347
94.494217
95.260417
95.886053
96.567927
Case #70:
1.000000
1.333281
1.993691
2.650050
3.328481
4.464412
5.646638
5.961806
6.219038
6.480760
6.748078
7.021366
7.301045
7.587584
7.881515
8.197841
8.660547
9.919477
11.088938
12.065730
13.098337
14.505070
17.942689
19.624694
21.017991
22.244310
23.793023
24.968948
25.590630
26.109202
26.616831
27.144719
27.695504
28.272453
28.879692
29.522560
30.208177
30.946411
31.751628
32.646245
33.711734
35.499660
37.208251
39.486827
42.110002
43.048171
43.716947
44.292289
45.013636
45.973491
47.236756
48.566900
49.069212
49.507106
49.962187
50.436654
50.933216
51.455284
52.007244
52.594907
53.226252
53.912766
54.652066
55.424493
56.234520
57.088238
57.993587
58.961248
60.006189
61.150545
62.429602
63.906323
65.438810
66.078648
66.515336
66.869438
67.184966
67.515967
67.872220
68.260574
68.691678
69.183871
69.775021
70.571688
72.523415
73.387302
73.908303
74.364547
74.905245
Case #71:
1.542894
3.941002
4.624132
5.113619
5.598853
6.133965
6.738480
7.449429
8.367418
10.069972
12.466895
16.924426
18.356083
19.323200
20.144966
20.872108
21.531312
22.138671
22.704780
23.237052
23.740914
24.220482
24.678963
25.118916
25.542421
25.951196
26.346678
26.730086
27.104335
27.507849
27.970656
28.522323
29.230690
30.493076
31.716575
32.060241
32.369454
32.686071
33.010653
33.343831
33.686327
34.039182
34.429030
34.898680
35.490167
36.239225
37.461181
39.674090
42.108901
43.801095
45.011934
46.007527
46.873287
47.649716
48.359821
49.018156
49.634624
50.231858
51.092537
52.936590
53.507574
53.915996
54.276713
54.671214
55.120829
56.336893
57.319048
57.860527
58.323506
58.915603
60.146723
61.570685
62.441365
63.224653
63.957354
64.648164
65.323104
66.172836
Case #72:
10.751375
15.537837
19.534167
24.874051
37.708498
41.980259
44.688626
46.846440
48.694900
50.338053
51.832106
53.211514
54.499208
55.711363
56.992718
59.337308
62.538211
65.027690
67.138024
69.002904
70.692125
72.247586
73.696783
75.058911
76.348001
77.574675
78.747209
79.872194
80.954984
Case #73:
14.199063
20.615803
23.742911
30.476204
35.367032
41.857097
54.629151
62.904331
65.656063
68.527147
71.745264
74.910613
83.508259
91.159231
Case #74:
41.181229
66.931136
87.388756
104.891214
120.438361
134.568076
147.609230
159.780310
171.235228
182.087249
192.422601
202.308727
211.799564
220.939045
229.763524
238.303488
246.584801
254.629631
262.457150
270.084071
277.525068
284.793111
291.899726
298.855215
305.668827
312.348906
318.903008
325.338001
331.660154
337.875202
343.988411
350.004628
355.928329
361.763655
367.514447
373.184276
378.776468
384.294128
389.740158
395.117278
400.428039
405.674840
410.859936
415.985455
421.053405
426.065682
431.024083
435.930308
440.785970
445.592602
450.351658
455.064525
459.732522
464.356906
468.938877
473.479582
477.980116
482.441527
486.864816
491.250946
495.600837
499.915373
507.514821
515.562146
524.811823
530.836410
539.910921
549.325062
555.257827
560.490843
571.693297
581.515385
586.958933
597.598077
608.752714
616.103382
627.297723
641.753041
651.997905
659.631635
671.358319
682.717549
700.049230
717.468460
738.605845
762.019560
772.660767
781.861807
798.394593
806.690496
814.800604
823.325679
832.336796
841.927982
852.228162
863.422544
875.794512
889.818935
906.414638
927.914549
Case #75:
8.696329
10.826452
12.357612
13.618423
14.715620
15.740840
16.859525
18.232363
20.225342
22.015981
22.856234
23.789410
25.106624
26.633537
28.119848
29.696919
31.522612
34.600664
37.355375
38.670023
42.131355
44.325061
45.633337
46.601732
47.459052
48.709505
50.143622
51.695854
53.401311
55.316964
57.547362
60.148206
62.109165
63.501679
64.643918
65.636016
66.525109
67.423922
71.594393
76.604862
77.819601
79.329358
82.607201
Case #76:
1.477633
2.176719
2.884076
3.735534
4.734866
5.657685
6.534273
7.480149
8.532393
9.737799
11.195846
14.389808
21.907138
23.960271
25.180548
26.357773
27.694770
29.282415
31.357112
33.190465
34.063998
34.866614
35.782927
36.884573
38.386041
42.060343
43.878818
45.206173
46.303584
47.245991
48.080837
48.838238
49.536428
50.187445
50.799726
51.379460
51.931343
52.459042
52.965481
53.453040
53.923686
54.390944
54.878724
55.395526
55.961365
56.594392
57.346314
58.655557
59.941722
61.033061
62.019488
62.994079
64.010603
65.074991
66.194717
67.379429
68.641956
Case #77:
3.919320
7.217590
10.120608
12.737201
15.133872
17.358218
19.442801
21.411062
23.285016
25.356339
28.041341
33.030118
38.981267
43.480648
47.227833
48.948850
49.990073
50.825765
51.555565
52.211752
52.812928
53.381575
53.956544
54.540508
55.133319
55.735390
56.347167
56.969137
57.601827
58.245811
58.901715
59.570228
60.252106
60.948184
61.659388
62.386749
63.131421
63.894702
64.678062
65.483173
66.311955
67.166627
68.049778
68.964460
69.914314
70.903739
71.938134
73.024254
74.170733
75.388915
76.694217
78.108525
79.653058
81.257642
82.904826
84.598195
86.341868
88.140612
Case #78:
1.000000
1.048032
3.145394
4.683777
5.823253
6.582462
7.278913
7.929455
8.542123
9.124093
9.715572
10.337060
10.993646
11.692047
12.441445
13.254967
14.152580
15.167440
16.362729
17.880157
20.166766
23.538510
25.530553
27.194469
28.636898
29.928078
31.107489
32.199938
33.222226
34.185509
35.074368
35.893836
36.658003
37.376750
38.057326
38.705235
39.325605
39.925837
40.508359
41.075384
41.684753
42.403253
43.326006
45.006404
46.240870
47.123735
48.039612
48.992504
49.987300
51.197803
52.623312
54.082808
55.437532
56.149816
57.007013
58.643960
60.919821
62.149664
63.101946
64.077288
65.077451
66.103046
67.020797
67.801619
68.493027
69.121523
69.747015
70.395993
71.071319
71.776491
72.515853
73.294920
74.120836
75.000641
75.944727
76.969657
78.100625
79.411643
83.535064
85.354912
86.546920
87.503501
88.383638
90.411270
92.510570
93.975830
Case #79:
1.000000
1.860611
2.709289
3.514813
4.283164
5.019058
5.726291
6.407971
7.066684
7.704604
8.323586
8.925221
9.510892
10.081805
10.639022
11.183486
11.716032
12.238142
12.755502
13.269242
13.779436
14.284643
14.778224
15.260145
15.731197
16.193945
16.664872
17.148488
17.645875
18.158283
18.687160
19.236537
19.831367
20.491906
21.246388
22.151967
23.369317
25.863383
27.505058
28.591545
29.463553
30.205487
30.861669
31.483723
32.145354
32.858812
33.638601
34.537852
36.040047
39.364066
40.536958
41.409593
42.136665
42.773225
43.346471
43.872215
44.360613
44.818647
45.251362
45.662543
46.055117
46.431402
46.793273
47.144496
47.506096
47.884693
48.283996
48.711299
49.173732
49.681716
50.252139
50.915947
51.743438
53.008762
54.309213
55.126510
56.094785
57.110162
57.910120
58.591992
59.204206
59.874688
60.691599
61.839816
63.288835
64.480384
65.977550
70.173927
72.015933
73.258693
74.263339
75.132282
76.042677
77.134776
78.600577
80.181754
81.930721
83.114206
Case #80:
24.422172
34.780347
58.068020
73.019428
79.202327
Case #81:
1.000000
1.610271
2.359644
5.199050
6.500137
7.148500
7.682243
8.158867
8.593535
8.995694
9.371704
9.726085
10.062189
10.382583
10.689282
10.983907
11.267779
11.541997
11.807484
12.065757
12.333665
12.620649
12.931478
13.291565
13.833067
14.686513
15.289555
15.775822
16.195585
16.575199
16.925128
17.268570
17.653518
18.102505
18.634380
19.301951
20.279953
21.086498
21.646537
22.087592
22.541803
23.076999
23.763244
24.996423
27.040113
27.822484
28.581788
29.705191
31.328271
32.430949
33.618746
34.984432
37.132600
37.784605
38.141395
38.490212
38.856592
39.243488
39.654792
40.098492
40.744820
42.322187
44.192011
45.244775
47.567040
49.173619
50.391197
51.889888
54.070575
56.808993
57.396079
57.808788
58.162376
58.674013
61.408123
62.869451
64.028921
65.171890
66.300821
67.416219
68.518558
69.727764
71.136205
Case #82:
31.022058
Case #83:
1.000000
1.195960
1.926709
2.826539
3.961937
5.271930
6.865641
9.095111
13.750019
15.934157
16.528472
16.964824
17.346945
17.719395
18.083079
18.438589
18.786453
19.127256
19.462543
19.792867
20.119368
20.452575
20.796120
21.151028
21.518508
21.899998
22.297235
22.712347
23.147987
23.607542
24.095444
24.617691
25.182754
25.803288
26.499776
27.309642
28.318885
29.413817
29.853944
30.183218
30.574964
31.150806
32.107603
32.802537
33.273430
33.814736
34.534241
36.950282
39.584536
41.455057
43.403438
44.563314
45.031330
45.430472
45.835810
46.247642
46.666290
47.092734
47.547865
48.050853
48.620984
49.294861
50.154182
51.478995
52.825328
54.658515
57.393091
61.163523
63.128251
Case #84:
1.609900
3.741457
5.885709
8.125142
11.462557
12.680680
13.725045
15.050135
17.366546
18.798791
19.752637
20.511932
21.357794
22.361112
23.668556
26.083752
31.000000
34.684377
35.698591
36.539315
37.400583
38.298945
39.241990
40.300788
41.576133
43.319836
45.218465
47.255402
49.503633
52.947491
54.360067
55.839284
57.551464
59.613087
62.046987
Case #85:
7.094114
9.930750
11.412535
12.571109
13.594732
14.527414
15.389795
16.195719
16.955007
17.674925
18.370555
19.097657
19.870979
20.700645
21.601125
22.594398
23.716908
25.037923
26.726833
28.899794
30.097033
31.136016
32.242613
33.432043
34.726266
36.159100
37.787751
39.724705
42.271072
46.308183
48.275862
49.690137
50.804479
51.748828
52.583204
53.338908
54.034721
54.682965
55.323959
56.358401
57.705151
59.424117
64.743699
67.430981
69.207852
70.411038
71.377406
72.213651
73.068335
74.003856
75.048696
76.253455
77.726623
79.821770
81.574081
82.560520
83.346582
84.140144
84.975941
85.861533
86.965759
Case #86:
14.318104
21.377658
29.127945
34.032636
46.493755
55.454570
71.309720
Case #87:
21.467527
44.059539
67.973758
93.473686
120.924053
150.855411
184.093929
222.061155
267.635233
328.911679
402.210235
414.151399
419.216522
425.028763
433.573704
441.196470
448.625185
455.214411
465.902267
473.039264
476.072367
483.416855
491.850975
498.995943
504.413162
512.654026
522.157501
530.914712
536.281677
541.704958
548.855375
552.284257
555.540381
558.819803
562.123032
565.450593
568.803033
572.180918
575.584836
579.015399
582.473241
585.959026
589.473440
593.017202
596.591059
600.195791
603.832212
607.501173
611.203565
614.940316
618.712403
622.520846
626.366719
630.251146
634.175311
638.140459
642.147902
646.199023
650.295281
654.438220
658.629473
662.870771
667.163951
671.510965
675.913889
680.374938
684.896478
689.481037
694.131326
698.850257
703.640962
708.506818
713.451478
718.478899
723.593382
728.799612
734.102711
739.508297
745.022552
750.652305
756.405134
762.289480
768.314800
774.491739
780.832352
787.350386
794.061622
800.984333
808.139868
815.553426
823.255113
831.281386
839.677111
848.498550
857.817886
867.730344
878.366037
889.910996
902.648030
917.046490
Case #88:
2.830631
4.267132
5.986882
9.096222
15.310981
19.796016
22.308167
24.537571
27.339086
29.418390
31.228424
32.232394
33.282669
34.662979
37.023711
40.423344
47.257852
51.240703
53.548327
56.890900
58.462810
60.413599
62.532348
65.076132
66.570339
68.787070
72.459106
74.654089
79.293846
82.433037
86.318484
87.373602
90.131705
91.691295
93.662151
97.269237
101.125774
102.593412
104.525066
105.407326
106.382883
108.721453
111.157348
115.112649
116.514857
121.819068
126.993763
131.235679
134.233456
136.494901
139.886869
142.227860
144.648959
160.212301
195.168398
226.697819
255.645944
282.558910
307.813755
331.683743
354.374426
376.045039
396.821913
416.807276
436.085234
454.725980
472.788810
490.324358
507.376271
523.982485
540.176224
555.986778
571.440124
586.559433
601.365474
615.876947
630.110764
644.082278
657.805477
671.293149
684.557019
697.607872
710.455652
723.109554
735.578099
747.869202
759.990228
771.948049
783.749085
795.399346
806.904467
818.269742
829.500149
840.600379
851.574855
862.427759
873.163042
883.784447
894.295525
904.699642
Case #89:
7.888925
11.144922
15.028822
17.536755
20.282868
23.351510
26.892993
31.231383
37.026560
39.950635
41.955837
43.942786
46.363625
49.276107
53.216544
63.970598
71.797913
75.509078
78.002409
79.924315
81.578183
83.472662
85.896372
88.859354
Case #90:
1.191214
3.415709
7.617461
9.936502
11.656299
12.794659
13.863508
17.346608
25.913914
27.113852
29.141087
30.648268
31.716465
32.677532
33.962804
35.959930
37.655425
39.801792
42.772970
47.497016
50.254391
Case #91:
8.926251
19.235288
52.182103
66.907370
Case #92:
26.759274
56.539604
95.172771
106.610028
113.961260
118.221483
123.163049
134.642856
149.281584
169.223450
179.171865
183.654044
188.176917
197.186461
202.379658
212.157292
220.209158
229.682093
239.292702
259.563051
270.680872
283.952935
295.333306
304.757838
317.623029
339.751132
346.589109
351.995774
356.769980
361.539974
369.858633
376.002977
398.522130
412.147556
423.288121
430.634824
436.778004
443.581097
452.936174
464.595344
472.824190
479.148291
484.861182
498.789968
505.068795
510.818482
517.020878
527.745594
539.813703
551.120286
563.638503
578.519176
583.963923
589.402265
595.882731
603.587207
612.897149
620.332772
631.305602
641.876284
651.003164
670.059895
675.845068
679.998365
684.329706
689.108673
694.435448
700.572832
714.162068
727.950574
737.116105
744.250530
751.172582
760.785818
771.552536
797.110532
803.717734
810.497233
819.849265
831.055176
845.961223
853.360036
861.288362
876.160743
885.219216
895.201529
906.874210
915.282156
930.770186
936.972499
942.634082
947.028774
951.395908
955.998048
960.877787
966.092384
971.721995
977.884999
985.095034
993.574439
Case #93:
1.000000
1.098028
1.787268
2.361613
2.864493
3.348537
3.938032
4.629153
5.310971
5.982914
6.645399
7.303485
7.992820
8.726968
9.516000
10.374446
11.322026
12.350926
13.437915
14.358557
15.142184
15.836249
16.465855
17.046195
17.587292
18.098027
18.656756
19.351138
20.399507
23.982071
26.803937
27.713183
28.403379
28.996896
29.526917
30.010296
30.457533
30.875695
31.269808
31.643598
31.999919
32.341013
32.668679
32.984388
33.292231
33.596196
33.896432
34.197240
34.514223
34.851919
35.215009
35.610265
36.048137
36.546365
37.140050
37.922766
38.804904
39.512171
40.118875
40.658619
41.153166
41.664581
42.218604
42.828078
43.513982
44.315249
45.322541
46.537671
47.223623
47.778348
48.271278
48.719374
49.134470
49.541156
49.945962
50.348914
50.750037
51.149355
51.546893
51.942674
52.336722
52.729058
53.119706
53.508686
53.896021
54.281729
54.665833
55.048312
55.426236
55.797997
56.166903
56.557250
56.979701
57.443785
57.964948
58.571500
59.277684
59.816455
60.279796
Case #94:
5.277372
11.263494
18.355526
27.570179
Case #95:
1.353957
2.611430
3.742910
4.674215
5.479288
6.198743
6.855192
7.486550
8.158685
8.961005
10.121663
13.029473
25.543854
30.164590
31.878555
33.425509
35.167164
37.084266
38.695299
39.924657
41.262109
42.610306
43.905604
45.155562
46.524782
48.248515
51.007675
53.255702
54.133391
54.893529
55.737749
56.987284
58.072922
59.149937
60.599033
62.858168
Case #96:
1.152014
1.956088
2.755510
4.050732
6.424811
7.214115
7.963400
8.777778
9.677893
10.698356
11.906183
13.471793
16.001524
18.331751
19.533571
20.343218
20.997968
21.562813
22.067781
22.580536
23.144720
23.779843
24.522172
25.456449
26.983757
31.385067
33.269894
34.718420
35.959743
37.063430
38.067108
38.993861
39.906207
41.199700
44.180684
45.270868
46.346638
47.611829
50.151583
55.268995
56.192278
56.852802
57.395875
57.868114
58.306766
58.765193
59.287068
63.403909
66.394588
68.033025
69.037470
69.940997
70.769022
71.572646
72.474279
73.537599
74.932385
78.294634
79.386597
Case #97:
2.765688
3.804084
4.606022
6.168689
7.373280
8.137337
9.953951
10.769353
11.425330
12.601325
14.165677
16.203299
22.355235
26.438627
27.791502
28.675080
29.749813
30.718851
31.686695
32.855247
35.494202
36.255423
36.819516
37.343699
38.461514
40.917887
41.770366
42.429934
42.988248
43.744153
45.562745
46.852696
48.985558
51.498909
52.810715
53.298249
53.830637
54.463587
55.287353
56.688742
57.865751
58.299521
58.919441
60.420302
62.809724
66.146319
67.317078
68.351664
69.694193
70.935728
71.564187
72.045369
72.612487
74.499060
75.368194
78.613774
80.382484
81.103614
81.704819
82.508684
84.706872
85.622214
86.451663
88.108765
89.080204
89.922247
91.864206
93.224970
93.907082
94.451784
94.936479
95.519838
98.302940
100.036484
102.305451
103.947067
105.969386
107.329430
108.027602
111.523439
112.943576
113.974363
115.318262
118.159644
121.815736
124.459187
125.771018
126.526707
127.112552
127.647144
128.169289
128.860055
129.810495
130.609450
131.361805
134.797652
135.412239
136.260126
137.791479
138.930005
Case #98:
1.052661
2.368226
4.453199
8.061396
9.283401
10.573291
12.562309
15.266387
15.953051
16.618354
17.799738
18.918245
20.696886
22.602738
24.074582
25.559289
26.679862
27.575846
28.344628
29.028661
29.651005
30.225840
30.762627
31.268048
31.747034
32.203344
32.639922
33.059173
33.465659
33.861979
34.248319
34.623617
34.988625
35.355725
35.739682
36.143072
36.569183
37.022349
37.508492
38.036066
38.617907
39.275280
40.047960
40.816573
41.505099
42.180547
42.846098
43.502176
44.154346
45.002137
46.440035
47.708350
48.682982
49.505116
50.229661
50.884831
51.487407
52.048327
52.575195
53.074098
53.579499
54.112822
54.679280
55.289517
55.988368
56.864896
58.244383
59.075142
59.729174
60.408749
61.117116
61.858276
62.637257
63.460516
64.336590
65.279237
66.352153
67.659332
69.496397
70.846921
71.552119
73.554456
74.530750
75.132228
75.601577
Case #99:
6.263294
12.585590
18.968587
25.414067
31.923903
38.500062
45.144612
51.859733
58.647724
65.511007
72.452147
79.473855
86.579002
93.770636
101.051994
108.426522
115.897889
123.470013
131.147085
138.933593
146.834355
154.854553
162.999773
171.276051
179.689924
188.248492
196.959487
205.831355
214.873354
224.095662
233.509517
243.127375
252.963102
263.032212
273.352150
283.942651
294.826182
306.028503
317.579384
329.513539
341.871859
354.703068
368.066000
382.032805
396.693598
407.101590
425.851963
438.967183
449.053671
458.911911
473.332428
482.573693
493.973529
504.284057
519.691564
530.109812
543.441893
550.969083
565.329982
579.307773
592.931573
606.226989
619.216679
631.920812
644.357432
656.542757
668.491432
680.216731
691.730734
703.044466
714.168029
725.110701
735.881030
746.486912
756.935657
767.234049
777.388397
787.404582
797.288095
807.044072
816.677325
826.192375
835.593466
844.884600
854.069545
863.151862
872.134916
881.021891
889.815807
898.519528
907.135771
915.667125
924.116048
932.484886
940.775872
948.991142
957.132731
965.202587
973.202574
981.134475
Case #100:
5.238446
10.898504
13.825074
15.719310
18.123546
23.560307
26.190818
33.290822
40.239600
43.964420
47.478291
51.137589
57.167125
58.744479
62.083327
64.610970
67.101184
70.134556
76.020261
78.848195
85.265711
92.067115
95.792816
97.268378
98.983494
101.622122
107.037478
109.984133
114.966636
118.409027
123.312699
126.665296
130.398678
134.325078
136.145062
137.984984
144.139691
145.813893
158.411848
170.417520
182.441077
194.482601
206.542171
218.619870
230.715778
242.829980
254.962557
267.113594
279.283176
291.471387
303.678314
315.904042
328.148660
340.412254
352.694914
364.996728
377.317787
389.658181
402.018001
414.397339
426.796289
439.214943
451.653396
464.111743
476.590080
489.088502
501.607109
514.145997
526.705265
539.285014
551.885343
564.506354
577.148150
589.810833
602.494507
615.199276
627.925248
640.672527
653.441221
666.231440
679.043291
691.876885
704.732333
717.609747
730.509241
743.430927
756.374922
769.341340
782.330300
795.341918
808.376314
821.433608
834.513921
847.617375
860.744093
873.894201
887.067822
900.265085
913.486116
926.731044
