﻿mr_incredible‣PUZZLE: 9.00
PUZZLE.cpp
Dịch thành công

mr_incredible‣PUZZLE‣test001: 1.00
Thời gian ≈ 0.071164715 giây
DUNG
mr_incredible‣PUZZLE‣test002: 1.00
Thời gian ≈ 0.022881096 giây
DUNG
mr_incredible‣PUZZLE‣test003: 0.00
Thời gian ≈ 0.022124667 giây
SAI
hai o deu khac n^2
mr_incredible‣PUZZLE‣test004: 1.00
Thời gian ≈ 0.073681909 giây
DUNG
mr_incredible‣PUZZLE‣test005: 1.00
Thời gian ≈ 0.021887922 giây
DUNG
mr_incredible‣PUZZLE‣test006: 0.00
Thời gian ≈ 0.025247389 giây
SAI
hai o deu khac n^2
mr_incredible‣PUZZLE‣test007: 0.00
Thời gian ≈ 0.020576395 giây
SAI
hai o deu khac n^2
mr_incredible‣PUZZLE‣test008: 0.00
Thời gian ≈ 0.021457932 giây
SAI
hai o deu khac n^2
mr_incredible‣PUZZLE‣test009: 0.00
Thời gian ≈ 0.022965015 giây
SAI
hai o deu khac n^2
mr_incredible‣PUZZLE‣test010: 0.00
Thời gian ≈ 0.025942995 giây
SAI
hai o deu khac n^2
mr_incredible‣PUZZLE‣test011: 0.00
Thời gian ≈ 0.024051346 giây
SAI
hai o deu khac n^2
mr_incredible‣PUZZLE‣test012: 0.00
Thời gian ≈ 0.024027094 giây
SAI
hai o deu khac n^2
mr_incredible‣PUZZLE‣test013: 0.00
Thời gian ≈ 0.026063870 giây
SAI
hai o deu khac n^2
mr_incredible‣PUZZLE‣test014: 1.00
Thời gian ≈ 0.024463244 giây
DUNG
mr_incredible‣PUZZLE‣test015: 0.00
Thời gian ≈ 0.022242077 giây
SAI
hai o deu khac n^2
mr_incredible‣PUZZLE‣test016: 0.00
Thời gian ≈ 0.022299820 giây
SAI
hai o deu khac n^2
mr_incredible‣PUZZLE‣test017: 0.00
Thời gian ≈ 0.023323019 giây
SAI
hai o deu khac n^2
mr_incredible‣PUZZLE‣test018: 0.00
Thời gian ≈ 0.021210794 giây
SAI
hai o deu khac n^2
mr_incredible‣PUZZLE‣test019: 0.00
Thời gian ≈ 0.024401267 giây
SAI
hai o deu khac n^2
mr_incredible‣PUZZLE‣test020: 0.00
Thời gian ≈ 0.025513775 giây
SAI
hai o deu khac n^2
mr_incredible‣PUZZLE‣test021: 1.00
Thời gian ≈ 0.023405399 giây
DUNG
mr_incredible‣PUZZLE‣test022: 0.00
Thời gian ≈ 0.026908837 giây
SAI
hai o deu khac n^2
mr_incredible‣PUZZLE‣test023: 0.00
Thời gian ≈ 0.054493262 giây
SAI
hai o deu khac n^2
mr_incredible‣PUZZLE‣test024: 1.00
Thời gian ≈ 0.040628871 giây
DUNG
mr_incredible‣PUZZLE‣test025: 0.00
Thời gian ≈ 0.025975331 giây
SAI
hai o deu khac n^2
mr_incredible‣PUZZLE‣test026: 0.00
Thời gian ≈ 0.036720080 giây
SAI
hai o deu khac n^2
mr_incredible‣PUZZLE‣test027: 0.00
Thời gian ≈ 0.022617019 giây
SAI
hai o deu khac n^2
mr_incredible‣PUZZLE‣test028: 1.00
Thời gian ≈ 0.043109110 giây
DUNG
mr_incredible‣PUZZLE‣test029: 1.00
Thời gian ≈ 0.027326123 giây
DUNG
mr_incredible‣PUZZLE‣test030: 0.00
Thời gian ≈ 0.026724830 giây
SAI
hai o deu khac n^2
mr_incredible‣PUZZLE‣test031: 0.00
Thời gian ≈ 0.047545284 giây
SAI
hai o deu khac n^2
mr_incredible‣PUZZLE‣test032: 0.00
Thời gian ≈ 0.027999788 giây
SAI
hai o deu khac n^2
mr_incredible‣PUZZLE‣test033: 0.00
Thời gian ≈ 0.026991986 giây
SAI
hai o deu khac n^2
mr_incredible‣PUZZLE‣test034: 0.00
Thời gian ≈ 0.029662775 giây
SAI
hai o deu khac n^2
mr_incredible‣PUZZLE‣test035: 0.00
Thời gian ≈ 0.054014768 giây
SAI
hai o deu khac n^2
mr_incredible‣PUZZLE‣test036: 0.00
Thời gian ≈ 0.024051731 giây
SAI
hai o deu khac n^2
mr_incredible‣PUZZLE‣test037: 0.00
Thời gian ≈ 0.077543351 giây
SAI
hai o deu khac n^2
mr_incredible‣PUZZLE‣test038: 0.00
Thời gian ≈ 0.024484801 giây
SAI
hai o deu khac n^2
mr_incredible‣PUZZLE‣test039: 0.00
Thời gian ≈ 0.024561406 giây
SAI
hai o deu khac n^2
mr_incredible‣PUZZLE‣test040: 0.00
Thời gian ≈ 0.061555956 giây
SAI
hai o deu khac n^2
mr_incredible‣PUZZLE‣test041: 0.00
Thời gian ≈ 0.040454488 giây
SAI
hai o deu khac n^2
mr_incredible‣PUZZLE‣test042: 0.00
Thời gian ≈ 0.050365819 giây
SAI
hai o deu khac n^2
mr_incredible‣PUZZLE‣test043: 0.00
Thời gian ≈ 0.026864182 giây
SAI
hai o deu khac n^2
mr_incredible‣PUZZLE‣test044: 0.00
Thời gian ≈ 0.083940850 giây
SAI
hai o deu khac n^2
mr_incredible‣PUZZLE‣test045: 0.00
Thời gian ≈ 0.028010951 giây
SAI
hai o deu khac n^2
mr_incredible‣PUZZLE‣test046: 0.00
Thời gian ≈ 0.033476869 giây
SAI
hai o deu khac n^2
mr_incredible‣PUZZLE‣test047: 0.00
Thời gian ≈ 0.023122845 giây
SAI
hai o deu khac n^2
mr_incredible‣PUZZLE‣test048: 0.00
Thời gian ≈ 0.024324276 giây
SAI
hai o deu khac n^2
mr_incredible‣PUZZLE‣test049: 0.00
Thời gian ≈ 0.023967427 giây
SAI
hai o deu khac n^2
mr_incredible‣PUZZLE‣test050: 0.00
Thời gian ≈ 0.024576804 giây
SAI
hai o deu khac n^2
