159
877
1169
1281
2121
2506
3230
3613
4398
4506
5044
6035
6279
7273
7360
8102
8815
9081
9651
10133
10852
11123
11432
11817
12316
12879
13071
13674
14503
15248
15690
16602
17255
17981
18023
18420
19004
19421
19480
20053
20743
20972
21801
22609
23346
24150
25136
25663
26441
27098
27679
28616
28734
29187
29668
30013
31000
31399
31854
32340
32695
33176
33647
34311
34398
35199
35826
36696
37337
38039
38877
38942
39833
40384
40962
41153
41262
41532
42110
42779
43246
43774
44643
44866
44911
45718
46400
46699
47657
48106
48279
49182
49206
49539
49731
50072
50461
51340
51897
52294
53253
53683
54612
55072
55881
56410
56530
57449
57867
58018
58042
58388
59247
59978
60451
61351
61625
62595
63016
63808
64502
64734
65411
65673
66161
66834
67047
67369
67424
67624
68079
68724
68859
69713
70514
71059
72032
72799
73786
74634
74940
75877
76749
77263
78080
78841
79601
80130
80790
81354
81944
82648
82727
83706
84307
84692
85324
86221
87051
87056
87285
87437
88026
88560
89243
89635
90072
90517
91271
91277
91895
92303
92535
93422
94006
94230
94770
95275
95511
95650
96001
96528
96995
97500
98202
98328
98375
99108
99865
100283
100734
101152
101375
102118
102260
102488
103174
103973
104489
105052
105407
106025
106105
106274
107116
107791
108140
108205
109103
109469
109818
110658
111610
112204
112708
113208
113236
113859
113993
114129
115033
115194
115447
115901
116706
117529
117871
118556
118893
119642
120630
121051
121290
122104
122470
122771
123431
123877
124813
124940
125521
126312
126967
127097
128022
128970
129187
129449
129882
130166
130253
130532
131406
132033
132201
132459
133220
133342
133394
134170
134289
135194
135737
136681
136922
137121
137824
138465
139368
139694
139737
139853
139939
139956
140088
140836
141162
141840
142469
142935
143841
144278
144524
144837
145609
145958
146707
147409
147526
147600
148503
148515
149365
149647
150254
151126
151571
151728
152048
152128
152874
152993
153542
154116
154562
154905
155302
156182
156432
157145
157520
158321
158488
158650
159016
159064
160029
160061
161002
161644
161693
162307
162674
163146
164076
165015
165711
166639
167495
167927
168918
169839
170525
171304
172086
173059
173918
174599
174790
175268
176047
176125
176961
177842
178657
179532
179937
179995
180907
181403
181982
182081
182896
183777
184385
185077
185674
185833
185905
186849
187651
188251
188431
189020
189384
190210
190511
190524
191381
191637
191914
192667
193457
194017
194440
195216
195434
196313
196877
196942
197535
198112
198795
198889
199875
199875
200217
200753
201131
201874
202018
202071
202746
202780
203653
204510
205282
205481
205678
206360
206934
207273
207497
208323
209162
209262
209892
210550
210787
211031
211574
211869
212276
212326
213195
213708
214051
214192
215128
215878
216033
216702
216804
216926
217890
218787
219718
220202
220862
221541
222372
222694
222819
223475
223629
224066
224569
225403
225706
226511
227338
227639
228352
229235
229847
230727
231359
232252
232338
233292
234210
234830
235444
235659
236316
237189
237282
238000
238096
238913
239591
240369
240601
240615
240874
241411
241637
242433
242685
243265
243491
244448
245038
245373
246064
246662
246948
247919
248309
249189
249911
250159
250363
250964
251795
252684
253313
253979
254052
254666
255625
255906
256072
256898
257197
257782
258297
259006
259811
260604
260689
261683
262660
263561
264231
264950
265155
265903
266874
267022
267079
267772
267839
268744
269405
269734
270487
271215
272077
272569
273510
274234
275071
275822
276482
277065
277419
277561
277588
278000
278740
279226
279830
280709
281573
282407
282496
283465
284115
284896
285316
286067
286344
287258
288218
288276
288953
289533
289957
290669
291394
291875
292494
293144
293330
293411
294239
294913
294925
295330
295666
296497
296691
297270
297349
297838
298509
299001
299065
299446
299446
299471
299981
300343
300761
301133
302068
302105
302952
303102
303389
303407
303861
303927
304895
305335
306245
306274
306846
307722
308100
308929
309217
309264
309791
310211
310352
311080
311905
312099
312989
312999
313253
313560
313822
314386
314434
314517
314731
315211
315211
315293
316088
316550
316637
316871
317801
318497
319207
320112
320974
321228
321850
321962
322525
323204
323865
324176
324770
325195
325541
325876
326249
326436
326496
327362
327588
327804
327914
328718
329401
329718
329727
329757
330719
331239
332082
332738
333589
333648
334398
334809
335236
335646
336096
336324
336869
337118
337131
337382
337772
337780
337847
338751
339338
339349
339543
340258
340914
341119
341922
342664
343051
343726
344524
345125
345407
345933
346884
347123
347893
348081
348761
349223
349436
349755
349816
349926
350127
351006
351061
351543
351682
352524
353264
353315
353352
354343
354818
355618
356175
356887
357699
358675
358729
359593
359894
360346
360823
361509
361589
362532
362621
362706
363434
364405
364496
365245
365886
366047
366256
366677
367221
367702
367702
368031
369023
369363
369667
369980
370869
371368
371412
371530
371673
372471
373412
373549
374103
374751
375405
375579
375865
376710
377467
378315
379028
379769
380362
380973
381419
382002
382503
383398
384066
384607
384876
384909
385365
385860
386276
386504
387321
387381
388046
388342
388748
389125
389799
390775
391476
391519
391991
392760
392985
393054
393883
393933
393957
394700
395165
395520
395783
396034
397034
397393
397402
397958
397968
398787
399015
399587
399901
400199
400221
400433
401044
401804
401936
402275
402765
403467
403643
403786
403880
404805
405219
405975
406668
406768
407639
408434
409272
409430
409849
409861
410054
410161
411039
411445
411824
411824
412816
413061
413125
413864
414194
414853
415188
416068
416604
417547
417715
418600
418931
419708
419762
420000
420702
420755
421125
421400
422192
422675
423518
424235
424793
425485
425596
426481
426707
427238
427917
428916
429833
430205
430205
430291
430997
431032
431044
431540
431667
431720
432658
433164
434106
434260
434955
435378
436180
436832
437587
437997
438345
439094
439363
439745
440005
440337
440551
440886
441272
441548
441655
442548
443534
444367
444999
445919
446816
447149
448079
448771
448783
449109
449125
449937
450179
450315
450544
451178
451465
451736
452436
453368
453393
453935
454030
454838
455122
455487
455686
456557
457505
457879
458731
459220
459354
459830
460632
461357
462099
462628
463017
463152
463611
464469
465280
465749
466114
466824
467526
468054
468589
469037
469259
470073
470781
471615
472089
472841
472842
473504
474379
474819
475067
475559
475802
476157
476680
477164
477635
477747
478539
478803
479658
479947
480800
481350
482281
482865
483357
483733
484070
484648
484737
485526
486159
486209
487082
487720
488267
488965
489624
489976
490378
491270
491885
492805
493037
493049
493926
494456
494892
494982
495856
496652
497557
497730
498236
498516
499342
499648
500559
500649
501505
501841
502629
503577
503852
504437
505406
506300
507151
507688
507916
508839
508949
509034
509801
510359
511251
511251
511293
511423
511554
512050
512292
513101
513753
513770
514088
514811
515795
516098
516537
516575
516915
517351
517777
518642
518816
519369
519710
520189
520346
520648
521043
521334
521957
522069
523026
523380
523380
524313
525188
525340
525539
526477
527082
527943
528427
528497
528598
529080
529114
529114
529612
529698
530425
530560
531370
532352
532937
533677
534189
535080
535864
536436
537051
537932
538540
538860
539410
540140
540656
541552
542551
542836
543563
543727
543981
544523
545397
545670
546379
547227
548043
548743
549327
549459
549616
549836
549935
549970
549979
550175
550475
550990
551939
552238
553019
553787
553988
554565
555388
555522
555673
556344
556463
557009
557644
557932
558183
558362
559237
559595
560495
561074
561230
561601
561728
561929
561929
562878
563252
564012
564993
565839
566084
566266
566286
566499
566730
567038
567334
567840
568791
569313
569521
570101
570648
571135
571951
572859
573631
573916
574044
574444
575349
575813
576493
576945
577252
577261
577597
577838
577989
578601
579181
579740
580254
580492
580657
581105
581122
582067
582794
582905
583253
583911
584600
585251
585408
585495
585723
585843
585883
586149
586796
587437
588351
589137
589991
590609
591305
591876
592175
592625
593252
593713
594073
595070
595561
595919
595970
596747
596886
597766
598752
599138
599740
600134
600812
601225
601897
602665
603230
603304
603911
603911
604262
604328
604412
604743
604984
605736
605769
606683
606892
607562
607579
607876
608592
609566
610443
611332
612075
612896
613037
613118
613516
614375
615086
615140
615758
616249
616960
617426
618365
619253
619632
619802
620049
620704
620855
620940
620520
620598
620872
621710
622324
622628
622968
623930
624439
624862
625767
626051
626138
626202
626589
627075
627804
628230
628868
629009
629290
629389
630023
630959
631105
631803
632651
632799
633251
633907
634764
635064
635994
636759
636860
637398
637443
637935
638059
638218
638594
638927
639651
640557
641503
642176
642670
643458
643633
644499
644780
645034
645699
646250
646315
646898
646987
647454
647843
648640
648696
649128
649214
649787
650348
650952
651583
652258
653091
653736
654165
655161
655377
656202
656889
657180
658109
658243
658431
658557
658688
659469
659517
660407
661204
662137
662210
662373
663176
663594
663910
664026
664751
665189
665566
666219
667043
667799
668547
669258
670050
670359
671237
671621
671930
672315
672722
673562
674336
675168
675685
675943
676388
676841
677764
678533
678981
679848
680828
681309
681705
681831
682799
683241
683723
684637
685326
686319
687280
687686
688519
688638
689240
689678
689810
690112
691040
691997
692343
692511
692632
693454
693875
694784
695185
695441
695467
695795
695840
696430
697173
697953
698691
698749
699374
699959
700506
701082
701199
701823
702340
702736
702822
702828
703704
703791
704187
704901
705318
706056
706717
707122
707822
708171
708452
708510
709391
709744
710243
711187
711930
712859
713514
713905
714197
714324
715323
715925
716007
716100
717074
717687
718018
718737
719586
720556
720994
721771
722270
722363
723318
723671
724443
724810
725106
725780
726715
726977
727129
727714
728589
729562
730484
731392
732257
732812
733780
734596
735210
735799
736363
736739
736891
737427
737828
738141
738164
738547
738875
739606
739877
740058
740862
741511
742359
742837
743796
744463
745159
745759
746059
746636
747404
748109
748781
749279
750116
750432
750515
751278
751575
751656
752047
752498
753219
754092
754268
754623
754985
755429
755986
756030
756394
756757
757645
757967
758558
758693
758826
759737
760555
760905
761345
762214
763079
763575
763736
764440
765150
765263
765482
765967
766934
767771
767776
768454
768475
769182
769182
770054
770919
771130
771614
772328
772420
773219
773790
774775
774947
775369
775835
775952
776722
776895
777316
778269
778976
779087
780065
780858
781828
782300
783129
783734
784644
785482
786120
786384
787288
787868
788414
789042
789550
790494
790585
791055
791396
791643
792120
792703
792912
793683
794520
795080
795602
795773
796531
797218
797641
798353
799259
799867
800521
800735
801232
801416
801752
802161
802709
803607
803822
804062
804171
804301
805093
806090
806169
806305
806621
807207
807606
807685
808552
809113
810090
810129
810641
810761
811517
812382
813062
813724
814102
814160
815109
815930
816324
817276
817648
817714
817817
818198
819033
819187
819405
820060
820527
821313
822126
822561
823284
823702
824334
824805
825630
825835
826645
827102
827489
827603
828537
829092
829816
829973
830229
830534
831153
831752
832404
832919
833712
834412
835213
836048
836295
836351
837193
837216
838195
838699
839383
839599
840397
841002
841760
842060
842966
843030
843323
843394
843398
843997
844484
844862
845138
845695
845879
846353
846738
847595
848057
848888
849517
850141
850390
850813
851544
851952
852072
852556
853376
853660
853821
854676
855268
855388
856179
856949
857882
858743
859129
859380
859901
860616
861098
861780
862712
863089
863969
864394
865125
866013
866468
867351
867716
868071
868388
868555
868576
868923
869341
869893
870620
871362
872001
872001
872926
873920
874820
875121
875728
875920
876073
876608
876631
876728
877439
877610
878447
879341
879990
880564
880723
880833
881223
881462
882256
882338
883259
883319
883671
883969
884549
885087
885973
886198
886501
887230
887348
887772
888408
889286
890082
890799
890859
891139
891311
891693
892124
892324
892514
892819
893810
893891
894168
895095
895397
895412
895449
896385
897315
897792
898147
898253
898311
898470
899053
899921
899986
900117
900221
900762
901285
901285
901483
901570
902232
902404
902944
903814
904295
904373
904400
904416
904526
905402
905962
906121
906514
907284
908256
908429
909001
909261
909825
910464
911009
911978
912044
912836
913746
913781
914012
914948
915785
916167
916211
916603
917563
917613
917966
918854
919676
919770
920658
920881
921242
921423
922313
922402
922772
923131
924063
924111
924986
925190
925958
926645
927335
928268
928451
929414
930101
930359
930911
931473
931501
932359
932840
933221
933485
934324
934587
934811
935650
936439
936548
936755
937324
937784
938592
939354
939730
940139
940294
940626
941532
942063
942277
943238
943816
943851
944424
944461
944970
945950
946790
947309
947832
948640
949431
949905
950442
951339
951867
952641
953601
954407
955363
956127
956783
957508
958405
958716
958924
959896
960002
960530
960950
960973
960975
961189
961409
961602
962524
963231
963510
964036
964198
964532
964568
965364
965710
965718
966019
966152
966237
966337
966510
966557
967181
967426
967887
968728
968783
969694
970387
970911
971717
971866
972292
973208
973250
973953
974638
975384
976042
976995
977072
977823
978782
978833
979642
980450
980906
981367
981694
982303
982761
983266
984062
984795
985268
986159
986477
987053
987554
988455
989295
989347
989467
989851
990456
991423
991851
992256
992749
993291
993466
994087
994507
995501
995615
996541
996775
996959
996999
997683
998292
999163
999862
1000447
1001395
1001588
1002404
1002410
1003401
1003984
1004037
1004332
1005169
1006134
1006723
1007470
1007622
1007845
1008286
1008416
1008495
1009433
1010157
1011076
1011972
1012766
1013004
1013663
1014656
1015439
1015476
1015631
1015922
1016399
1016830
1017578
1017884
1018057
1019039
1019164
1020163
1020537
1020954
1021429
1022218
1022514
1022519
1022987
1023706
1024080
1024768
1024849
1025315
1025756
1026481
1026811
1026896
1027438
1027623
1028413
1029306
1029422
1030245
1030692
1030973
1031836
1032028
1032610
1033126
1033900
1033989
1034064
1034245
1034960
1035645
1036149
1036548
1036555
1037066
1037102
1038018
1038051
1038960
1039159
1039833
1039945
1040137
1040426
1040558
1041137
1041289
1041640
1042311
1042714
1042781
1043590
1043651
1044548
1045526
1045650
1046342
1047214
1047350
1048316
1048900
1049832
1050668
1050941
1051574
1052444
1052952
1053265
1053315
1054274
1054451
1054915
1054939
1055750
1056164
1056847
1057152
1057709
1057733
1057840
1058206
1059085
1059128
1059209
1059910
1060528
1060689
1061362
1061813
1062451
1063330
1064317
1064466
1064841
1065450
1065833
1066657
1067410
1067829
1068603
1069597
1070468
1070998
1071329
1071488
1072188
1072754
1073753
1073823
1074229
1074971
1075911
1076301
1076547
1076749
1077583
1078579
1078615
1079194
1079760
1080141
1080262
1080756
1081325
1081866
1082435
1083171
1083392
1083421
1084167
1084600
1085140
1085350
1085389
1085680
1085932
1086903
1087601
1087613
1088262
1089114
1089175
1089941
1090021
1090055
1090793
1091648
1091784
1092658
1093282
1093308
1093506
1093527
1094002
1094803
1094989
1095107
1095109
1095570
1096325
1097218
1097722
1098336
1099239
1099964
1100584
1100593
1101333
1101961
1101999
1102434
1103109
1103802
1104175
1104910
1104988
1105372
1105496
1105655
1105845
1106495
1107010
1107171
1107997
1108355
1108983
1109558
1110262
1111215
1111799
1112165
1112352
1113188
1113871
1114437
1115435
1116335
1116750
1117179
1117593
1118132
1118298
1118299
1118825
1119694
1120548
1121277
1121600
1122500
1123497
1124087
1124655
1125570
1126051
1126457
1126880
1127185
1127446
1128340
1128589
1129211
1129225
1129855
1130009
1130807
1130883
1131370
1131940
1132601
1133265
1133429
1134001
1134912
1135814
1135837
1135984
1136211
1136760
1137409
1137466
1138342
1138527
1138676
1138814
1139507
1140474
1141214
1141770
1141870
1142357
1142988
1143690
1144108
1144539
1144862
1145303
1146074
1146678
1147139
1148007
1148474
1148668
1148671
1148905
1149136
1150117
1151096
1151753
1152472
1153435
1153750
1154724
1155345
1156056
1156195
1157117
1158085
1158325
1158783
1159696
1159739
1160699
1161188
1161616
1162457
1163055
1163245
1163575
1163743
1164274
1164697
1165239
1166212
1166327
1166407
1166887
1167091
1167296
1167903
1168063
1168330
1168630
1168954
1169927
1170329
1171173
1171895
1172557
1173460
1173711
1174701
1174878
1174899
1175419
1175560
1176325
1176505
1176743
1177409
1178197
1178381
1178961
1179253
1179550
1180029
1180762
1180935
1181928
1182325
1182732
1183226
1183378
1183529
1184323
1185185
1186024
1186842
1186882
1187882
1188248
1189051
1189075
1189855
1189978
1190429
1191031
1191389
1192285
1192370
1192565
1193073
1193667
1194205
1194929
1195541
1195595
1196007
1196340
1196702
1197117
1197629
1197648
1197700
1198471
1199063
1199685
1199870
1200566
1200829
1201550
1201665
1202380
1202829
1203790
1204599
1205556
1205738
1205822
1206222
1207175
1207356
1207581
1208190
1208585
1209491
1210179
1210836
1211700
1211175
1211728
1212266
1212925
1213404
1214066
1214194
1214371
1214822
1215567
1215833
1216368
1216400
1217234
1217995
1218826
1219696
1220472
1220738
1220978
1221538
1222463
1222848
1223306
1223867
1224696
1225287
1225798
1226240
1226466
1227199
1227250
1227461
1228319
1228345
1229213
1229394
1229852
1230141
1231038
1231481
1231620
1232148
1232623
1232854
1233140
1233423
1234282
1235056
1235168
1236043
1236856
1237367
1237404
1237912
1238857
1239203
1239409
1239777
1240497
1241030
1241872
1242096
1242356
1242603
1243259
1243625
1244041
1244049
1244740
1244963
1245598
1246457
1247280
1248091
1248549
1248667
1249168
1249610
1249610
1250199
1251149
1251681
1251726
1251876
1252809
1253377
1254118
1254717
1254939
1255746
1256004
1256662
1256841
1257695
1257924
1258685
1259217
1259698
1260689
1260907
1261846
1261916
1262743
1263391
1264359
1265209
1265384
1266134
1266443
1267394
1267394
1267556
1267729
1268179
1268283
1268876
1269392
1269566
1269847
1270190
1270972
1271357
1271422
1271422
1271593
1272445
1272629
1273613
1274395
1274795
1274949
1275117
1275882
1276667
1276786
1276820
1277698
1277726
1278634
1279514
1280185
1280187
1280580
1280833
1281832
1282157
1283104
1283851
1284720
1285084
1285161
1285693
1285863
1286099
1286571
1287081
1287143
1287966
1288254
1288383
1288543
1289227
1289432
1290000
1290041
1291013
1291130
1292119
1292648
1293647
1294318
1294381
1294652
1295160
1295575
1295846
1296011
1296119
1296832
1297419
1297907
1298574
1299417
1300326
1300450
1300917
1301437
1301967
1301985
1302373
1303345
1304067
1305055
1305111
1305907
1305667
1306082
1306837
1307693
1308629
1308680
1309538
1309979
1309995
1310039
1310849
1311210
1311442
1311535
1311746
1312390
1312935
1313198
1314052
1314395
1314483
1314561
1315224
1316139
1316925
1317488
1318001
1318985
1319742
1319817
1319872
1320722
1320868
1321129
1322018
1322457
1323425
1324079
1324500
1325046
1325135
1325929
1326380
1327099
1327312
1327463
1328321
1329055
1329392
1329889
1329978
1330783
1331634
1331881
1332096
1332836
1332989
1333088
1333164
1333651
1334626
1335608
1335736
1336529
1336943
1337372
1337468
1337534
1338204
1338402
1339108
1339816
1340248
1340922
1341366
1342313
1342603
1343148
1343736
1344555
1345247
1345703
1346512
1346762
1347023
1347579
1348207
1348586
1349242
1349540
1349824
1349938
1350145
1351098
1351186
1351227
1351768
1352051
1352765
1353654
1353932
1354293
1354662
1354694
1354708
1354767
1354877
1355219
1355639
1356610
1357062
1357804
1357871
1358578
1358857
1359060
1359477
1359417
1360392
1360453
1361156
1361407
1361578
1362325
1362801
1362970
1363874
1364823
1365280
1365603
1366512
1367202
1367484
1368443
1369422
1369902
1370723
1371074
1371649
1372461
1372487
1373072
1373241
1373295
1373712
1374701
1375645
1376107
1376821
1377733
1377950
1378426
1378601
1378946
1379580
1379939
1380459
1381183
1381583
1382444
1383241
1383844
1383884
1383969
1384299
1384803
1385258
1385929
1386517
1387326
1388324
1388892
1389383
1389842
1390305
1390917
1390952
1391021
1391787
1392365
1393093
1393215
1393676
1394617
1394710
1395250
1395752
1396298
1396390
1397018
1397474
1398339
1399015
1399935
1400053
1400597
1401159
1401880
1402257
1402935
1403776
1404672
1405499
1406133
1406932
1407288
1408282
1408927
1409239
1409241
1409481
1409580
1409765
1409819
1409849
1410498
1411383
1411591
1412531
1413182
1414140
1415027
1415966
1416362
1416705
1417220
1418105
1419030
1419403
1419490
1420026
1420958
1421459
1422429
1421692
1422592
1423356
1424152
1424219
1424690
1425575
1426357
1427039
1427802
1427832
1428095
1428609
1428609
1429429
1430292
1430925
1431478
1431757
1432336
1432413
1433041
1433390
1433656
1434293
1434870
1435442
1436033
1436663
1437482
1437498
1437867
1438571
1439386
1439748
1440292
1440785
1441432
1441836
1441919
1442915
1443882
1444639
1445209
1445975
1446112
1446371
1447103
1447292
1447967
1448861
1449664
1450009
1450040
1450059
1451054
1451219
1451719
1452267
1452447
1452561
1453236
1454093
1454636
1455028
1455611
1456215
1456915
1457287
1458149
1458559
1458674
1459491
1459551
1460487
1461481
1462034
1462633
1462941
1463078
1463983
1464435
1464642
1464841
1465537
1465886
1466550
1466577
1466693
1467356
1467777
1468274
1469031
1469577
1470419
1470680
1470900
1470908
1470966
1471640
1472392
1473128
1473148
1473294
1474274
1474371
1474616
1474766
1475166
1475350
1475797
1476089
1476292
1476464
1476608
1476788
1476231
1476343
1476739
1477535
1477935
1478586
1479394
1479657
1479863
1480727
1481090
1481139
1481620
1482557
1483049
1483804
1483910
1483926
1484694
1485581
1486025
1486287
1486797
1487346
1487960
1488823
1489394
1490197
1490577
1491159
1491455
1492223
1492652
1492912
1493116
1493661
1494631
1495049
1495826
1496662
1497183
1497415
1498201
1498799
1498857
1499283
1499822
1499928
1500498
1501321
1502264
1502692
1503100
1503957
1504578
1505142
1505966
1506597
1507301
1507329
1507464
1507745
1508565
1508903
1509101
1509294
1510158
1510695
1510822
1510996
1511304
1511409
1511914
1512300
1512921
1513531
1513757
1514161
1514495
1514634
1515590
1516492
1517090
1517648
1517711
1518568
1518873
1519764
1520599
1520650
1521589
1522012
1522829
1523275
1523394
1523451
1524219
1524992
1525277
1525432
1526374
1527132
1527434
1528289
1528891
1529089
1529926
1530733
1531148
1532011
1532563
1532594
1533243
1533946
1534133
1534340
1534379
1534646
1535561
1536073
1536784
1536606
1537346
1537649
1538376
1538761
1538936
1539034
1539182
1539875
1539899
1540896
1540922
1541532
1541946
1542224
1542424
1543134
1543348
1544209
1544944
1545097
1546071
1546807
1547539
1547834
1547834
1548511
1548760
1549461
1549826
1550167
1550359
1551342
1551751
1552362
1552600
1553200
1553993
1554598
1554793
1555494
1555552
1555736
1556214
1556780
1557458
1557924
1558502
1559035
1559409
1559944
1560580
1560978
1561671
1562546
1562981
1563494
1564073
1564985
1565601
1566004
1566841
1566961
1567597
1567753
1568636
1569198
1569417
1570331
1570688
1571315
1572253
1572975
1573213
1574063
1574843
1575097
1575366
1575798
1576480
1577338
1577654
1577891
1578293
1578737
1579049
1579061
1579159
1579829
1580300
1580833
1581203
1581293
1582145
1583034
1583556
1584079
1584875
1585092
1585931
1586312
1586945
1587378
1587470
1587923
1588661
1588824
1589146
1590072
1590164
1590780
1591555
1592001
1592018
1592671
1593535
1594447
1595128
1595428
1595753
1596427
1596939
1597134
1597666
1598604
1599031
1599833
1600214
1600505
1601163
1602026
1602177
1602933
1603885
1604663
1605069
1605251
1605630
1606136
1606482
1606861
1607440
1608293
1608329
1608941
1609532
1610101
1610707
1611033
1611219
1611670
1612376
1612741
1613183
1613776
1614400
1614937
1615356
1616255
1617027
1617584
1618516
1618882
1619267
1620204
1620927
1621652
1621985
1622199
1622395
1622625
1623503
1624431
1624470
1625130
1625814
1626099
1626919
1627356
1628002
1628313
1629283
1630248
1631044
1631517
1632467
1633076
1633346
1633471
1633751
1634684
1635283
1635413
1635161
1635473
1636051
1636460
1636875
1637040
1637069
1637384
1638235
1639126
1639662
1640502
1640647
1641158
1641207
1641427
1642126
1642866
1643436
1643952
1644862
1645121
1645874
1646489
1646930
1647491
1647690
1647952
1648002
1648621
1648706
1649170
1649462
1650313
1650329
1650738
1651723
1651900
1652290
1652672
1652838
1653096
1653813
1654041
1654119
1654899
1655572
1656449
1657028
1657706
1658542
1658849
1659511
1660384
1661352
1661408
1662034
1662760
1663486
1664383
1664773
1665138
1665707
1666431
1666666
1667286
1668146
1668541
1668719
1668950
1669851
1670036
1670407
1671360
1671759
1672101
1672864
1673514
1674014
1674585
1674388
1675272
1676207
1677115
1677456
1678255
1678935
1679653
1680262
1680598
1681170
1681723
1682623
1683576
1683779
1683978
1684422
1684705
1684835
1685655
1686014
1686178
1686506
1687279
1687741
1688005
1688182
1688515
1689287
1689315
1690159
1691071
1691445
1692247
1692844
1693322
1694213
1694331
1694757
1695317
1695338
1695938
1696553
1696922
1697365
1698254
1698313
1699283
1700028
1700235
1700759
1701078
1701792
1702598
1702625
1703533
1703719
1704067
1704067
1704584
1705455
1705755
1706058
1706590
1706821
1707241
1707369
1707564
1708200
1708959
1709919
1710572
1710640
1710953
1711816
1711910
1712843
1713602
1713733
1714231
1714609
1715516
1715747
1716071
1716898
1717504
1718108
1718880
1719820
1720151
1720721
1721325
1721363
1722245
1722423
1723320
1723443
1724133
1724387
1725021
1725714
1726546
1727233
1727364
1727852
1728090
1728829
1729320
1729773
1730700
1731563
1732460
1732898
1733652
1734368
1734429
1734908
1735316
1736275
1736559
1736675
1737506
1737977
1738096
1739013
1739290
1740244
1741076
1741984
1742514
1743199
1743226
1743984
1744980
1745782
1746498
1746856
1747254
1747624
1747939
1748153
1748776
1749246
1749342
1749969
1750524
1751274
1751661
1752270
1752317
1753048
1753239
1753293
1754264
1754380
1755174
1755187
1755854
1756536
1757174
1757658
1758381
1758540
1759093
1759096
1759617
1759852
1760071
1760569
1761024
1761587
1762104
1762787
1763318
1763756
1764122
1764794
1765141
1765286
1765629
1765982
1766746
1767283
1768146
1768147
1768377
1769235
1769640
1769672
1769764
1770077
1770093
1770578
1771233
1771410
1771471
1771875
1772362
1772857
1773034
1773804
1774471
1774881
1775864
1776450
1776745
1777145
1777772
1778539
1779497
1780102
1780140
1780368
1781281
1782264
1783073
1783536
1783971
1784582
1785310
1786174
1786773
1787313
1787348
1787458
1788016
1788872
1788981
1789946
1790718
1791018
1791122
1791197
1791859
1792787
1793220
1793966
1794950
1795017
1795819
1796243
1796433
1796512
1796671
1797501
1797619
1798577
1799493
1800451
1801327
1802325
1802346
1802813
1803450
1803901
1803915
1804636
1805312
1805514
1805575
1806140
1806233
1806665
1807244
1807259
1807614
1808159
1808533
1809479
1810273
1810457
1810871
1811160
1811778
1811792
1812635
1813445
1814367
1815174
1816032
1816682
1816748
1816768
1817085
1818074
1818983
1819247
1819716
1819765
1820231
1821138
1821335
1821810
1822579
1823036
1823600
1824014
1824421
1824915
1825273
1826163
1826517
1826527
1826527
1826543
1826609
1827542
1827946
1828877
1829283
1830200
1830464
1831238
1831537
1831817
1832761
1833251
1834107
1834548
1834887
1834976
1834976
1835252
1835977
1836398
1836657
1837403
1838062
1838770
1839296
1839640
1840062
1841027
1842021
1842443
1842969
1843694
1843929
1844502
1845486
1846245
1846668
1847547
1847674
1847775
1848284
1848545
1849113
1849372
1849669
1849748
1849830
1850587
1850684
1850843
1850974
1851606
1851850
1852011
1852314
1853172
1853340
1853587
1854025
1854663
1855215
1855843
1856169
1856353
1856497
1856781
1856975
1857624
1857653
1858598
1858766
1859273
1859927
1860365
1860471
1860491
1861343
1861991
1862128
1862622
1862655
1862911
1863809
1863883
1864179
1865117
1865965
1866229
1866447
1866989
1867750
1867775
1868747
1869385
1869938
1870852
1871116
1871856
1872757
1873383
1873613
1874340
1874591
1875508
1876332
1876423
1876849
1877415
1878316
1879307
1879909
1880769
1880854
1880899
1881002
1881756
1882445
1883378
1883838
1884718
1885608
1885649
1885745
1886363
1887303
1887628
1888469
1888640
1888824
1889583
1889965
1890498
1891302
1891660
1891809
1892448
1892718
1892827
1892963
1893702
1894037
1894404
1895025
1895349
1896078
1897029
1897792
1897832
1897969
1898087
1898807
1899537
1900013
1900833
1901179
1901919
1901938
1902840
1902990
1903810
1904768
1904772
1905121
1905351
1906094
1906822
1906839
1907334
1908220
1908641
1909113
1909304
1910148
1910588
1911156
1911213
1911876
1912307
1913303
1913557
1913849
1914241
1914975
1915315
1915875
1916379
1916645
1916833
1917536
1917933
1918303
1918741
1919688
1920641
1921220
1921884
1922219
1923100
1923616
1923661
1923671
1924397
1925196
1926015
1926510
1927458
1927532
1927964
1928521
1929035
1929649
1929779
1929841
1930695
1931064
1931676
1931717
1932353
1932465
1932465
1933182
1933923
1934309
1935006
1935321
1936319
1936738
1937060
1937857
1938611
1938765
1939201
1939559
1939800
1940786
1941710
1942573
1943309
1944125
1944581
1945095
1945097
1946057
1946922
1947539
1948425
1948594
1949565
1949871
1950821
1951437
1951639
1952298
1952650
1953214
1953282
1953460
1953551
1954285
1954797
1954899
1954946
1955288
1955702
1956429
1956698
1957185
1957602
1958587
1959446
1959469
1959757
1959984
1960391
1960941
1961418
1961604
1961997
1962745
1963014
1963973
1964859
1964885
1965703
1965756
1966425
1967134
1968011
1968618
1969358
1970248
1970534
1970922
1971763
1971784
1972184
1972331
1972408
1972645
1972820
1973626
1974026
1974597
1974870
1975715
1975734
1976451
1976697
1977264
1977626
1978613
1979506
1979817
1980320
1980407
1980543
1981031
1981544
1982208
1982391
1982712
1982714
1983609
1984068
1984500
1984922
1985681
1986017
1986543
1987487
1987826
1987936
1988607
1988678
1989653
1990594
1991161
1992073
1992482
1992815
1993203
1993229
1993612
1993860
1993963
1994090
1994568
1994829
1995283
1996252
1997201
1998068
1998222
1998620
1999264
1999664
1999773
2000490
2001214
2001257
2001775
2002444
2002762
2003104
2003265
2004197
2004516
2005309
2005616
2005723
2006031
2006588
2006031
2006666
2006855
2006933
2007890
2008874
2009105
2009199
2009926
2010682
2010871
2011092
2011807
2012001
2012835
2013751
2014415
2014608
2015468
2016355
2017063
2017603
2018540
2018775
2019529
2019825
2020126
2020744
2021271
2021889
2022700
2023545
2023914
2024795
2025570
2026326
2027311
2027802
2028700
2029584
2029815
2030689
2031060
2031343
2032241
2032809
2032814
2033406
2034027
2034524
2034802
2035555
2035982
2036804
2037134
2037388
2037715
2038196
2038982
2039759
2040561
2041104
2041316
2042024
2042857
2042881
2043532
2044275
2044950
2045728
2046066
2047061
2047215
2047420
2047840
2048798
2048871
2049111
2049838
2050798
2050806
2051715
2052130
2052920
2053711
2053810
2053918
2054160
2054421
2054538
2054538
2055515
2055681
2055845
2056095
2056177
2057019
2057569
2057809
2058574
2059196
2059954
2059975
2060686
2060966
2061125
2061858
2062764
2063654
2064062
2064876
2065269
2066188
2066803
2067631
2067733
2067792
2068548
2068707
2069274
2069465
2070207
2070505
2070777
2071439
2072210
2073122
2073881
2074014
2074178
2074756
2075476
2075858
2076525
2076994
2077294
2077424
2077449
2078052
2078948
2079417
2080195
2080523
2080739
2081534
2082297
2082404
2083272
2083420
2083525
2083948
2084641
2085037
2085883
2086530
2087451
2087960
2088842
2088906
2089126
2089811
2089899
2090777
2091341
2092032
2092136
2092180
2092875
2093420
2094240
2094858
2095730
2096313
2097305
2097428
2097852
2098174
2098554
2099419
2099564
2100239
2100598
2100762
2100882
2100910
2101858
2102156
2102242
2102272
2102385
2102415
2102595
2103586
2103967
2104374
2105084
2105722
2106710
2106991
2107563
2108320
2108320
2108411
2108821
2109230
2109439
2109632
2109951
2110629
2111120
2112003
2112237
2112584
2112672
2113367
2114038
2114096
2114582
2114815
2115586
2116324
2117261
2117701
2118102
2118839
2119139
2119377
2119671
2120417
2120617
2121272
2121974
2122777
2123383
2124069
2124727
2125097
2125548
2125839
2126750
2126992
2127582
2127994
2128616
2128916
2129145
2129263
2129843
2130075
2130624
2131538
2132212
2133142
2133282
2133650
2134348
2135095
2135269
2135453
2136069
2136382
2136889
2136923
2137270
2137642
2137661
2138291
2139231
2139386
2139759
2139874
2140533
2141127
2141749
2142189
2142919
2143788
2143836
2143948
2144267
2145230
2145934
2146813
2147107
2147752
2148056
2148096
2148911
2149530
2150257
2150632
2150656
2150698
2151221
2151903
2151916
2152273
2152659
2153056
2153781
2153992
2154120
2155093
2155613
2155787
2155917
2156799
2157382
2158339
2159121
2159464
2160100
2160526
2160808
2161781
2162745
2162797
2163444
2164340
2164926
2165705
2166233
2166591
2166950
2167188
2168090
2168613
2169357
2169470
2169472
2170336
2170713
2170762
2171070
2171093
2171902
2172702
2172952
2173775
2174463
2174475
2174868
2175054
2175379
2175511
2175671
2176218
2176979
2177607
2177777
2178310
2178910
2178947
2179119
2179743
2180456
2181121
2181444
2182219
2183189
2183769
2184501
2185235
2185258
2185858
2185914
2186451
2186502
2187490
2187950
2188429
2188735
2189194
2189212
2189904
2190682
2191250
2191389
2192048
2192184
2193147
2194119
2194119
2194991
2195435
2195536
2195767
2196084
2196367
2196538
2196740
2197358
2197381
2197597
2198190
2198190
2198584
2199062
2200005
2200419
2201280
2201914
2202425
2202686
2203387
2203752
2204258
2204687
2205461
2205496
2205769
2206616
2206867
2206871
2207057
2207881
2207961
2208127
2208551
2209345
2209633
2210371
2210495
2210312
2211046
2211489
2211869
2212011
2212109
2212156
2212663
2213634
2214333
2214867
2215166
2215632
2216376
2217014
2217492
2217835
2218416
2218494
2218710
2219341
2219937
2220432
2220472
2221335
2221337
2221956
2222434
2223152
2223728
2224245
2225243
2225952
2226319
2227143
2227538
2228533
2228579
2229532
2229870
2230450
2230783
2231334
2231990
2231990
2232016
2232593
2232927
2232927
2232927
2233795
2234024
2234064
2234945
2235067
2235981
2236667
2237331
2238238
2238429
2238590
2238687
2238838
2239598
2239720
2240334
2240767
2240827
2241185
2241758
2241908
2242665
2243613
2244145
2244530
2245103
2245801
2245801
2246604
2247522
2247635
2248037
2248933
2249673
2250485
2250850
2251653
2252140
2252529
2252817
2253094
2253612
2254242
2255157
2255439
2255925
2256258
2256320
2257215
2257512
2258450
2258651
2259580
2260040
2260767
2261363
2261495
2261534
2261680
2262610
2262639
2262882
2263621
2264482
2265165
2265411
2265421
2266370
2267182
2267978
2268198
2268746
2269308
2269435
2270122
2270499
2270499
2270726
2270921
2270983
2271078
2271507
2271857
2272857
2273834
2273943
2274789
2274913
2275890
2276405
2276458
2277120
2277319
2277657
2277659
2277754
2278198
2279153
2279562
2280197
2280197
2280618
2281401
2281987
2282687
2283034
2283151
2283591
2284027
2284655
2285253
2285435
2286261
2286850
2286952
2287714
2288595
2289355
2290028
2290227
2290339
2291309
2291981
2292311
2292797
2293611
2293860
2294588
2295572
2296540
2297526
2298389
2298412
2298559
2298946
2299725
2300345
2301261
2301688
2302528
2302664
2303296
2303983
2304903
2304948
2305219
2305511
2305987
2306131
2306678
2306723
2306732
2306935
2307096
2307723
2307723
2308051
2308441
2308660
2309068
2309773
2310764
2311425
2312052
2312177
2312267
2312973
2313167
2314018
2314871
2315179
2315179
2316072
2316414
2316865
2317430
2318269
2318453
2318536
2319015
2319287
2319791
2320192
2321159
2321648
2321670
2322231
2322548
2322591
2323094
2323297
2324211
2325008
2325368
2325690
2326210
2326531
2327490
2327851
2328251
2328819
2329805
2330477
2331268
2331809
2332510
2333226
2334150
2334217
2335056
2335616
2336290
2337229
2337654
2338356
2338511
2338850
2339416
2340103
2340612
2340875
2341771
2342004
2342120
2342198
2342820
2343760
2344036
2344868
2345143
2345386
2345387
2345461
2346128
2346156
2346809
2346975
2347342
2348258
2348897
2349069
2349617
2350435
2350761
2350844
2351052
2351706
2352123
2352639
2353323
2353640
2353643
2354617
2355206
2355482
2355609
2356436
2357204
2358159
2358690
2358878
2359239
2359546
2359828
2360668
2361355
2362294
2362960
2363664
2364301
2365154
2366031
2366243
2367080
2367325
2367619
2368516
2368625
2368831
2369028
2369043
2369151
2369942
2370585
2370585
2371583
2372536
2373076
2373729
2373984
2374187
2374509
2374536
2374811
2375049
2375502
2376043
2376612
2377536
2377948
2378511
2379304
2380208
2381041
2381619
2382077
2382307
2383103
2383186
2383776
2384138
2385135
2385358
2385984
2386006
2386632
2387575
2388352
2388638
2389505
2390052
2390163
2390500
2390939
2391479
2392194
2392335
2393260
2393851
2394011
2394361
2394849
2395585
2395623
2396154
2396988
2397161
2397562
2398469
2399337
2400328
2400522
2400853
2401830
2402729
2402805
2403383
2404076
2404830
2405119
2405904
2406316
2407086
2407119
2407524
2408458
2409265
2409497
2409497
2410276
2410609
2411372
2412074
2412675
2413026
2413118
2414044
2414150
2414950
2415565
2415728
2416025
2416402
2416491
2416767
2417444
2417685
2418040
2418903
2419585
2420427
2421163
2422010
2422803
2423059
2423707
2424178
2424584
2424777
2425475
2425582
2426088
2426382
2426850
2426913
2427193
2428139
2428307
2429299
2429512
2429640
2430584
2430765
2431069
2431306
2431484
2431548
2431971
2432493
2432953
2433026
2433884
2434763
2434869
2434922
2435433
2435839
2436233
2436510
2436944
2437617
2437730
2438008
2438764
2438989
2438989
2439061
2439449
2440026
2440362
2440859
2441693
2442473
2443147
2443152
2443249
2443887
2443960
2444803
2445531
2445779
2446382
2446979
2447741
2448203
2448219
2448513
2448740
2449361
2449597
2449985
2450491
2450184
2450739
2451643
2452286
2452657
2453482
2453689
2453956
2454346
2454877
2455268
2455976
2456417
2457131
2457482
2458085
2459000
2459943
2460904
2461683
2462634
2462714
2463341
2463491
2464336
2464668
2465500
2465941
2466924
2467419
2467736
2468466
2468566
2469131
2470112
2470983
2471794
2472297
2472755
2473748
2474420
2475288
2475667
2475720
2476479
2476556
2477352
2478168
2478992
2479896
2479896
2480056
2480491
2480712
2481326
2481834
2482426
2483217
2483818
2483881
2484096
2484148
2484746
2485245
2486044
2486083
2486582
2486789
2487223
2487356
2488242
2488830
2489280
2489413
2490373
2490403
2491178
2491379
2492104
2492990
2493908
2494620
2494872
2494874
2494970
2495707
2496488
2497123
2497840
2498213
2498584
2499438
2500311
2500314
2500960
2501527
2502201
2502792
2503390
2504020
2504266
2504861
2505483
2505998
2506429
2507322
2507550
2507739
2508247
2508789
2509164
2509477
2509502
2510003
2510767
2510855
2511135
2511321
2512274
2512274
2512711
2513632
2513936
2513958
2514004
2514505
2514762
2515728
2515819
2516552
2517137
2517620
2518158
2518551
2519524
2520093
2520835
2521175
2521730
2522253
2522902
2523555
2523592
2523978
2524919
2525128
2525128
2525427
2526158
2526190
2527136
2528035
2528959
2529200
2529814
2530631
2531595
2532278
2532683
2533658
2534631
2535046
2535247
2535564
2535781
2536388
2536862
2537775
2538660
2538841
2539611
2540103
2540690
2540709
2540950
2541372
2541723
2542048
2542544
2543221
2543966
2544386
2545244
2545371
2545580
2546110
2547009
2547416
2547541
2548386
2549340
2549676
2549749
2550316
2550603
2551360
2552020
2552803
2553196
2553794
2554255
2554909
2555680
2555897
2555969
2556727
2557273
2557343
2558137
2558294
2558507
2559259
2560251
2560345
2561153
2561184
2561912
2562131
2562976
2563872
2564162
2564205
2564059
2564755
2564969
2565435
2565998
2566663
2566733
2567067
2567468
2567651
2567870
2568230
2568568
2568834
2568978
2569333
2569501
2570121
2571065
2571791
2572054
2572996
2573841
2574350
2574464
2575191
2575963
2576797
2577183
2577537
2578150
2578874
2578957
2579913
2580491
2580533
2581297
2581598
2581681
2581745
2582530
2582556
2582774
2583242
2583933
2584665
2585300
2585742
2585945
2586270
2586880
2587273
2587545
2588168
2588462
2588913
2589287
2589941
2590125
2590825
2590856
2591275
2592147
2592991
2593125
2593536
2593743
2593881
2594366
2595168
2595553
2596066
2596401
2597146
2597365
2597873
2598518
2599113
2599167
2599644
2599710
2599840
2600371
2601250
2601292
2601604
2602336
2603051
2603543
2603954
2604845
2604855
2605076
2605925
2605997
2606232
2606761
2606781
2607112
2607403
2607940
2608891
2609729
2610245
2610282
2611072
2611170
2611740
2612579
2613426
2614153
2614176
2614854
2614985
2615632
2616528
2616806
2617579
2617988
2618509
2618547
2618767
2618843
2619741
2619746
2620621
2620904
2621079
2622050
2622755
2623011
2623916
2623932
2624631
2625325
2625422
2626002
2626606
2626966
2626735
2626817
2627225
2627806
2628709
2629479
2629684
2630443
2631398
2632118
2632675
2632745
2633242
2633535
2634349
2635279
2635419
2635440
2635850
2636762
2636922
2637863
2638230
2638508
2639367
2639405
2639503
2639863
2640586
2640587
2641314
2642252
2642297
2642739
2643232
2643541
2643707
2644300
2644991
2645090
2645907
2646735
2647626
2648596
2649408
2650325
2650850
2650973
2651509
2652208
2653108
2653991
2654821
2654905
2655205
2655371
2656264
2657153
2657395
2657753
2657798
2658464
2658829
2659310
2659608
2660282
2660937
2660992
2661499
2662472
2662971
2663168
2663173
2663859
2664536
2664689
2665028
2666016
2666764
2667191
2667236
2668024
2668985
2669959
2670847
2671233
2671474
2672121
2672912
2673052
2673585
2673794
2674251
2674701
2674937
2675779
2676615
2677043
2677472
2677867
2678837
2678970
2679937
2680173
2680897
2681645
2682113
2682113
2682519
2682743
2683277
2683564
2683840
2684248
2684622
2685265
2685627
2685790
2685922
2686592
2687393
2687585
2688123
2688794
2689528
2690286
2691009
2691511
2692355
2692436
2692943
2693224
2693325
2694085
2694657
2694959
2695345
2696005
2696418
2697125
2697177
2697666
2697834
2698711
2699425
2700360
2700371
2701184
2701263
2701937
2702520
2703028
2703782
2704019
2704410
2705048
2705476
2705898
2706025
2706873
2707020
2707913
2708763
2709411
2710389
2711290
2711492
2711932
2712747
2713411
2714264
2714464
2715415
2715432
2716112
2716271
2716755
2717107
2717674
2718547
2718927
2719565
2720066
2720541
2721308
2721557
2722205
2722549
2723262
2722939
2723544
2724017
2724958
2725425
2725927
2726029
2726213
2726890
2727885
2728121
2728742
2728952
2729089
2729866
2730126
2730417
2731385
2732315
2732703
2733529
2734035
2734980
2735408
2736377
2737332
2738286
2738416
2739154
2739931
2739978
2740953
2741007
2741704
2741896
2742540
2743007
2743448
2743798
2744774
2745669
2745744
2745994
2746916
2747357
2747901
2748274
2749206
2750159
2750491
2751311
2752172
2752272
2753150
2753450
2754297
2754856
2755028
2756002
2756401
2756696
2757288
2758090
2758285
2758338
2758740
2759128
2759949
2760558
2761170
2761197
2761468
2761624
2762135
2762725
2763337
2763862
2764712
2765547
2766414
2766705
2767195
2767760
2768052
2768537
2769389
2769500
2769812
2770523
2770572
2770899
2771493
2771493
2771963
2772820
2773788
2773788
2774716
2775688
2776242
2776886
2777590
2777916
2778554
2779259
2779908
2780774
2781268
2782182
2782346
2782948
2783644
2784331
2785013
2785700
2786004
2786904
2786935
2787465
2787471
2787616
2787721
2788690
2789349
2790027
2790070
2790206
2790451
2790735
2791514
2792390
2793068
2793665
2794181
2794724
2794772
2795564
2795739
2795786
2796029
2796969
2797730
2798223
2798851
2799028
2799052
2799494
2799529
2800018
2800805
2801162
2801914
2802210
2802275
2802615
2802703
2803175
2803651
2803946
2803961
2804607
2805376
2805575
2805809
2806232
2806348
2806564
2807464
2807662
2807802
2808174
2808328
2809156
2809759
2810397
2810413
2811356
2811812
2812559
2812929
2813161
2813376
2814157
2814954
2815576
2816487
2817038
2817883
2818236
2819226
2819513
2819812
2820788
2821735
2822527
2823086
2823351
2823511
2823820
2824817
2825214
2825236
2825396
2826206
2826499
2827086
2827746
2828434
2829132
2829425
2829800
2830398
2830405
2830661
2831509
2831992
2832948
2833028
2833890
2834052
2834695
2835438
2836040
2836497
2836764
2836983
2837825
2838419
2839330
2840089
2840782
2841050
2841213
2842011
2842369
2843356
2844104
2844352
2845316
2845355
2845885
2845997
2846919
2847795
2848514
2849284
2850095
2850933
2851436
2852246
2852869
2853312
2853435
2853714
2854240
2854256
2854802
2855250
2855854
2855989
2856247
2856970
2857822
2857929
2858689
2859256
2859902
2860608
2860986
2861224
2861797
2862581
2863295
2863527
2863909
2864603
2865382
2865844
2866147
2866920
2867408
2867711
2868210
2868758
2869060
2869731
2870610
2870792
2871446
2871620
2872575
2873281
2873447
2873767
2874473
2874542
2875471
2875907
2875975
2876814
2877320
2877924
2878920
2879127
2879323
2879537
2880537
2880936
2881639
2882050
2882695
2883334
2883620
2884291
2884335
2884728
2885012
2885024
2885182
2885883
2886580
2886580
2887280
2888132
2888437
2888728
2889243
2889815
2890507
2891497
2891984
2892013
2892627
2892835
2893750
2894518
2895423
2895784
2896608
2897365
2897887
2898131
2898314
2899030
2899287
2899589
2900089
2900547
2900691
2901496
2902450
2902583
2902802
2902812
2903617
2903221
2903782
2903782
2904425
2905273
2906101
2906701
2907194
2907388
2908225
2908246
2908743
2909070
2909934
2910549
2911000
2911151
2911691
2911780
2912430
2912745
2913374
2913990
2914732
2915233
2915258
2915927
2916572
2916989
2917702
2917896
2918223
2918812
2919068
2920007
2920483
2920913
2921721
2922332
2922881
2923601
2923660
2924325
2924341
2925287
2925706
2926334
2926493
2927052
2927277
2927706
2927864
2928387
2929131
2929361
2929689
2930368
2930640
2931295
2931955
2932137
2932340
2932871
2933408
2934022
2934341
2935160
2935384
2935870
2936563
2937095
2937959
2938315
2938360
2938537
2938908
2938909
2939364
2939966
2940274
2940777
2941233
2941520
2942205
2942880
2943075
2943761
2944213
2944396
2944570
2944946
2944103
2944842
2944989
2945275
2945599
2946209
2946587
2946608
2947252
2947706
2948333
2949318
2949322
2949932
2950356
2950979
2951318
2951397
2951657
2952449
2952479
2952665
2953253
2953275
2953301
2953704
2953754
2954728
2954835
2955268
2955936
2955985
2956907
2957668
2958399
2958607
2958935
2959842
2960510
2960895
2961634
2962634
2963473
2963917
2963979
2964871
2965257
2965575
2966226
2966734
2967554
2968517
2968735
2968837
2969555
2969808
2970309
2970830
2970880
2971791
2971898
2972788
2972863
2973437
2974351
2974378
2975034
2975680
2976380
2977031
2977381
2978303
2978973
2979436
2980274
2980577
2981341
2982325
2982816
2983483
2984377
2984515
2984828
2985037
2985212
2985536
2985713
2986622
2986876
2986917
2987219
2987291
2988140
2988867
2989378
2989785
2989996
2990511
2991218
2991572
2992011
2992334
2993324
2993640
2994275
2994991
2995650
2996295
2996694
2997082
2997678
2998466
2998948
2999399
2999520
2999712
3000390
3000623
3000922
3001738
3002524
3002546
3003151
3003869
3004639
3004655
3004660
3005605
3006134
3006879
3006969
3007376
3007807
3008121
3008612
3008705
3009195
3009502
3010106
3010903
3011479
3012302
3012611
3013453
3014292
3014658
3014732
3015410
3016225
3016235
3016658
3017239
3017975
3018404
3019237
3019533
3019834
3020728
3021728
3022252
3023053
3023394
3023492
3023844
3024296
3025008
3025203
3025537
3026125
3026588
3026647
3027584
3028529
3028903
3029370
3029609
3030024
3030425
3030425
3031387
3031404
3032213
3032818
3033087
3033311
3033977
3034314
3034495
3035230
3035410
3035677
3036112
3036168
3036672
3036828
3036943
3037577
3038256
3038447
3039220
3040117
3040539
3041277
3041796
3042099
3042518
3043164
3043610
3044453
3044985
3045544
3045903
3046469
3046751
3047645
3048157
3048989
3049329
3049475
3049988
3050127
3050519
3051020
3051117
3051402
3052019
3052189
3052544
3052593
3053400
3053860
3054389
3054577
3055136
3055159
3055559
3055738
3056582
3057251
3057793
3058062
3058029
3058925
3059540
3059825
3060747
3061170
3061295
3061598
3061922
3062096
3062577
3062856
3063767
3064495
3064606
3065359
3065761
3066083
3066150
3066965
3066978
3067430
3068070
3068424
3068590
3069277
3069277
3070241
3071063
3071624
3072197
3072511
3072705
3073583
3073905
3074671
3074920
3075422
3075652
3076234
3076480
3076669
3076801
3077738
3078268
3078673
3078697
3079148
3080019
3080035
3080613
3081257
3081664
3081918
3082135
3082758
3083241
3082938
3083386
3084240
3084272
3085180
3085467
3086363
3087353
3088342
3088471
3088589
3089336
3089586
3090117
3090850
3090876
3091088
3091186
3091955
3092247
3092713
3093662
3094305
3095236
3096053
3096461
3097433
3097638
3097688
3098513
3099215
3100196
3101081
3101095
3101970
3102162
3102494
3102952
3103853
3104689
3104812
3104812
3105278
3105681
3106567
3106990
3107168
3108057
3108915
3108931
3109631
3109642
3109747
3110512
3110619
3111292
3112243
3112355
3113053
3113751
3114733
3115702
3116699
3116804
3117097
3117466
3117942
3118300
3119015
3119448
3119492
3120130
3120489
3120861
3121611
3122462
3122981
3123038
3123772
3124243
3124731
3125584
3126197
3126198
3126573
3126380
3127370
3127796
3128031
3128098
3128111
3128291
3129163
3130147
3130417
3130887
3131662
3132369
3132892
3133397
3133915
3134131
3134985
3135638
3136243
3136865
3137689
3138076
3139041
3139480
3140309
3140606
3141359
3141486
3141694
3141758
3142298
3143238
3144119
3144196
3144924
3145004
3145183
3145548
3146033
3146084
3146618
3147401
3147725
3148178
3148341
3148703
3149200
3149903
3150474
3150487
3151351
3151514
3152345
3152970
3153894
3153986
3154698
3155241
3155468
3155750
3156723
3157154
3158107
3158413
3159118
3159925
3160680
3161059
3161917
3162007
3162101
3162745
3163489
3163741
3164682
3165340
3165402
3165656
3166147
3167073
3168021
3168071
3168139
3168748
3169184
3169823
3170304
3170682
3171421
3172273
3173056
3173407
3174361
3174979
3175080
3176046
3176384
3176861
3177704
3178387
3179169
3179797
3180353
3180553
3180777
3181190
3181469
3182396
3183055
3183426
3183447
3183605
3183938
3184511
3184580
3184691
3185449
3185667
3185927
3186566
3187208
3187855
3187973
3188662
3188973
3189681
3190014
3190090
3190547
3190772
3191485
3191598
3191764
3192367
3193090
3193440
3194189
3194248
3194593
3195314
3196005
3196945
3197302
3197665
3198663
3199425
3200277
3200410
3201267
3201879
3201900
3202705
3203588
3204193
3205083
3205118
3205341
3206146
3206680
3206938
3207895
3208849
3209297
3209354
3209615
3210106
3210744
3211402
3211824
3212146
3212549
3213399
3213668
3214119
3214888
3215156
3215440
3215444
3215999
3216637
3217088
3217741
3218255
3218657
3219422
3219515
3220094
3220210
3220711
3221181
3221829
3221420
3222170
3223108
3223624
3224100
3224450
3224550
3224567
3224718
3225499
3226075
3226588
3227229
3227980
3227400
3228285
3228563
3229335
3229794
3230741
3231561
3232503
3232976
3233899
3234548
3235469
3235509
3236188
3236267
3237147
3237988
3238164
3238730
3238842
3238842
3238912
3239361
3239591
3240063
3241003
3241815
3242382
3243093
3244081
3244600
3244928
3245443
3246031
3246365
3246683
3246923
3247594
3247752
3248313
3248534
3249121
3249735
3250011
3250869
3251860
3252084
3252870
3253484
3254398
3254499
3255452
3255987
3256093
3256926
3257873
3258111
3258664
3259536
3260419
3260590
3261185
3262132
3262310
3263250
3263415
3263787
3264535
3264831
3264831
3264847
3265706
3266153
3266904
3267817
3268764
3268839
3269804
3270265
3271210
3272041
3272111
3272673
3273542
3274046
3274617
3275520
3275704
3276422
3277355
3277663
3278582
3278866
3279482
3280441
3281073
3281765
3281800
3282309
3282682
3283134
3283593
3283778
3283949
3284924
3285802
3286364
3286681
3287095
3287416
3288328
3288557
3289188
3289661
3289714
3290338
3290839
3291357
3292339
3292887
3293064
3294049
3294384
3295229
3295837
3296280
3297195
3297866
3298673
3299007
3299868
3299897
3300819
3301367
3301466
3301810
3302460
3302497
3303120
3303375
3304081
3304283
3304301
3304477
3304977
3305277
3305750
3306534
3306784
3307250
3307964
3308824
3309225
3309717
3309752
3310245
3311179
3311357
3311845
3312843
3312992
3313951
3313993
3314432
3315417
3315525
3315851
3316050
3316897
3317592
3317860
3318224
3319163
3319693
3319891
3320827
3321620
3322131
3322516
3322551
3323270
3323808
3324754
3325532
3325539
3325957
3326434
3326619
3327397
3328122
3328476
3328993
3329639
3329863
3330155
3330819
3331160
3332148
3332292
3333090
3333730
3334557
3335373
3335499
3336320
3336847
3337647
3337950
3338067
3338196
3338438
3339264
3339590
3339806
3340714
3341399
3341923
3342308
3342514
3343314
3342951
3343903
3344174
3344951
3345813
3345841
3346038
3346246
3346524
3347310
3347313
3347324
3347751
3348213
3348586
3349495
3349938
3350247
3351215
3351287
3351578
3352110
3352650
3353102
3353342
3353655
3354312
3354748
3354790
3355548
3355908
3356542
3356974
3357453
3357580
3358511
3359123
3359123
3359742
3360570
3360708
3361019
3361261
3361671
3362131
3362295
3363146
3363669
3363852
3364227
3364294
3365258
3366179
3366221
3367221
3367419
3368057
3368860
3369019
3369525
3369764
3370194
3370750
3371264
3371457
3371861
3372173
3372787
3372795
3372988
3373158
3373422
3374094
3374636
3375483
3376184
3376585
3377359
3378037
3378607
3379375
3379603
3379603
3379908
3380699
3380699
3381334
3381792
3382749
3383368
3383608
3384206
3384232
3384638
3385549
3385969
3386433
3386782
3387653
3388067
3388873
3389040
3389539
3389548
3389910
3390369
3390638
3391447
3392045
3392521
3393219
3393963
3394559
3394870
3395614
3396113
3396245
3396976
3397745
3398415
3399282
3399848
3400466
3401331
3401836
3402820
3402838
3403087
3403771
3404063
3404653
3405578
3405705
3406475
3406790
3406829
3407823
3407823
3407853
3408445
3408753
3409521
3410414
3410679
3410779
3411541
3412167
3412405
3412597
3413558
3413819
3414625
3415442
3416097
3416581
3416839
3417305
3417432
3417768
3417798
3418758
3418944
3419585
3419629
3419900
3420167
3420523
3421129
3421726
3421961
3422402
3423061
3423603
3423746
3424489
3424867
3425718
3426484
3427327
3427869
3428656
3429090
3429868
3430277
3430670
3430790
3431302
3432136
3433045
3433669
3434424
3434913
3435426
3435482
3436083
3436365
3436742
3436752
3437414
3437497
3438142
3438464
3438728
3439185
3439236
3439535
3440509
3441371
3442315
3443231
3444173
3444670
3445135
3445617
3445630
3446206
3446691
3447660
3447931
3448280
3449023
3449173
3449951
3450052
3450630
3451070
3451294
3451482
3451846
3452294
3452486
3453008
3453229
3453846
3454234
3454627
3454642
3454859
3455242
3455420
3456397
3457328
3458223
3459049
3459168
3459622
3460517
3461315
3462312
3463299
3463627
3464596
3464991
3465428
3466306
3466822
3467406
3468134
3468621
3469213
3469450
3470027
3470124
3470412
3470483
3471368
3471645
3471811
3472558
3473046
3473683
3474157
3474312
3475014
3475578
3475816
3476309
3476330
3476571
3476937
3477383
3478349
3478973
3479217
3479856
3480453
3480795
3480840
3481093
3481355
3481801
3482372
3483197
3483395
3483630
3484217
3484867
3485221
3485654
3485717
3486078
3486625
3487247
3487701
3488010
3488911
3489425
3490176
3491030
3491485
3492349
3493135
3493647
3493849
3494454
3494840
3495710
3496061
3496207
3496843
3497257
3497555
3497774
3497906
3498053
3498407
3498752
3499565
3500357
3500881
3501199
3501966
3502121
3502600
3502709
3502753
3503342
3503876
3504342
3504407
3504973
3505188
3505430
3506193
3506258
3506673
3507495
3508393
3508742
3508742
3509113
3510021
3510896
3511566
3512266
3512800
3512898
3512898
3513475
3513894
3514488
3515183
3515466
3515542
3515954
3516224
3517069
3517688
3517961
3518779
3519754
3520251
3520927
3521273
3522105
3522566
3522900
3523106
3523729
3524681
3525416
3525592
3526317
3527296
3527348
3528335
3529207
3530019
3530225
3531094
3531260
3531903
3532740
3533605
3534383
3534849
3535821
3536143
3536549
3537089
3537775
3538737
3539457
3539952
3540506
3540794
3540872
3541002
3541786
3542658
3542765
3543135
3543280
3544172
3544832
3544941
3545036
3545671
3546088
3546478
3547134
3547418
3547696
3548079
3548851
3549089
3549352
3550125
3551065
3551990
3552206
3552745
3553223
3553265
3553735
3553775
3554702
3554729
3555485
3556162
3557084
3557122
3557827
3558637
3559307
3559961
3560666
3561353
3561807
3562769
3563552
3564300
3564734
3564978
3565869
3566120
3566458
3566652
3566925
3567391
3567425
3567590
3568509
3568980
3569623
3570361
3570988
3571027
3571590
3572479
3573084
3573230
3573261
3573281
3574138
3574944
3575850
3576588
3577334
3577933
3578774
3579433
3579767
3580045
3580045
3580506
3581321
3581868
3582815
3582838
3582954
3583812
3584137
3584693
3585187
3585559
3586069
3586366
3586710
3587504
3588071
3588589
3588654
3589318
3590084
3590633
3591155
3592088
3592823
3593293
3593571
3594489
3595226
3595827
3596498
3597454
3598025
3598432
3599170
3599486
3600319
3600818
3601019
3601062
3602001
3602876
3603715
3604487
3604686
3604639
3604889
3605395
3605963
3606275
3606476
3606526
3606701
3606954
3607005
3607939
3608202
3608667
3609281
3609916
3610504
3610888
3611035
3611684
3611765
3612598
3612660
3613287
3613408
3614312
3614705
3614757
3615407
3616090
3616560
3616776
3616972
3617249
3618099
3619056
3619502
3620079
3620561
3621113
3622064
3622594
3622647
3622974
3623644
3623655
3624213
3624426
3624991
3625839
3626165
3626217
3626906
3627683
3628580
3629297
3629901
3630876
3631836
3632308
3632923
3632961
3633626
3634615
3634917
3635469
3636358
3636601
3637019
3637153
3637471
3638246
3638332
3638429
3639292
3639621
3639894
3639911
3639979
3640063
3640170
3641045
3641050
3641769
3642586
3643132
3643680
3644461
3645163
3645596
3646086
3646918
3647112
3647506
3648230
3648244
3648479
3649073
3649451
3650233
3650358
3650917
3651663
3652120
3652804
3653104
3653969
3654473
3655171
3656096
3656362
3657048
3657115
3657377
3657902
3658407
3659179
3659229
3659488
3659490
3660287
3660722
3660881
3661168
3662085
3662442
3663138
3663953
3664589
3664867
3664867
3665728
3666520
3666934
3667495
3667495
3667572
3668499
3669477
3669735
3670148
3670793
3671014
3671122
3671141
3671366
3671555
3671877
3672054
3672956
3673240
3673312
3673936
3674922
3675019
3675145
3676115
3676723
3677198
3677212
3677256
3677972
3678921
3679516
3680442
3680915
3680995
3681839
3682473
3683187
3683907
3684591
3685538
3686112
3686756
3687323
3687631
3688216
3688504
3689056
3689272
3689936
3690274
3690726
3691070
3691659
3691880
3692535
3692805
3693201
3693574
3694011
3694513
3695053
3695295
3695352
3696303
3696816
3697357
3698350
3698557
3698762
3699162
3698576
3699062
3699312
3700125
3700630
3700891
3701261
3701726
3702107
3702107
3702397
3703280
3703907
3704877
3705088
3705844
3706090
3706822
3707436
3707747
3708353
3708657
3709602
3710520
3711031
3711234
3711827
3712065
3712645
3712814
3713447
3714413
3714983
3715918
3716640
3717132
3717796
3718774
3719014
3719495
3719856
3720197
3720364
3720559
3721539
3721915
3721957
3722430
3722672
3722709
3723670
3724098
3724249
3725201
3726178
3726458
3726498
3727249
3727875
3727972
3728902
3729114
3730022
3730667
3730852
3731545
3731596
3731806
3732008
3732351
3732999
3733274
3733357
3733384
3733760
3733901
3734154
3735037
3735530
3736072
3736498
3737169
3737983
3738103
3738652
3739054
3739242
3739788
3740780
3741471
3742452
3743129
3744056
3744960
3744960
3744999
3745250
3745916
3746048
3746550
3746986
3747052
3747589
3747992
3748926
3749231
3749255
3750197
3750236
3750642
3750776
3751376
3751561
3752274
3752678
3753084
3754053
3754782
3755239
3756151
3757049
3757128
3757143
3757817
3758667
3758926
3759024
3759428
3759671
3760646
3761024
3761141
3761913
3762584
3762967
3763887
3764230
3764981
3765783
3766771
3767688
3768337
3768637
3769157
3769580
3770022
3770108
3770637
3770762
3770681
3770920
3771370
3772018
3772705
3773010
3773224
3773719
3774348
3775170
3775874
3776764
3777233
3777995
3778092
3778919
3778932
3779918
3780035
3780718
3780885
3780985
3781584
3781914
3782328
3782541
3783054
3784037
3784780
3785046
3785392
3785845
3786244
3786794
3787745
3788460
3788934
3788972
3789523
3789765
3789883
3790541
3791215
3791268
3791406
3791608
3792230
3792669
3792902
3793201
3794131
3794872
3794872
3795827
3796460
3797418
3798298
3798985
3799168
3799562
3800053
3800947
3801060
3801305
3801685
3802398
3803188
3804080
3804391
3804843
3805322
3806155
3806759
3807648
3808419
3809072
3809142
3809601
3809859
3810368
3810746
3811435
3811562
3811573
3812019
3812805
3812972
3813485
3814191
3814994
3815116
3815193
3815444
3815808
3815951
3816940
3817657
3817735
3817984
3817984
3818165
3818863
3819480
3819773
3820755
3821028
3821419
3821896
3821993
3822520
3823326
3823515
3824262
3824461
3824685
3824848
3824884
3824993
3825671
3826238
3826770
3827015
3827443
3827852
3828514
3828814
3829010
3829912
3830349
3830652
3831073
3831316
3832052
3832503
3832631
3832893
3833242
3833906
3834343
3835034
3835966
3835987
3836561
3837198
3837334
3837603
3838239
3838255
3838333
3838631
3838979
3839657
3839809
3840679
3841224
3841543
3842498
3842859
3843301
3843622
3843803
3844419
3844916
3845445
3846342
3846451
3846875
3847183
3847751
3848186
3848713
3849561
3849814
3850008
3850906
3851372
3851659
3851804
3852539
3853294
3853428
3853560
3853576
3854573
3855209
3855966
3856607
3857118
3857445
3857754
3858541
3859147
3859260
3859930
3860162
3860280
3860290
3860498
3860551
3860769
3861570
3861575
3862410
3862850
3863303
3863777
3864029
3864767
3865307
3865733
3866410
3867049
3867736
3868014
3868776
3869361
3869691
3870670
3871111
3871615
3872112
3872511
3872944
3873064
3873081
3873114
3873640
3873872
3874454
3874767
3875649
3876045
3876352
3876802
3877733
3878563
3879513
3880451
3881415
3882341
3883270
3884209
3884283
3885015
3885127
3885709
3885789
3886622
3886622
3886827
3886839
3887361
3888214
3888216
3889213
3889939
3890135
3890394
3890602
3891273
3891699
3892667
3892947
3893431
3893570
3894310
3895139
3895261
3895949
3896552
3897325
3897813
3897871
3898259
3898364
3898767
3899543
3899813
3900755
3901171
3902106
3903024
3904009
3904288
3904531
3905096
3905808
3906330
3906724
3907273
3907611
3908061
3908886
3909056
3910022
3910466
3911408
3912194
3912962
3913310
3914213
3914895
3915161
3915358
3915556
3915556
3916516
3917073
3918026
3918474
3919243
3920147
3920746
3921315
3921551
3921715
3921715
3922346
3922723
3922783
3923715
3924644
3925365
3926310
3926504
3926962
3927767
3928143
3928362
3928820
3929697
3930147
3930985
3931797
3932684
3933093
3933103
3933730
3934265
3935189
3935817
3936529
3937370
3937572
3938471
3938758
3939215
3940083
3940559
3941239
3942117
3942828
3943729
3944173
3944279
3944360
3944998
3945589
3946571
3946790
3947226
3947260
3947823
3948604
3949519
3949684
3949971
3950403
3950815
3950874
3951026
3951712
3952355
3953156
3953564
3953644
3954025
3954771
3955472
3956126
3956637
3957581
3957634
3957812
3958613
3958867
3958923
3959359
3959430
3959631
3959926
3960191
3960607
3960626
3961402
3962071
3962714
3963333
3963333
3963403
3963717
3964285
3964389
3964970
3965640
3965701
3966343
3966443
3966737
3967435
3967913
3968009
3968469
3969420
3969435
3969887
3970879
3971548
3971942
3972438
3972643
3973165
3973458
3973482
3974104
3974187
3974663
3975046
3975454
3976313
3977250
3977490
3978121
3978884
3979864
3980072
3980272
3980597
3981508
3981618
3981887
3982247
3983014
3983474
3983839
3984613
3985419
3985714
3986481
3986635
3987199
3987425
3988160
3989098
3989969
3990376
3991281
3992161
3992710
3992989
3993164
3993159
3993026
3993427
3993860
3994143
3994535
3994765
3995439
3995513
3995637
3995810
3996512
3996530
3997351
3998302
3998665
3998714
3999101
3999192
3999924
4000220
4000986
4001189
4001378
4002016
4002173
4002453
4003181
4003995
4004309
4004989
4005544
4005929
4006360
4006462
4006752
4007294
4007781
4007781
4008199
4008337
4008427
4009325
4009467
4009619
4010152
4011014
4011167
4011294
4012293
4012409
4013373
4013486
4014355
4014454
4014510
4014896
4015406
4015481
4016267
4016333
4016958
4017188
4017328
4017512
4017754
4018734
4018997
4019065
4020040
4020760
4021201
4021294
4022199
4022536
4023018
4023983
4024583
4024249
4024655
4025232
4025532
4026316
4027230
4027675
4028504
4029223
4030016
4030108
4030162
4030854
4031075
4031857
4032043
4032048
4032620
4033579
4033699
4034334
4034637
4035496
4036487
4036984
4037265
4037572
4037641
4038299
4039057
4039974
4040151
4040561
4040631
4040895
4041750
4042648
4043483
4043738
4044031
4044892
4044997
4045759
4046569
4047541
4048233
4048267
4048521
4048913
4049752
4050636
4050936
4051854
4052057
4052381
4052497
4052939
4053626
4054251
4055014
4055497
4056286
4057268
4057600
4058245
4059170
4059452
4060016
4060056
4060624
4060926
4061792
4062058
4062499
4062946
4063750
4063993
4064513
4064878
4065760
4065907
4066527
4067316
4067925
4067925
4067974
4067974
4068937
4069672
4070508
4071082
4071779
4072187
4072444
4072856
4073119
4073452
4074389
4075191
4075476
4075922
4076187
4076926
4077408
4077429
4078392
4079122
4079835
4080583
4081495
4082169
4082291
4083092
4083982
4084187
4084782
4085219
4085881
4086431
4086729
4087675
4088410
4088872
4089349
4089722
4090709
4091395
4091817
4092314
4092685
4092850
4093105
4093579
4094486
4094229
4094864
4095622
4096451
4097221
4097652
4098326
4098789
4098878
4099176
4099632
4100203
4100796
4101714
4102115
4102716
4102864
4102991
4103219
4103859
4103979
4104355
4104508
4104815
4105442
4105535
4106121
4106733
4106995
4107951
4108548
4109533
4109554
4109912
4110140
4110673
4111606
4111608
4111730
4111978
4112965
4113144
4113473
4114123
4114870
4115665
4116145
4116509
4116527
4117114
4117135
4117595
4117688
4118118
4118277
4118477
4119196
4120073
4120298
4121212
4121262
4122095
4123068
4123430
4124173
4124566
4124608
4125367
4126289
4127072
4127451
4127962
4128070
4128200
4128797
4129300
4129962
4130625
4130989
4131683
4132598
4133429
4133573
4133885
4134549
4134651
4134843
4134866
4135619
4135644
4136505
4136648
4137366
4138029
4138866
4139766
4140625
4141066
4141551
4142485
4142628
4143627
4143841
4143981
4144575
4144355
4144028
4144342
4144629
4144733
4145124
4145695
4145890
4146668
4146939
4146988
4147019
4147202
4147859
4148444
4149386
4149890
4150743
4151183
4152117
4152205
4153172
4153469
4153777
4153934
4154483
4154587
4154895
4155715
4155846
4156223
4156513
4157216
4157221
4157947
4158524
4159114
4159376
4160126
4160208
4161176
4161487
4161877
4162036
4162868
4163455
4164028
4164874
4165330
4165678
4166019
4166239
4166303
4166674
4167144
4167439
4167747
4168138
4168290
4169286
4169901
4170899
4171509
4172218
4172541
4172670
4172693
4172955
4173797
4174723
4175137
4176043
4176439
4176582
4177465
4177953
4178910
4179552
4179579
4180266
4181110
4181551
4181930
4182552
4183273
4184001
4184304
4184205
4184892
4185279
4185446
4186400
4186643
4187465
4188095
4187788
4188625
4188973
4189028
4189456
4189978
4190908
4191547
4192492
4192881
4192889
4193412
4194081
4194767
4195593
4196285
4196940
4197937
4198255
4198934
4199914
4200551
4201373
4202360
4202810
4203076
4203579
4204388
4204608
4204707
4204729
4205648
4206055
4206883
4207299
4207651
4208579
4208804
4209189
4210061
4211017
4211283
4211864
4212080
4212844
4213713
4213832
4214268
4215256
4215449
4215897
4216246
4217060
4217411
4217933
4218535
4218631
4218805
4219786
4219848
4219924
4220027
4220167
4220735
4220798
4221485
4221485
4222155
4222374
4222575
4223326
4223529
4223684
4224158
4224598
4224693
4224826
4225100
4225686
4226484
4226680
4227210
4227210
4227917
4228515
4228978
4229661
4230536
4231173
4231794
4232485
4233340
4234093
4233806
4234633
4234737
4234890
4235268
4235283
4235634
4235878
4236729
4237147
4237232
4237469
4238226
4238613
4239080
4239291
4239487
4240337
4240783
4241058
4242009
4242195
4243074
4243793
4244577
4244639
4245565
4245719
4245891
4246791
4247323
4247374
4248309
4248461
4249216
4249517
4250094
4250445
4251230
4251598
4251755
4251755
4251949
4252015
4252903
4253831
4254830
4255485
4256314
4256732
4256912
4256955
4257019
4257810
4258259
4259229
4259592
4260486
4261061
4262059
4262392
4263084
4263754
4264582
4264919
4265189
4265590
4266325
4266630
4267597
4268220
4269089
4269646
4270065
4271052
4271497
4271519
4272358
4272513
4273154
4274005
4274099
4274518
4274730
4275406
4275517
4276419
4277079
4277223
4277704
4277734
4278255
4279232
4279396
4280202
4280504
4280645
4281330
4281640
4281984
4282650
4283405
4283665
4284201
4284407
4284997
4285594
4286272
4286908
4287809
4288397
4289311
4288610
4288662
4289144
4289907
4290634
4291050
4291872
4292239
4292451
4292788
4293184
4294132
4294373
4295032
4295656
4295793
4296287
4296936
4297413
4297491
4298185
4298993
4299383
4300202
4300517
4301214
4302173
4302981
4303340
4304010
4304714
4305339
4305453
4306110
4306589
4307119
4307750
4308045
4308565
4308854
4309187
4309707
4310472
4310570
4311391
4312006
4312638
4313485
4313537
4314448
4314619
4314983
4315504
4316472
4317125
4317793
4317836
4318403
4319280
4319675
4319939
4320140
4321050
4321189
4322004
4322558
4323174
4323621
4324287
4325169
4326139
4326859
4327466
4327812
4328156
4328858
4329466
4329752
4330018
4330440
4330502
4330912
4331773
4332325
4332440
4332541
4333059
4333569
4334379
4335217
4335467
4336139
4336524
4337196
4337559
4338293
4338870
4339182
4339354
4340205
4340325
4340413
4340510
4341270
4341692
4341114
4342012
4342386
4342524
4342826
4343695
4344124
4344535
4344871
4345817
4346584
4347582
4348443
4349016
4349809
4350762
4351709
4352596
4353436
4353519
4353971
4354916
4355022
4355783
4356068
4356153
4356913
4357800
4358594
4359319
4360051
4360450
4360865
4361359
4361980
4362250
4362913
4363847
4364692
4365470
4365493
4366460
4366727
4367441
4368234
4368389
4369243
4370205
4370868
4371497
4372285
4373080
4373232
4373747
4374480
4375120
4375528
4375528
4376337
4377198
4377205
4377726
4378629
4379056
4379597
4379945
4380081
4380610
4381560
4382299
4382698
4383569
4384098
4384532
4384955
4384999
4385899
4386189
4386970
4387168
4387173
4387396
4387359
4387710
4388459
4388158
4389150
4389873
4390320
4390861
4391182
4391609
4392012
4392596
4392675
4393386
4394290
4395046
4395937
4395950
4396888
4397294
4397829
4398681
4398967
4399642
4399855
4400746
4400936
4401882
4402853
4403216
4403950
4404212
4404941
4405154
4405856
4406089
4406529
4406873
4407780
4407883
4408844
4409319
4410308
4411028
4411586
4412362
4413178
4414161
4414519
4414848
4414902
4415853
4416064
4416208
4416859
4417417
4418057
4418134
4419104
4419553
4419718
4420352
4421028
4421129
4421313
4421523
4422190
4423051
4423137
4423701
4424150
4424306
4425235
4425710
4425966
4426530
4426649
4426855
4427444
4427453
4427622
4427996
4428905
4429412
4430015
4430993
4431973
4432409
4433352
4433937
4433642
4433934
4434286
4435135
4435374
4436168
4437028
4437079
4437245
4437245
4437935
4438567
4438825
4439614
4439724
4440133
4441116
4441501
4441668
4441966
4442450
4443428
4443616
4443898
4444369
4444442
4444889
4445647
4446544
4446908
4447472
4448152
4448427
4448904
4449195
4449862
4450237
4450790
4451141
4451403
4451650
4451947
4452353
4452477
4452864
4452957
4453281
4453902
4454858
4455696
4456016
4456948
4457571
4457891
4458387
4459280
4459700
4460147
4461136
4461379
4461629
4462522
4463459
4464077
4464366
4464827
4465580
4465965
4466512
4467393
4468140
4468940
4469933
4470793
4470793
4471126
4471287
4471697
4472004
4472384
4472615
4473519
4473643
4474184
4474697
4475009
4475010
4475297
4476199
4476665
4477305
4477910
4478394
4478961
4479229
4479934
4480251
4480389
4480997
4481243
4481311
4481708
4482517
4482817
4483374
4483450
4483874
4484464
4485158
4485877
4486678
4487020
4487134
4486847
4487075
4487238
4487343
4487783
4488537
4488799
4489562
4490202
4490636
4490725
4490820
4491311
4491751
4491750
4492742
4492815
4493677
4494038
4494964
4495665
4495777
4496386
4496535
4496935
4496977
4497446
4498291
4498738
4498836
4498260
4498724
4498933
4499346
4499982
4500042
4500062
4500858
4501249
4502010
4502529
4502874
4503156
4503193
4504032
4504036
4504542
4505458
4505906
4506730
4507024
4507514
4507884
4508379
4508537
4508620
4509034
4509527
4510313
4511208
4511752
4512020
4512854
4513568
4514308
4515109
4515870
4516658
4517178
4517231
4517582
4517813
4518118
4519068
4519262
4519525
4519911
4520817
4521039
4521523
4521617
4521996
4522274
4522439
4523374
4524294
4524781
4524907
4525507
4526045
4526618
4526933
4527560
4527996
4528520
4528563
4529102
4529470
4530328
4531059
4531564
4531716
4532443
4532617
4533607
4534283
4535178
4535739
4536051
4537019
4537214
4537635
4538328
4538722
4539220
4539590
4540130
4540336
4541320
4541588
4541744
4541901
4542582
4542984
4543601
4543788
4544337
4544869
4545693
4546211
4546798
4547708
4547824
4548665
4549388
4550377
4550812
4551277
4551649
4551983
4552713
4552770
4553509
4553627
4554258
4555068
4555759
4556145
4557069
4557869
4558837
4558859
4559715
4559783
4559840
4559889
4560740
4561210
4561701
4561848
4562102
4562673
4562928
4563750
4563813
4564468
4564694
4564864
4565025
4565236
4565427
4565549
4565847
4566068
4566234
4566333
4567297
4567560
4567689
4568396
4568562
4568956
4569380
4569490
4569859
4570054
4570811
4571115
4571442
4572164
4572625
4573302
4573437
4573883
4574730
4575436
4576137
4576792
4577203
4577345
4578049
4578589
4579555
4580222
4581066
4581535
4581868
4582342
4582854
4583560
4584495
4584566
4585446
4586361
4586741
4587187
4587222
4587715
4587884
4588498
4589295
4590289
4590485
4590996
4591400
4591680
4592081
4592925
4593533
4594009
4594925
4595377
4596274
4597003
4597545
4597607
4597705
4598017
4598863
4599556
4599960
4600728
4600863
4601699
4602024
4602186
4602746
4602903
4603103
4603560
4604354
4604583
4604734
4604934
4605907
4605696
4606037
4606644
4606059
4607022
4607906
4608579
4609092
4609657
4610398
4610657
4611597
4611645
4611733
4612093
4612515
4612966
4613481
4613618
4614217
4614265
4614334
4614469
4614572
4615546
4615815
4616470
4616556
4617471
4617898
4618669
4619090
4619392
4619880
4620404
4621086
4621814
4622726
4623187
4623900
4624124
4624960
4625949
4626633
4627274
4627887
4627938
4628838
4629318
4629355
4630323
4631246
4631249
4632092
4632707
4632876
4633531
4633923
4634548
4635244
4636062
4636102
4636293
4637213
4637977
4638811
4639558
4639693
4640528
4641203
4642073
4642910
4642979
4643027
4643701
4643983
4644151
4644838
4645417
4645608
4646450
4646782
4647186
4647497
4648180
4648363
4648887
4649485
4650458
4651106
4651858
4652708
4652870
4653396
4654162
4654691
4654691
4654986
4655071
4655594
4656386
4657369
4657575
4657935
4658578
4659407
4660097
4660978
4661026
4661288
4661889
4662722
4663299
4664230
4664511
4664825
4665096
4665144
4665375
4665748
4665748
4666657
4667541
4667690
4668143
4668277
4668915
4668915
4668943
4669898
4670638
4670658
4670912
4671740
4672710
4673274
4674097
4675036
4675102
4675900
4676606
4676725
4677086
4677961
4678338
4679263
4679864
4680614
4681119
4681751
4682077
4683067
4683693
4684067
4684785
4684818
4685314
4686138
4686345
4686613
4687503
4687675
4688306
4689209
4689606
4690349
4690861
4691018
4691018
4691573
4691945
4692183
4693104
4693284
4693675
4694438
4695178
4695403
4695684
4696662
4697122
4697699
4697986
4698640
4699160
4698735
4699575
4699664
4699822
4700533
4700845
4700878
4701384
4702294
4703005
4703723
4703993
4704741
4705194
4705784
4706369
4706900
4707207
4707932
4707958
4708863
4708865
4709062
4709700
4710486
4710488
4710739
4711519
4712063
4712562
4712844
4713576
4714546
4715280
4716157
4716187
4716248
4716992
4717704
4717932
4718684
4718739
4719096
4719301
4719764
4719917
4720742
4720902
4721018
4721325
4721500
4721646
4721647
4721835
4722576
4722900
4723446
4724178
4724519
4725269
4725927
4726810
4727594
4728570
4728628
4729277
4729921
4729970
4730342
4730881
4731169
4732038
4732987
4733754
4734481
4734538
4735443
4735623
4736480
4736940
4737490
4738283
4739275
4739450
4740186
4740546
4741532
4741954
4742702
4743126
4743905
4744440
4745011
4745078
4745188
4745990
4746871
4746918
4747171
4748103
4748699
4749526
4749653
4750483
4751173
4751385
4751392
4751674
4752176
4753003
4753345
4753932
4754693
4755542
4755616
4755980
4756403
4756804
4757583
4757869
4758285
4758704
4759424
4760111
4760491
4760496
4760926
4761864
4762113
4762195
4762705
4763494
4764371
4765318
4765862
4765866
4766728
4767518
4768380
4769089
4769667
4769787
4769828
4770420
4771012
4771602
4772081
4772368
4773358
4773869
4774679
4774955
4774966
4775018
4775411
4776149
4776690
4776907
4777057
4778020
4778577
4778767
4779133
4779280
4780041
4780689
4781683
4782168
4782974
4783545
4783582
4783422
4783504
4784379
4784419
4784799
4784910
4785495
4785507
4785540
4785640
4785739
4785997
4786881
4787830
4788796
4788887
4789624
4790094
4790215
4791040
4791669
4792619
4793611
4794491
4794995
4795295
4796010
4796113
4796729
4796793
4797126
4797804
4798314
4798590
4799360
4799481
4799609
4800104
4800434
4801405
4802000
4802719
4803157
4803365
4803600
4803888
4804081
4804460
4804644
4804690
4804736
4805468
4806045
4806311
4807172
4807495
4807878
4808363
4808540
4808865
4809591
4810271
4810295
4811021
4811873
4812275
4812896
4813238
4813731
4814370
4815347
4815888
4816113
4816988
4817139
4818112
4818642
4819631
4820232
4820834
4821468
4821781
4822064
4822177
4822318
4822771
4823584
4824308
4824569
4824877
4825358
4826262
4827027
4827374
4828291
4829231
4830130
4830485
4831233
4831405
4832349
4833111
4833356
4833904
4834830
4834830
4834854
4834984
4835230
4835942
4836816
4837352
4837353
4837772
4838648
4839353
4839964
4840450
4841448
4841937
4842346
4842504
4842919
4843296
4843948
4844723
4845156
4845262
4845890
4845919
4846457
4846505
4846679
4847114
4847858
4848311
4848311
4848779
4849458
4850368
4850570
4850693
4850962
4851095
4851604
4852586
4853126
4853165
4853801
4854213
4854444
4855129
4855747
4855841
4856585
4856730
4857616
4858568
4858806
4858831
4858903
4859608
4860344
4860609
4861404
4862148
4862363
4862715
4862746
4863570
4864170
4865152
4865231
4865359
4865881
4865904
4866083
4866321
4866586
4867469
4867812
4868790
4869615
4869615
4870221
4871153
4871972
4872910
4873087
4873167
4873927
4874177
4874301
4874868
4875105
4875950
4876095
4876682
4877526
4877767
4878620
4879565
4879983
4880823
4881141
4881894
4881958
4882731
4883606
4883993
4884435
4884883
4885765
4886378
4887203
4888001
4888056
4888765
4889374
4889833
4889854
4889990
4890926
4891459
4892314
4892429
4892736
4893652
4894236
4894832
4895144
4895365
4895766
4895964
4896371
4896486
4896545
4896756
4897274
4898124
4899046
4899854
4900534
4900841
4901539
4901988
4902445
4903029
4903791
4904089
